<?xml version="1.0" encoding="UTF-8"?>
<coverage generated="1618197516726" clover="3.2.0">
  <project timestamp="1618197516726" name="All files">
    <metrics statements="963" coveredstatements="730" conditionals="573" coveredconditionals="309" methods="191" coveredmethods="122" elements="1727" coveredelements="1161" complexity="0" loc="963" ncloc="963" packages="5" files="30" classes="30"/>
    <package name="browser.src">
      <metrics statements="204" coveredstatements="86" conditionals="106" coveredconditionals="25" methods="53" coveredmethods="18"/>
      <file name="handleEvents.ts" path="/Users/ks/Desktop/tryCatch/mitojs/packages/browser/src/handleEvents.ts">
        <metrics statements="45" coveredstatements="11" conditionals="23" coveredconditionals="5" methods="6" coveredmethods="1"/>
        <line num="1" count="2" type="stmt"/>
        <line num="2" count="2" type="stmt"/>
        <line num="3" count="2" type="stmt"/>
        <line num="6" count="2" type="stmt"/>
        <line num="11" count="2" type="cond" truecount="3" falsecount="0"/>
        <line num="12" count="2" type="stmt"/>
        <line num="13" count="2" type="stmt"/>
        <line num="19" count="2" type="cond" truecount="2" falsecount="0"/>
        <line num="20" count="1" type="stmt"/>
        <line num="26" count="1" type="stmt"/>
        <line num="33" count="0" type="stmt"/>
        <line num="34" count="0" type="cond" truecount="0" falsecount="2"/>
        <line num="36" count="0" type="stmt"/>
        <line num="37" count="0" type="stmt"/>
        <line num="43" count="0" type="stmt"/>
        <line num="46" count="0" type="stmt"/>
        <line num="48" count="0" type="cond" truecount="0" falsecount="4"/>
        <line num="49" count="0" type="stmt"/>
        <line num="52" count="0" type="cond" truecount="0" falsecount="2"/>
        <line num="53" count="0" type="stmt"/>
        <line num="54" count="0" type="stmt"/>
        <line num="60" count="0" type="stmt"/>
        <line num="63" count="0" type="stmt"/>
        <line num="64" count="0" type="cond" truecount="0" falsecount="2"/>
        <line num="65" count="0" type="stmt"/>
        <line num="66" count="0" type="stmt"/>
        <line num="67" count="0" type="cond" truecount="0" falsecount="2"/>
        <line num="68" count="0" type="stmt"/>
        <line num="69" count="0" type="stmt"/>
        <line num="71" count="0" type="stmt"/>
        <line num="78" count="0" type="stmt"/>
        <line num="88" count="0" type="stmt"/>
        <line num="89" count="0" type="stmt"/>
        <line num="90" count="0" type="stmt"/>
        <line num="91" count="0" type="stmt"/>
        <line num="102" count="0" type="stmt"/>
        <line num="103" count="0" type="stmt"/>
        <line num="104" count="0" type="stmt"/>
        <line num="105" count="0" type="stmt"/>
        <line num="116" count="0" type="stmt"/>
        <line num="124" count="0" type="cond" truecount="0" falsecount="2"/>
        <line num="125" count="0" type="stmt"/>
        <line num="130" count="0" type="stmt"/>
        <line num="136" count="0" type="stmt"/>
        <line num="140" count="2" type="stmt"/>
      </file>
      <file name="index.ts" path="/Users/ks/Desktop/tryCatch/mitojs/packages/browser/src/index.ts">
        <metrics statements="14" coveredstatements="14" conditionals="8" coveredconditionals="5" methods="5" coveredmethods="2"/>
        <line num="1" count="2" type="stmt"/>
        <line num="2" count="2" type="stmt"/>
        <line num="3" count="2" type="stmt"/>
        <line num="4" count="2" type="stmt"/>
        <line num="5" count="2" type="stmt"/>
        <line num="6" count="2" type="stmt"/>
        <line num="7" count="2" type="stmt"/>
        <line num="9" count="1" type="cond" truecount="1" falsecount="1"/>
        <line num="10" count="1" type="cond" truecount="3" falsecount="1"/>
        <line num="11" count="1" type="stmt"/>
        <line num="12" count="1" type="stmt"/>
        <line num="15" count="1" type="cond" truecount="1" falsecount="1"/>
        <line num="16" count="1" type="stmt"/>
        <line num="19" count="2" type="stmt"/>
      </file>
      <file name="load.ts" path="/Users/ks/Desktop/tryCatch/mitojs/packages/browser/src/load.ts">
        <metrics statements="24" coveredstatements="14" conditionals="2" coveredconditionals="0" methods="9" coveredmethods="1"/>
        <line num="1" count="2" type="stmt"/>
        <line num="2" count="2" type="stmt"/>
        <line num="3" count="2" type="stmt"/>
        <line num="4" count="2" type="stmt"/>
        <line num="5" count="2" type="stmt"/>
        <line num="6" count="2" type="stmt"/>
        <line num="7" count="1" type="stmt"/>
        <line num="9" count="0" type="stmt"/>
        <line num="13" count="1" type="stmt"/>
        <line num="15" count="0" type="stmt"/>
        <line num="19" count="1" type="stmt"/>
        <line num="21" count="0" type="stmt"/>
        <line num="25" count="1" type="stmt"/>
        <line num="27" count="0" type="stmt"/>
        <line num="31" count="1" type="stmt"/>
        <line num="33" count="0" type="stmt"/>
        <line num="38" count="1" type="stmt"/>
        <line num="40" count="0" type="stmt"/>
        <line num="44" count="1" type="stmt"/>
        <line num="46" count="0" type="stmt"/>
        <line num="47" count="0" type="cond" truecount="0" falsecount="2"/>
        <line num="48" count="0" type="stmt"/>
        <line num="58" count="1" type="stmt"/>
        <line num="60" count="0" type="stmt"/>
      </file>
      <file name="replace.ts" path="/Users/ks/Desktop/tryCatch/mitojs/packages/browser/src/replace.ts">
        <metrics statements="121" coveredstatements="47" conditionals="73" coveredconditionals="15" methods="33" coveredmethods="14"/>
        <line num="1" count="2" type="stmt"/>
        <line num="12" count="2" type="stmt"/>
        <line num="13" count="2" type="stmt"/>
        <line num="14" count="2" type="stmt"/>
        <line num="16" count="2" type="stmt"/>
        <line num="19" count="0" type="cond" truecount="0" falsecount="2"/>
        <line num="23" count="7" type="stmt"/>
        <line num="25" count="1" type="stmt"/>
        <line num="26" count="1" type="stmt"/>
        <line num="28" count="1" type="stmt"/>
        <line num="29" count="1" type="stmt"/>
        <line num="31" count="1" type="stmt"/>
        <line num="32" count="1" type="stmt"/>
        <line num="34" count="1" type="stmt"/>
        <line num="35" count="1" type="stmt"/>
        <line num="37" count="1" type="stmt"/>
        <line num="38" count="1" type="stmt"/>
        <line num="40" count="1" type="stmt"/>
        <line num="41" count="1" type="stmt"/>
        <line num="43" count="0" type="stmt"/>
        <line num="44" count="0" type="stmt"/>
        <line num="46" count="1" type="stmt"/>
        <line num="47" count="1" type="stmt"/>
        <line num="49" count="0" type="stmt"/>
        <line num="53" count="2" type="stmt"/>
        <line num="54" count="8" type="cond" truecount="2" falsecount="0"/>
        <line num="55" count="7" type="stmt"/>
        <line num="59" count="1" type="cond" truecount="1" falsecount="1"/>
        <line num="60" count="0" type="stmt"/>
        <line num="62" count="1" type="stmt"/>
        <line num="63" count="1" type="stmt"/>
        <line num="67" count="1" type="stmt"/>
        <line num="68" count="0" type="stmt"/>
        <line num="88" count="0" type="stmt"/>
        <line num="92" count="1" type="stmt"/>
        <line num="96" count="1" type="stmt"/>
        <line num="97" count="0" type="stmt"/>
        <line num="98" count="0" type="stmt"/>
        <line num="99" count="0" type="stmt"/>
        <line num="100" count="0" type="stmt"/>
        <line num="102" count="0" type="cond" truecount="0" falsecount="2"/>
        <line num="103" count="0" type="stmt"/>
        <line num="104" count="0" type="cond" truecount="0" falsecount="5"/>
        <line num="105" count="0" type="stmt"/>
        <line num="106" count="0" type="stmt"/>
        <line num="107" count="0" type="stmt"/>
        <line num="108" count="0" type="stmt"/>
        <line num="109" count="0" type="stmt"/>
        <line num="110" count="0" type="cond" truecount="0" falsecount="2"/>
        <line num="111" count="0" type="cond" truecount="0" falsecount="2"/>
        <line num="113" count="0" type="stmt"/>
        <line num="114" count="0" type="stmt"/>
        <line num="116" count="0" type="stmt"/>
        <line num="123" count="1" type="cond" truecount="1" falsecount="1"/>
        <line num="124" count="1" type="stmt"/>
        <line num="126" count="0" type="stmt"/>
        <line num="127" count="0" type="cond" truecount="0" falsecount="2"/>
        <line num="128" count="0" type="stmt"/>
        <line num="129" count="0" type="cond" truecount="0" falsecount="3"/>
        <line num="130" count="0" type="stmt"/>
        <line num="136" count="0" type="cond" truecount="0" falsecount="2"/>
        <line num="137" count="0" type="stmt"/>
        <line num="140" count="0" type="stmt"/>
        <line num="141" count="0" type="stmt"/>
        <line num="142" count="0" type="stmt"/>
        <line num="144" count="0" type="cond" truecount="0" falsecount="2"/>
        <line num="145" count="0" type="stmt"/>
        <line num="150" count="0" type="stmt"/>
        <line num="152" count="0" type="stmt"/>
        <line num="153" count="0" type="stmt"/>
        <line num="154" count="0" type="stmt"/>
        <line num="161" count="0" type="stmt"/>
        <line num="162" count="0" type="cond" truecount="0" falsecount="4"/>
        <line num="163" count="0" type="cond" truecount="0" falsecount="2"/>
        <line num="164" count="0" type="cond" truecount="0" falsecount="2"/>
        <line num="165" count="0" type="stmt"/>
        <line num="167" count="0" type="stmt"/>
        <line num="170" count="0" type="stmt"/>
        <line num="171" count="0" type="cond" truecount="0" falsecount="4"/>
        <line num="172" count="0" type="cond" truecount="0" falsecount="2"/>
        <line num="173" count="0" type="stmt"/>
        <line num="180" count="0" type="stmt"/>
        <line num="181" count="0" type="stmt"/>
        <line num="189" count="1" type="cond" truecount="1" falsecount="1"/>
        <line num="190" count="0" type="stmt"/>
        <line num="191" count="0" type="stmt"/>
        <line num="197" count="1" type="stmt"/>
        <line num="201" count="0" type="stmt"/>
        <line num="208" count="1" type="cond" truecount="1" falsecount="1"/>
        <line num="209" count="0" type="stmt"/>
        <line num="211" count="1" type="stmt"/>
        <line num="212" count="1" type="stmt"/>
        <line num="213" count="6" type="cond" truecount="1" falsecount="1"/>
        <line num="214" count="6" type="stmt"/>
        <line num="215" count="6" type="stmt"/>
        <line num="216" count="0" type="cond" truecount="0" falsecount="2"/>
        <line num="217" count="0" type="stmt"/>
        <line num="218" count="0" type="stmt"/>
        <line num="226" count="2" type="stmt"/>
        <line num="228" count="1" type="cond" truecount="1" falsecount="1"/>
        <line num="229" count="1" type="stmt"/>
        <line num="230" count="1" type="stmt"/>
        <line num="231" count="0" type="stmt"/>
        <line num="232" count="0" type="stmt"/>
        <line num="233" count="0" type="stmt"/>
        <line num="237" count="0" type="cond" truecount="0" falsecount="2"/>
        <line num="240" count="2" type="stmt"/>
        <line num="241" count="0" type="cond" truecount="0" falsecount="2"/>
        <line num="242" count="0" type="cond" truecount="0" falsecount="2"/>
        <line num="243" count="0" type="stmt"/>
        <line num="244" count="0" type="stmt"/>
        <line num="245" count="0" type="stmt"/>
        <line num="246" count="0" type="stmt"/>
        <line num="251" count="0" type="stmt"/>
        <line num="254" count="1" type="stmt"/>
        <line num="255" count="1" type="stmt"/>
        <line num="259" count="1" type="stmt"/>
        <line num="261" count="0" type="stmt"/>
        <line num="266" count="0" type="cond" truecount="0" falsecount="2"/>
        <line num="267" count="0" type="stmt"/>
        <line num="271" count="0" type="stmt"/>
      </file>
    </package>
    <package name="core.src">
      <metrics statements="294" coveredstatements="226" conditionals="194" coveredconditionals="103" methods="62" coveredmethods="35"/>
      <file name="breadcrumb.ts" path="/Users/ks/Desktop/tryCatch/mitojs/packages/core/src/breadcrumb.ts">
        <metrics statements="42" coveredstatements="41" conditionals="36" coveredconditionals="27" methods="10" coveredmethods="10"/>
        <line num="1" count="8" type="stmt"/>
        <line num="2" count="8" type="stmt"/>
        <line num="5" count="8" type="stmt"/>
        <line num="6" count="8" type="stmt"/>
        <line num="7" count="8" type="stmt"/>
        <line num="8" count="8" type="stmt"/>
        <line num="16" count="26" type="stmt"/>
        <line num="17" count="26" type="cond" truecount="2" falsecount="0"/>
        <line num="18" count="2" type="stmt"/>
        <line num="21" count="2" type="stmt"/>
        <line num="22" count="2" type="stmt"/>
        <line num="23" count="2" type="stmt"/>
        <line num="25" count="2" type="cond" truecount="2" falsecount="0"/>
        <line num="26" count="1" type="stmt"/>
        <line num="27" count="1" type="stmt"/>
        <line num="29" count="24" type="stmt"/>
        <line num="31" count="8" type="stmt"/>
        <line num="32" count="25" type="stmt"/>
        <line num="33" count="25" type="cond" truecount="2" falsecount="0"/>
        <line num="34" count="4" type="stmt"/>
        <line num="36" count="25" type="stmt"/>
        <line num="37" count="25" type="stmt"/>
        <line num="39" count="8" type="stmt"/>
        <line num="40" count="4" type="stmt"/>
        <line num="42" count="8" type="stmt"/>
        <line num="43" count="5" type="stmt"/>
        <line num="45" count="8" type="stmt"/>
        <line num="46" count="7" type="stmt"/>
        <line num="48" count="8" type="stmt"/>
        <line num="49" count="16" type="stmt"/>
        <line num="52" count="4" type="stmt"/>
        <line num="57" count="2" type="stmt"/>
        <line num="60" count="3" type="stmt"/>
        <line num="69" count="0" type="stmt"/>
        <line num="76" count="7" type="stmt"/>
        <line num="79" count="8" type="cond" truecount="1" falsecount="1"/>
        <line num="80" count="6" type="stmt"/>
        <line num="81" count="3" type="cond" truecount="2" falsecount="0"/>
        <line num="82" count="3" type="cond" truecount="2" falsecount="0"/>
        <line num="84" count="8" type="stmt"/>
        <line num="85" count="8" type="cond" truecount="2" falsecount="0"/>
        <line num="86" count="8" type="stmt"/>
      </file>
      <file name="errorId.ts" path="/Users/ks/Desktop/tryCatch/mitojs/packages/core/src/errorId.ts">
        <metrics statements="61" coveredstatements="47" conditionals="23" coveredconditionals="14" methods="11" coveredmethods="9"/>
        <line num="1" count="8" type="stmt"/>
        <line num="2" count="8" type="stmt"/>
        <line num="4" count="8" type="stmt"/>
        <line num="9" count="8" type="stmt"/>
        <line num="11" count="11" type="stmt"/>
        <line num="13" count="4" type="stmt"/>
        <line num="14" count="4" type="stmt"/>
        <line num="18" count="0" type="stmt"/>
        <line num="19" count="0" type="stmt"/>
        <line num="21" count="5" type="stmt"/>
        <line num="22" count="5" type="stmt"/>
        <line num="24" count="2" type="stmt"/>
        <line num="25" count="2" type="stmt"/>
        <line num="27" count="0" type="stmt"/>
        <line num="28" count="0" type="stmt"/>
        <line num="30" count="11" type="stmt"/>
        <line num="31" count="11" type="cond" truecount="2" falsecount="0"/>
        <line num="32" count="3" type="stmt"/>
        <line num="34" count="8" type="cond" truecount="2" falsecount="0"/>
        <line num="35" count="2" type="stmt"/>
        <line num="37" count="6" type="stmt"/>
        <line num="40" count="8" type="stmt"/>
        <line num="49" count="2" type="stmt"/>
        <line num="50" count="2" type="cond" truecount="2" falsecount="0"/>
        <line num="51" count="1" type="stmt"/>
        <line num="53" count="1" type="stmt"/>
        <line num="61" count="2" type="stmt"/>
        <line num="62" count="0" type="stmt"/>
        <line num="65" count="0" type="cond" truecount="0" falsecount="2"/>
        <line num="66" count="0" type="stmt"/>
        <line num="68" count="0" type="stmt"/>
        <line num="70" count="0" type="stmt"/>
        <line num="73" count="2" type="stmt"/>
        <line num="74" count="2" type="cond" truecount="1" falsecount="1"/>
        <line num="75" count="0" type="stmt"/>
        <line num="76" count="0" type="stmt"/>
        <line num="77" count="0" type="stmt"/>
        <line num="80" count="0" type="stmt"/>
        <line num="90" count="8" type="stmt"/>
        <line num="91" count="17" type="stmt"/>
        <line num="98" count="8" type="stmt"/>
        <line num="100" count="2" type="stmt"/>
        <line num="107" count="8" type="stmt"/>
        <line num="109" count="3" type="stmt"/>
        <line num="116" count="8" type="stmt"/>
        <line num="117" count="2" type="stmt"/>
        <line num="118" count="2" type="cond" truecount="2" falsecount="0"/>
        <line num="119" count="1" type="stmt"/>
        <line num="121" count="1" type="cond" truecount="1" falsecount="1"/>
        <line num="122" count="0" type="stmt"/>
        <line num="124" count="1" type="stmt"/>
        <line num="127" count="8" type="stmt"/>
        <line num="128" count="3" type="stmt"/>
        <line num="131" count="8" type="stmt"/>
        <line num="132" count="11" type="stmt"/>
        <line num="133" count="11" type="cond" truecount="1" falsecount="1"/>
        <line num="134" count="11" type="stmt"/>
        <line num="135" count="454" type="stmt"/>
        <line num="136" count="454" type="stmt"/>
        <line num="137" count="454" type="stmt"/>
        <line num="139" count="11" type="stmt"/>
      </file>
      <file name="external.ts" path="/Users/ks/Desktop/tryCatch/mitojs/packages/core/src/external.ts">
        <metrics statements="11" coveredstatements="10" conditionals="12" coveredconditionals="6" methods="1" coveredmethods="1"/>
        <line num="1" count="8" type="stmt"/>
        <line num="2" count="8" type="stmt"/>
        <line num="12" count="8" type="stmt"/>
        <line num="13" count="8" type="stmt"/>
        <line num="29" count="8" type="cond" truecount="4" falsecount="4"/>
        <line num="30" count="1" type="stmt"/>
        <line num="31" count="1" type="cond" truecount="1" falsecount="1"/>
        <line num="32" count="0" type="stmt"/>
        <line num="34" count="1" type="stmt"/>
        <line num="44" count="1" type="stmt"/>
        <line num="50" count="1" type="stmt"/>
      </file>
      <file name="index.ts" path="/Users/ks/Desktop/tryCatch/mitojs/packages/core/src/index.ts">
        <metrics statements="8" coveredstatements="8" conditionals="0" coveredconditionals="0" methods="0" coveredmethods="0"/>
        <line num="1" count="8" type="stmt"/>
        <line num="2" count="8" type="stmt"/>
        <line num="3" count="8" type="stmt"/>
        <line num="4" count="8" type="stmt"/>
        <line num="5" count="8" type="stmt"/>
        <line num="6" count="8" type="stmt"/>
        <line num="7" count="8" type="stmt"/>
        <line num="8" count="8" type="stmt"/>
      </file>
      <file name="options.ts" path="/Users/ks/Desktop/tryCatch/mitojs/packages/core/src/options.ts">
        <metrics statements="49" coveredstatements="49" conditionals="43" coveredconditionals="27" methods="16" coveredmethods="5"/>
        <line num="2" count="8" type="stmt"/>
        <line num="3" count="8" type="stmt"/>
        <line num="4" count="8" type="stmt"/>
        <line num="5" count="8" type="stmt"/>
        <line num="6" count="8" type="stmt"/>
        <line num="10" count="8" type="stmt"/>
        <line num="12" count="8" type="stmt"/>
        <line num="13" count="8" type="stmt"/>
        <line num="14" count="8" type="stmt"/>
        <line num="15" count="8" type="stmt"/>
        <line num="16" count="8" type="stmt"/>
        <line num="17" count="8" type="stmt"/>
        <line num="18" count="8" type="stmt"/>
        <line num="19" count="8" type="stmt"/>
        <line num="20" count="8" type="stmt"/>
        <line num="23" count="8" type="stmt"/>
        <line num="25" count="8" type="stmt"/>
        <line num="27" count="8" type="cond" truecount="1" falsecount="1"/>
        <line num="45" count="32" type="stmt"/>
        <line num="46" count="2" type="cond" truecount="1" falsecount="1"/>
        <line num="48" count="2" type="cond" truecount="1" falsecount="1"/>
        <line num="49" count="2" type="cond" truecount="1" falsecount="1"/>
        <line num="50" count="2" type="cond" truecount="1" falsecount="1"/>
        <line num="51" count="2" type="cond" truecount="1" falsecount="1"/>
        <line num="52" count="2" type="cond" truecount="1" falsecount="1"/>
        <line num="53" count="2" type="cond" truecount="1" falsecount="1"/>
        <line num="54" count="2" type="cond" truecount="1" falsecount="1"/>
        <line num="55" count="2" type="cond" truecount="1" falsecount="1"/>
        <line num="56" count="2" type="cond" truecount="1" falsecount="1"/>
        <line num="57" count="2" type="cond" truecount="1" falsecount="1"/>
        <line num="59" count="2" type="cond" truecount="1" falsecount="1"/>
        <line num="61" count="2" type="cond" truecount="2" falsecount="0"/>
        <line num="62" count="2" type="cond" truecount="1" falsecount="1"/>
        <line num="63" count="2" type="cond" truecount="1" falsecount="1"/>
        <line num="64" count="2" type="cond" truecount="2" falsecount="0"/>
        <line num="67" count="8" type="stmt"/>
        <line num="69" count="8" type="cond" truecount="2" falsecount="0"/>
        <line num="71" count="8" type="stmt"/>
        <line num="72" count="4" type="stmt"/>
        <line num="73" count="2" type="cond" truecount="5" falsecount="0"/>
        <line num="74" count="1" type="stmt"/>
        <line num="75" count="1" type="stmt"/>
        <line num="83" count="8" type="cond" truecount="1" falsecount="1"/>
        <line num="84" count="1" type="stmt"/>
        <line num="85" count="1" type="stmt"/>
        <line num="86" count="1" type="stmt"/>
        <line num="87" count="1" type="stmt"/>
        <line num="88" count="1" type="stmt"/>
        <line num="91" count="8" type="stmt"/>
      </file>
      <file name="subscribe.ts" path="/Users/ks/Desktop/tryCatch/mitojs/packages/core/src/subscribe.ts">
        <metrics statements="14" coveredstatements="13" conditionals="10" coveredconditionals="9" methods="5" coveredmethods="4"/>
        <line num="2" count="8" type="stmt"/>
        <line num="10" count="8" type="stmt"/>
        <line num="12" count="8" type="stmt"/>
        <line num="13" count="9" type="cond" truecount="4" falsecount="0"/>
        <line num="14" count="8" type="stmt"/>
        <line num="15" count="8" type="cond" truecount="2" falsecount="0"/>
        <line num="16" count="8" type="stmt"/>
        <line num="17" count="8" type="stmt"/>
        <line num="20" count="8" type="stmt"/>
        <line num="21" count="1" type="cond" truecount="3" falsecount="1"/>
        <line num="22" count="1" type="stmt"/>
        <line num="23" count="1" type="stmt"/>
        <line num="25" count="1" type="stmt"/>
        <line num="28" count="0" type="stmt"/>
      </file>
      <file name="transformData.ts" path="/Users/ks/Desktop/tryCatch/mitojs/packages/core/src/transformData.ts">
        <metrics statements="19" coveredstatements="17" conditionals="14" coveredconditionals="9" methods="3" coveredmethods="2"/>
        <line num="1" count="8" type="stmt"/>
        <line num="2" count="8" type="stmt"/>
        <line num="4" count="8" type="stmt"/>
        <line num="5" count="8" type="stmt"/>
        <line num="7" count="8" type="stmt"/>
        <line num="8" count="7" type="stmt"/>
        <line num="9" count="42" type="stmt"/>
        <line num="10" count="7" type="stmt"/>
        <line num="11" count="7" type="cond" truecount="2" falsecount="0"/>
        <line num="12" count="4" type="stmt"/>
        <line num="15" count="3" type="stmt"/>
        <line num="17" count="7" type="cond" truecount="2" falsecount="0"/>
        <line num="18" count="7" type="stmt"/>
        <line num="40" count="8" type="stmt"/>
        <line num="45" count="8" type="stmt"/>
        <line num="46" count="1" type="stmt"/>
        <line num="56" count="8" type="stmt"/>
        <line num="57" count="0" type="cond" truecount="0" falsecount="2"/>
        <line num="58" count="0" type="stmt"/>
      </file>
      <file name="transportData.ts" path="/Users/ks/Desktop/tryCatch/mitojs/packages/core/src/transportData.ts">
        <metrics statements="90" coveredstatements="41" conditionals="56" coveredconditionals="11" methods="16" coveredmethods="4"/>
        <line num="1" count="8" type="stmt"/>
        <line num="2" count="8" type="stmt"/>
        <line num="3" count="8" type="stmt"/>
        <line num="4" count="8" type="stmt"/>
        <line num="5" count="8" type="stmt"/>
        <line num="13" count="8" type="stmt"/>
        <line num="16" count="8" type="stmt"/>
        <line num="17" count="8" type="stmt"/>
        <line num="18" count="8" type="stmt"/>
        <line num="19" count="8" type="stmt"/>
        <line num="20" count="8" type="stmt"/>
        <line num="21" count="8" type="stmt"/>
        <line num="23" count="8" type="stmt"/>
        <line num="28" count="8" type="stmt"/>
        <line num="29" count="0" type="stmt"/>
        <line num="30" count="0" type="cond" truecount="0" falsecount="5"/>
        <line num="31" count="0" type="stmt"/>
        <line num="33" count="0" type="stmt"/>
        <line num="35" count="8" type="stmt"/>
        <line num="36" count="0" type="cond" truecount="0" falsecount="2"/>
        <line num="38" count="8" type="stmt"/>
        <line num="39" count="0" type="cond" truecount="0" falsecount="2"/>
        <line num="40" count="0" type="stmt"/>
        <line num="41" count="0" type="cond" truecount="0" falsecount="2"/>
        <line num="42" count="0" type="stmt"/>
        <line num="44" count="0" type="stmt"/>
        <line num="45" count="0" type="cond" truecount="0" falsecount="2"/>
        <line num="46" count="0" type="stmt"/>
        <line num="47" count="0" type="cond" truecount="0" falsecount="2"/>
        <line num="49" count="0" type="cond" truecount="0" falsecount="1"/>
        <line num="51" count="8" type="stmt"/>
        <line num="52" count="0" type="cond" truecount="0" falsecount="1"/>
        <line num="53" count="0" type="cond" truecount="0" falsecount="2"/>
        <line num="54" count="0" type="stmt"/>
        <line num="55" count="0" type="stmt"/>
        <line num="56" count="0" type="stmt"/>
        <line num="57" count="0" type="stmt"/>
        <line num="58" count="0" type="stmt"/>
        <line num="59" count="0" type="cond" truecount="0" falsecount="2"/>
        <line num="60" count="0" type="stmt"/>
        <line num="62" count="0" type="stmt"/>
        <line num="64" count="0" type="stmt"/>
        <line num="66" count="8" type="stmt"/>
        <line num="67" count="0" type="cond" truecount="0" falsecount="1"/>
        <line num="68" count="0" type="cond" truecount="0" falsecount="2"/>
        <line num="69" count="0" type="stmt"/>
        <line num="70" count="0" type="stmt"/>
        <line num="79" count="0" type="stmt"/>
        <line num="81" count="8" type="stmt"/>
        <line num="82" count="0" type="stmt"/>
        <line num="83" count="0" type="stmt"/>
        <line num="90" count="8" type="stmt"/>
        <line num="91" count="0" type="stmt"/>
        <line num="93" count="8" type="stmt"/>
        <line num="94" count="0" type="cond" truecount="0" falsecount="2"/>
        <line num="95" count="0" type="stmt"/>
        <line num="96" count="0" type="cond" truecount="0" falsecount="4"/>
        <line num="97" count="0" type="stmt"/>
        <line num="99" count="0" type="stmt"/>
        <line num="102" count="0" type="stmt"/>
        <line num="104" count="8" type="stmt"/>
        <line num="105" count="0" type="stmt"/>
        <line num="113" count="8" type="stmt"/>
        <line num="114" count="0" type="stmt"/>
        <line num="116" count="8" type="cond" truecount="1" falsecount="1"/>
        <line num="117" count="6" type="stmt"/>
        <line num="118" count="1" type="cond" truecount="1" falsecount="1"/>
        <line num="119" count="1" type="cond" truecount="1" falsecount="1"/>
        <line num="120" count="1" type="cond" truecount="1" falsecount="1"/>
        <line num="121" count="1" type="cond" truecount="1" falsecount="1"/>
        <line num="122" count="1" type="cond" truecount="1" falsecount="1"/>
        <line num="123" count="1" type="cond" truecount="1" falsecount="1"/>
        <line num="130" count="8" type="stmt"/>
        <line num="131" count="2" type="stmt"/>
        <line num="132" count="2" type="cond" truecount="1" falsecount="1"/>
        <line num="133" count="2" type="stmt"/>
        <line num="134" count="2" type="cond" truecount="1" falsecount="1"/>
        <line num="135" count="2" type="stmt"/>
        <line num="136" count="2" type="stmt"/>
        <line num="139" count="0" type="stmt"/>
        <line num="140" count="0" type="cond" truecount="0" falsecount="2"/>
        <line num="141" count="0" type="stmt"/>
        <line num="142" count="0" type="stmt"/>
        <line num="145" count="0" type="cond" truecount="0" falsecount="2"/>
        <line num="146" count="0" type="stmt"/>
        <line num="148" count="0" type="cond" truecount="0" falsecount="2"/>
        <line num="149" count="0" type="stmt"/>
        <line num="152" count="8" type="stmt"/>
        <line num="153" count="8" type="cond" truecount="2" falsecount="0"/>
        <line num="154" count="8" type="stmt"/>
      </file>
    </package>
    <package name="shared.src">
      <metrics statements="87" coveredstatements="87" conditionals="18" coveredconditionals="18" methods="9" coveredmethods="9"/>
      <file name="config.ts" path="/Users/ks/Desktop/tryCatch/mitojs/packages/shared/src/config.ts">
        <metrics statements="2" coveredstatements="2" conditionals="0" coveredconditionals="0" methods="0" coveredmethods="0"/>
        <line num="1" count="16" type="stmt"/>
        <line num="2" count="16" type="stmt"/>
      </file>
      <file name="constant.ts" path="/Users/ks/Desktop/tryCatch/mitojs/packages/shared/src/constant.ts">
        <metrics statements="83" coveredstatements="83" conditionals="18" coveredconditionals="18" methods="9" coveredmethods="9"/>
        <line num="5" count="16" type="cond" truecount="2" falsecount="0"/>
        <line num="6" count="16" type="stmt"/>
        <line num="7" count="16" type="stmt"/>
        <line num="8" count="16" type="stmt"/>
        <line num="9" count="16" type="stmt"/>
        <line num="10" count="16" type="stmt"/>
        <line num="11" count="16" type="stmt"/>
        <line num="12" count="16" type="stmt"/>
        <line num="13" count="16" type="stmt"/>
        <line num="14" count="16" type="stmt"/>
        <line num="15" count="16" type="stmt"/>
        <line num="18" count="16" type="cond" truecount="2" falsecount="0"/>
        <line num="19" count="16" type="stmt"/>
        <line num="20" count="16" type="stmt"/>
        <line num="21" count="16" type="stmt"/>
        <line num="22" count="16" type="stmt"/>
        <line num="23" count="16" type="stmt"/>
        <line num="24" count="16" type="stmt"/>
        <line num="27" count="16" type="cond" truecount="2" falsecount="0"/>
        <line num="28" count="16" type="stmt"/>
        <line num="29" count="16" type="stmt"/>
        <line num="30" count="16" type="stmt"/>
        <line num="31" count="16" type="stmt"/>
        <line num="32" count="16" type="stmt"/>
        <line num="35" count="16" type="cond" truecount="2" falsecount="0"/>
        <line num="36" count="16" type="stmt"/>
        <line num="37" count="16" type="stmt"/>
        <line num="38" count="16" type="stmt"/>
        <line num="39" count="16" type="stmt"/>
        <line num="40" count="16" type="stmt"/>
        <line num="41" count="16" type="stmt"/>
        <line num="42" count="16" type="stmt"/>
        <line num="47" count="16" type="stmt"/>
        <line num="58" count="16" type="cond" truecount="2" falsecount="0"/>
        <line num="59" count="16" type="stmt"/>
        <line num="60" count="16" type="stmt"/>
        <line num="61" count="16" type="stmt"/>
        <line num="62" count="16" type="stmt"/>
        <line num="63" count="16" type="stmt"/>
        <line num="64" count="16" type="stmt"/>
        <line num="65" count="16" type="stmt"/>
        <line num="66" count="16" type="stmt"/>
        <line num="67" count="16" type="stmt"/>
        <line num="68" count="16" type="stmt"/>
        <line num="70" count="16" type="stmt"/>
        <line num="72" count="16" type="stmt"/>
        <line num="73" count="16" type="stmt"/>
        <line num="74" count="16" type="stmt"/>
        <line num="75" count="16" type="stmt"/>
        <line num="76" count="16" type="stmt"/>
        <line num="77" count="16" type="stmt"/>
        <line num="78" count="16" type="stmt"/>
        <line num="79" count="16" type="stmt"/>
        <line num="82" count="16" type="stmt"/>
        <line num="83" count="16" type="stmt"/>
        <line num="89" count="16" type="cond" truecount="2" falsecount="0"/>
        <line num="90" count="16" type="stmt"/>
        <line num="91" count="16" type="stmt"/>
        <line num="92" count="16" type="stmt"/>
        <line num="93" count="16" type="stmt"/>
        <line num="94" count="16" type="stmt"/>
        <line num="99" count="16" type="cond" truecount="2" falsecount="0"/>
        <line num="100" count="16" type="stmt"/>
        <line num="101" count="16" type="stmt"/>
        <line num="102" count="16" type="stmt"/>
        <line num="103" count="16" type="stmt"/>
        <line num="104" count="16" type="stmt"/>
        <line num="105" count="16" type="stmt"/>
        <line num="106" count="16" type="stmt"/>
        <line num="107" count="16" type="stmt"/>
        <line num="108" count="16" type="stmt"/>
        <line num="109" count="16" type="stmt"/>
        <line num="111" count="16" type="stmt"/>
        <line num="114" count="16" type="cond" truecount="2" falsecount="0"/>
        <line num="115" count="16" type="stmt"/>
        <line num="116" count="16" type="stmt"/>
        <line num="119" count="16" type="cond" truecount="2" falsecount="0"/>
        <line num="120" count="16" type="stmt"/>
        <line num="121" count="16" type="stmt"/>
        <line num="122" count="16" type="stmt"/>
        <line num="125" count="16" type="stmt"/>
        <line num="126" count="16" type="stmt"/>
        <line num="130" count="16" type="stmt"/>
      </file>
      <file name="index.ts" path="/Users/ks/Desktop/tryCatch/mitojs/packages/shared/src/index.ts">
        <metrics statements="2" coveredstatements="2" conditionals="0" coveredconditionals="0" methods="0" coveredmethods="0"/>
        <line num="1" count="16" type="stmt"/>
        <line num="2" count="16" type="stmt"/>
      </file>
    </package>
    <package name="types.src">
      <metrics statements="19" coveredstatements="19" conditionals="4" coveredconditionals="4" methods="3" coveredmethods="3"/>
      <file name="index.ts" path="/Users/ks/Desktop/tryCatch/mitojs/packages/types/src/index.ts">
        <metrics statements="6" coveredstatements="6" conditionals="0" coveredconditionals="0" methods="0" coveredmethods="0"/>
        <line num="1" count="8" type="stmt"/>
        <line num="2" count="8" type="stmt"/>
        <line num="3" count="8" type="stmt"/>
        <line num="4" count="8" type="stmt"/>
        <line num="5" count="8" type="stmt"/>
        <line num="6" count="8" type="stmt"/>
      </file>
      <file name="options.ts" path="/Users/ks/Desktop/tryCatch/mitojs/packages/types/src/options.ts">
        <metrics statements="5" coveredstatements="5" conditionals="2" coveredconditionals="2" methods="1" coveredmethods="1"/>
        <line num="8" count="8" type="cond" truecount="2" falsecount="0"/>
        <line num="9" count="8" type="stmt"/>
        <line num="10" count="8" type="stmt"/>
        <line num="11" count="8" type="stmt"/>
        <line num="12" count="8" type="stmt"/>
      </file>
      <file name="track.ts" path="/Users/ks/Desktop/tryCatch/mitojs/packages/types/src/track.ts">
        <metrics statements="6" coveredstatements="6" conditionals="2" coveredconditionals="2" methods="1" coveredmethods="1"/>
        <line num="1" count="8" type="cond" truecount="2" falsecount="0"/>
        <line num="3" count="8" type="stmt"/>
        <line num="5" count="8" type="stmt"/>
        <line num="7" count="8" type="stmt"/>
        <line num="9" count="8" type="stmt"/>
        <line num="11" count="8" type="stmt"/>
      </file>
      <file name="transportData.ts" path="/Users/ks/Desktop/tryCatch/mitojs/packages/types/src/transportData.ts">
        <metrics statements="2" coveredstatements="2" conditionals="0" coveredconditionals="0" methods="1" coveredmethods="1"/>
        <line num="69" count="8" type="stmt"/>
        <line num="70" count="2" type="stmt"/>
      </file>
    </package>
    <package name="utils.src">
      <metrics statements="359" coveredstatements="312" conditionals="251" coveredconditionals="159" methods="64" coveredmethods="57"/>
      <file name="Severity.ts" path="/Users/ks/Desktop/tryCatch/mitojs/packages/utils/src/Severity.ts">
        <metrics statements="18" coveredstatements="18" conditionals="16" coveredconditionals="15" methods="3" coveredmethods="3"/>
        <line num="2" count="16" type="cond" truecount="2" falsecount="0"/>
        <line num="3" count="16" type="stmt"/>
        <line num="4" count="16" type="stmt"/>
        <line num="5" count="16" type="stmt"/>
        <line num="6" count="16" type="stmt"/>
        <line num="7" count="16" type="stmt"/>
        <line num="9" count="16" type="stmt"/>
        <line num="10" count="16" type="stmt"/>
        <line num="11" count="16" type="stmt"/>
        <line num="12" count="16" type="stmt"/>
        <line num="16" count="16" type="cond" truecount="1" falsecount="1"/>
        <line num="23" count="16" type="stmt"/>
        <line num="24" count="13" type="stmt"/>
        <line num="26" count="1" type="stmt"/>
        <line num="30" count="3" type="stmt"/>
        <line num="33" count="2" type="stmt"/>
        <line num="39" count="6" type="stmt"/>
        <line num="41" count="1" type="stmt"/>
      </file>
      <file name="browser.ts" path="/Users/ks/Desktop/tryCatch/mitojs/packages/utils/src/browser.ts">
        <metrics statements="74" coveredstatements="58" conditionals="75" coveredconditionals="35" methods="4" coveredmethods="4"/>
        <line num="1" count="16" type="stmt"/>
        <line num="2" count="16" type="stmt"/>
        <line num="3" count="16" type="stmt"/>
        <line num="11" count="16" type="stmt"/>
        <line num="12" count="2" type="stmt"/>
        <line num="13" count="2" type="cond" truecount="2" falsecount="0"/>
        <line num="14" count="1" type="stmt"/>
        <line num="16" count="1" type="stmt"/>
        <line num="17" count="1" type="cond" truecount="1" falsecount="1"/>
        <line num="18" count="1" type="cond" truecount="1" falsecount="1"/>
        <line num="19" count="1" type="stmt"/>
        <line num="20" count="1" type="cond" truecount="1" falsecount="1"/>
        <line num="27" count="16" type="stmt"/>
        <line num="35" count="2" type="cond" truecount="2" falsecount="0"/>
        <line num="36" count="1" type="stmt"/>
        <line num="39" count="1" type="stmt"/>
        <line num="41" count="1" type="cond" truecount="1" falsecount="1"/>
        <line num="42" count="0" type="stmt"/>
        <line num="45" count="1" type="cond" truecount="1" falsecount="1"/>
        <line num="46" count="1" type="cond" truecount="2" falsecount="0"/>
        <line num="47" count="1" type="stmt"/>
        <line num="55" count="16" type="cond" truecount="1" falsecount="1"/>
        <line num="56" count="1" type="stmt"/>
        <line num="57" count="1" type="stmt"/>
        <line num="58" count="1" type="stmt"/>
        <line num="59" count="1" type="stmt"/>
        <line num="60" count="1" type="stmt"/>
        <line num="61" count="1" type="stmt"/>
        <line num="62" count="1" type="stmt"/>
        <line num="63" count="1" type="stmt"/>
        <line num="64" count="1" type="stmt"/>
        <line num="66" count="1" type="stmt"/>
        <line num="67" count="1" type="stmt"/>
        <line num="68" count="1" type="stmt"/>
        <line num="70" count="1" type="stmt"/>
        <line num="72" count="1" type="stmt"/>
        <line num="80" count="16" type="stmt"/>
        <line num="81" count="1" type="stmt"/>
        <line num="88" count="1" type="cond" truecount="3" falsecount="1"/>
        <line num="89" count="0" type="stmt"/>
        <line num="92" count="1" type="stmt"/>
        <line num="93" count="1" type="stmt"/>
        <line num="94" count="1" type="stmt"/>
        <line num="96" count="1" type="stmt"/>
        <line num="97" count="1" type="stmt"/>
        <line num="98" count="1" type="stmt"/>
        <line num="99" count="1" type="stmt"/>
        <line num="104" count="1" type="stmt"/>
        <line num="105" count="8" type="cond" truecount="2" falsecount="0"/>
        <line num="106" count="4" type="cond" truecount="2" falsecount="0"/>
        <line num="107" count="4" type="cond" truecount="2" falsecount="0"/>
        <line num="108" count="4" type="cond" truecount="2" falsecount="2"/>
        <line num="110" count="0" type="stmt"/>
        <line num="111" count="0" type="stmt"/>
        <line num="112" count="0" type="stmt"/>
        <line num="114" count="4" type="stmt"/>
        <line num="121" count="4" type="cond" truecount="1" falsecount="1"/>
        <line num="122" count="0" type="stmt"/>
        <line num="129" count="4" type="cond" truecount="1" falsecount="1"/>
        <line num="130" count="0" type="cond" truecount="0" falsecount="2"/>
        <line num="131" count="0" type="cond" truecount="0" falsecount="4"/>
        <line num="133" count="0" type="stmt"/>
        <line num="134" count="0" type="stmt"/>
        <line num="135" count="0" type="stmt"/>
        <line num="136" count="0" type="cond" truecount="0" falsecount="5"/>
        <line num="141" count="0" type="stmt"/>
        <line num="143" count="0" type="stmt"/>
        <line num="151" count="4" type="stmt"/>
        <line num="154" count="4" type="cond" truecount="2" falsecount="2"/>
        <line num="155" count="0" type="stmt"/>
        <line num="158" count="4" type="stmt"/>
        <line num="161" count="1" type="cond" truecount="1" falsecount="1"/>
        <line num="162" count="0" type="stmt"/>
        <line num="164" count="1" type="stmt"/>
      </file>
      <file name="exception.ts" path="/Users/ks/Desktop/tryCatch/mitojs/packages/utils/src/exception.ts">
        <metrics statements="6" coveredstatements="6" conditionals="2" coveredconditionals="1" methods="1" coveredmethods="1"/>
        <line num="8" count="16" type="stmt"/>
        <line num="9" count="3" type="stmt"/>
        <line num="10" count="3" type="stmt"/>
        <line num="12" count="1" type="stmt"/>
        <line num="13" count="1" type="cond" truecount="1" falsecount="1"/>
        <line num="14" count="1" type="stmt"/>
      </file>
      <file name="global.ts" path="/Users/ks/Desktop/tryCatch/mitojs/packages/utils/src/global.ts">
        <metrics statements="26" coveredstatements="24" conditionals="32" coveredconditionals="19" methods="5" coveredmethods="5"/>
        <line num="4" count="16" type="stmt"/>
        <line num="24" count="16" type="cond" truecount="1" falsecount="1"/>
        <line num="26" count="16" type="stmt"/>
        <line num="30" count="16" type="cond" truecount="1" falsecount="1"/>
        <line num="36" count="16" type="stmt"/>
        <line num="37" count="17" type="cond" truecount="1" falsecount="1"/>
        <line num="38" count="0" type="cond" truecount="0" falsecount="2"/>
        <line num="39" count="0" type="cond" truecount="0" falsecount="2"/>
        <line num="42" count="16" type="stmt"/>
        <line num="43" count="16" type="stmt"/>
        <line num="45" count="16" type="stmt"/>
        <line num="47" count="16" type="cond" truecount="2" falsecount="0"/>
        <line num="48" count="16" type="stmt"/>
        <line num="49" count="16" type="stmt"/>
        <line num="50" count="23" type="cond" truecount="2" falsecount="0"/>
        <line num="51" count="22" type="stmt"/>
        <line num="54" count="16" type="stmt"/>
        <line num="55" count="11" type="cond" truecount="2" falsecount="0"/>
        <line num="63" count="16" type="stmt"/>
        <line num="64" count="17" type="cond" truecount="2" falsecount="0"/>
        <line num="65" count="17" type="stmt"/>
        <line num="68" count="16" type="stmt"/>
        <line num="72" count="1" type="stmt"/>
        <line num="74" count="1" type="cond" truecount="1" falsecount="2"/>
        <line num="75" count="1" type="cond" truecount="3" falsecount="0"/>
        <line num="77" count="1" type="cond" truecount="2" falsecount="0"/>
      </file>
      <file name="helpers.ts" path="/Users/ks/Desktop/tryCatch/mitojs/packages/utils/src/helpers.ts">
        <metrics statements="105" coveredstatements="89" conditionals="67" coveredconditionals="46" methods="24" coveredmethods="20"/>
        <line num="2" count="16" type="stmt"/>
        <line num="3" count="16" type="stmt"/>
        <line num="4" count="16" type="stmt"/>
        <line num="6" count="16" type="stmt"/>
        <line num="7" count="17" type="cond" truecount="3" falsecount="1"/>
        <line num="8" count="17" type="stmt"/>
        <line num="24" count="16" type="stmt"/>
        <line num="28" count="5" type="cond" truecount="2" falsecount="0"/>
        <line num="30" count="3" type="stmt"/>
        <line num="41" count="22" type="cond" truecount="1" falsecount="1"/>
        <line num="42" count="11" type="cond" truecount="1" falsecount="1"/>
        <line num="43" count="11" type="cond" truecount="2" falsecount="2"/>
        <line num="44" count="11" type="stmt"/>
        <line num="45" count="11" type="stmt"/>
        <line num="46" count="11" type="cond" truecount="1" falsecount="1"/>
        <line num="47" count="11" type="stmt"/>
        <line num="66" count="16" type="stmt"/>
        <line num="72" count="16" type="stmt"/>
        <line num="73" count="3" type="cond" truecount="4" falsecount="0"/>
        <line num="74" count="2" type="stmt"/>
        <line num="76" count="1" type="cond" truecount="1" falsecount="1"/>
        <line num="109" count="16" type="stmt"/>
        <line num="110" count="3" type="stmt"/>
        <line num="111" count="10" type="stmt"/>
        <line num="112" count="5" type="cond" truecount="2" falsecount="0"/>
        <line num="113" count="2" type="stmt"/>
        <line num="114" count="2" type="stmt"/>
        <line num="115" count="2" type="stmt"/>
        <line num="116" count="1" type="stmt"/>
        <line num="125" count="16" type="stmt"/>
        <line num="126" count="31" type="stmt"/>
        <line num="129" count="16" type="stmt"/>
        <line num="130" count="46" type="stmt"/>
        <line num="133" count="16" type="stmt"/>
        <line num="134" count="10" type="stmt"/>
        <line num="137" count="16" type="stmt"/>
        <line num="138" count="43" type="cond" truecount="2" falsecount="0"/>
        <line num="139" count="37" type="cond" truecount="2" falsecount="0"/>
        <line num="140" count="37" type="stmt"/>
        <line num="143" count="16" type="stmt"/>
        <line num="144" count="7" type="cond" truecount="2" falsecount="0"/>
        <line num="145" count="4" type="cond" truecount="2" falsecount="0"/>
        <line num="146" count="4" type="stmt"/>
        <line num="149" count="16" type="stmt"/>
        <line num="150" count="3" type="stmt"/>
        <line num="151" count="3" type="stmt"/>
        <line num="152" count="3" type="stmt"/>
        <line num="155" count="16" type="stmt"/>
        <line num="156" count="3" type="stmt"/>
        <line num="157" count="3" type="stmt"/>
        <line num="158" count="93" type="stmt"/>
        <line num="159" count="93" type="stmt"/>
        <line num="160" count="93" type="cond" truecount="2" falsecount="0"/>
        <line num="162" count="3" type="stmt"/>
        <line num="165" count="16" type="stmt"/>
        <line num="166" count="7" type="cond" truecount="2" falsecount="0"/>
        <line num="167" count="3" type="stmt"/>
        <line num="169" count="4" type="cond" truecount="2" falsecount="0"/>
        <line num="170" count="1" type="stmt"/>
        <line num="172" count="3" type="stmt"/>
        <line num="175" count="16" type="stmt"/>
        <line num="176" count="3" type="stmt"/>
        <line num="179" count="16" type="stmt"/>
        <line num="180" count="0" type="cond" truecount="0" falsecount="3"/>
        <line num="188" count="16" type="stmt"/>
        <line num="189" count="0" type="stmt"/>
        <line num="190" count="0" type="stmt"/>
        <line num="191" count="0" type="stmt"/>
        <line num="193" count="0" type="cond" truecount="0" falsecount="2"/>
        <line num="194" count="0" type="stmt"/>
        <line num="196" count="0" type="stmt"/>
        <line num="198" count="0" type="stmt"/>
        <line num="201" count="16" type="stmt"/>
        <line num="202" count="2" type="cond" truecount="1" falsecount="1"/>
        <line num="203" count="2" type="cond" truecount="1" falsecount="1"/>
        <line num="205" count="0" type="stmt"/>
        <line num="213" count="16" type="stmt"/>
        <line num="214" count="0" type="cond" truecount="0" falsecount="2"/>
        <line num="215" count="0" type="stmt"/>
        <line num="217" count="0" type="stmt"/>
        <line num="218" count="0" type="cond" truecount="0" falsecount="2"/>
        <line num="219" count="0" type="stmt"/>
        <line num="221" count="0" type="stmt"/>
        <line num="222" count="0" type="stmt"/>
        <line num="229" count="16" type="stmt"/>
        <line num="230" count="1" type="stmt"/>
        <line num="231" count="1" type="cond" truecount="1" falsecount="1"/>
        <line num="232" count="1" type="cond" truecount="1" falsecount="1"/>
        <line num="233" count="1" type="stmt"/>
        <line num="235" count="1" type="stmt"/>
        <line num="236" count="1" type="stmt"/>
        <line num="237" count="1" type="stmt"/>
        <line num="238" count="1" type="stmt"/>
        <line num="239" count="3" type="stmt"/>
        <line num="240" count="3" type="stmt"/>
        <line num="241" count="3" type="stmt"/>
        <line num="243" count="3" type="stmt"/>
        <line num="244" count="3" type="stmt"/>
        <line num="245" count="3" type="cond" truecount="2" falsecount="0"/>
        <line num="247" count="1" type="stmt"/>
        <line num="250" count="3" type="cond" truecount="4" falsecount="0"/>
        <line num="251" count="3" type="cond" truecount="3" falsecount="1"/>
        <line num="252" count="3" type="stmt"/>
        <line num="253" count="3" type="stmt"/>
        <line num="261" count="1" type="stmt"/>
      </file>
      <file name="httpStatus.ts" path="/Users/ks/Desktop/tryCatch/mitojs/packages/utils/src/httpStatus.ts">
        <metrics statements="37" coveredstatements="37" conditionals="23" coveredconditionals="23" methods="2" coveredmethods="2"/>
        <line num="2" count="16" type="cond" truecount="2" falsecount="0"/>
        <line num="4" count="16" type="stmt"/>
        <line num="6" count="16" type="stmt"/>
        <line num="8" count="16" type="stmt"/>
        <line num="10" count="16" type="stmt"/>
        <line num="12" count="16" type="stmt"/>
        <line num="14" count="16" type="stmt"/>
        <line num="16" count="16" type="stmt"/>
        <line num="18" count="16" type="stmt"/>
        <line num="20" count="16" type="stmt"/>
        <line num="22" count="16" type="stmt"/>
        <line num="24" count="16" type="stmt"/>
        <line num="26" count="16" type="stmt"/>
        <line num="28" count="16" type="stmt"/>
        <line num="30" count="16" type="stmt"/>
        <line num="32" count="16" type="stmt"/>
        <line num="34" count="16" type="stmt"/>
        <line num="36" count="16" type="stmt"/>
        <line num="39" count="16" type="stmt"/>
        <line num="40" count="19" type="cond" truecount="2" falsecount="0"/>
        <line num="41" count="4" type="stmt"/>
        <line num="44" count="15" type="cond" truecount="4" falsecount="0"/>
        <line num="45" count="10" type="stmt"/>
        <line num="47" count="1" type="stmt"/>
        <line num="49" count="1" type="stmt"/>
        <line num="51" count="1" type="stmt"/>
        <line num="53" count="1" type="stmt"/>
        <line num="55" count="1" type="stmt"/>
        <line num="57" count="3" type="stmt"/>
        <line num="59" count="2" type="stmt"/>
        <line num="63" count="5" type="cond" truecount="4" falsecount="0"/>
        <line num="64" count="4" type="stmt"/>
        <line num="66" count="1" type="stmt"/>
        <line num="68" count="1" type="stmt"/>
        <line num="70" count="1" type="stmt"/>
        <line num="72" count="1" type="stmt"/>
        <line num="76" count="1" type="stmt"/>
      </file>
      <file name="index.ts" path="/Users/ks/Desktop/tryCatch/mitojs/packages/utils/src/index.ts">
        <metrics statements="10" coveredstatements="10" conditionals="0" coveredconditionals="0" methods="0" coveredmethods="0"/>
        <line num="1" count="16" type="stmt"/>
        <line num="2" count="16" type="stmt"/>
        <line num="3" count="16" type="stmt"/>
        <line num="4" count="16" type="stmt"/>
        <line num="5" count="16" type="stmt"/>
        <line num="6" count="16" type="stmt"/>
        <line num="7" count="16" type="stmt"/>
        <line num="8" count="16" type="stmt"/>
        <line num="9" count="16" type="stmt"/>
        <line num="10" count="16" type="stmt"/>
      </file>
      <file name="is.ts" path="/Users/ks/Desktop/tryCatch/mitojs/packages/utils/src/is.ts">
        <metrics statements="20" coveredstatements="15" conditionals="10" coveredconditionals="5" methods="7" coveredmethods="6"/>
        <line num="1" count="16" type="stmt"/>
        <line num="3" count="176" type="stmt"/>
        <line num="4" count="68" type="stmt"/>
        <line num="12" count="16" type="stmt"/>
        <line num="33" count="16" type="stmt"/>
        <line num="34" count="1" type="stmt"/>
        <line num="36" count="0" type="stmt"/>
        <line num="38" count="0" type="stmt"/>
        <line num="40" count="0" type="stmt"/>
        <line num="42" count="1" type="stmt"/>
        <line num="50" count="16" type="stmt"/>
        <line num="51" count="0" type="cond" truecount="0" falsecount="2"/>
        <line num="54" count="16" type="stmt"/>
        <line num="55" count="7" type="cond" truecount="4" falsecount="0"/>
        <line num="76" count="16" type="stmt"/>
        <line num="77" count="1" type="stmt"/>
        <line num="79" count="1" type="stmt"/>
        <line num="81" count="0" type="stmt"/>
        <line num="85" count="16" type="stmt"/>
        <line num="86" count="1" type="stmt"/>
      </file>
      <file name="logger.ts" path="/Users/ks/Desktop/tryCatch/mitojs/packages/utils/src/logger.ts">
        <metrics statements="35" coveredstatements="30" conditionals="18" coveredconditionals="10" methods="10" coveredmethods="9"/>
        <line num="1" count="16" type="stmt"/>
        <line num="2" count="16" type="stmt"/>
        <line num="4" count="16" type="stmt"/>
        <line num="5" count="16" type="stmt"/>
        <line num="6" count="16" type="stmt"/>
        <line num="7" count="16" type="stmt"/>
        <line num="8" count="16" type="cond" truecount="1" falsecount="1"/>
        <line num="9" count="16" type="cond" truecount="2" falsecount="2"/>
        <line num="10" count="16" type="stmt"/>
        <line num="11" count="16" type="stmt"/>
        <line num="12" count="96" type="cond" truecount="1" falsecount="1"/>
        <line num="13" count="96" type="stmt"/>
        <line num="17" count="16" type="stmt"/>
        <line num="18" count="1" type="stmt"/>
        <line num="21" count="16" type="stmt"/>
        <line num="22" count="2" type="cond" truecount="2" falsecount="0"/>
        <line num="25" count="16" type="stmt"/>
        <line num="26" count="1" type="stmt"/>
        <line num="29" count="16" type="stmt"/>
        <line num="30" count="3" type="stmt"/>
        <line num="33" count="75" type="stmt"/>
        <line num="34" count="25" type="cond" truecount="1" falsecount="1"/>
        <line num="35" count="25" type="stmt"/>
        <line num="37" count="0" type="stmt"/>
        <line num="39" count="16" type="stmt"/>
        <line num="40" count="0" type="cond" truecount="0" falsecount="2"/>
        <line num="41" count="0" type="stmt"/>
        <line num="43" count="0" type="stmt"/>
        <line num="45" count="16" type="stmt"/>
        <line num="46" count="4" type="cond" truecount="1" falsecount="1"/>
        <line num="47" count="4" type="stmt"/>
        <line num="49" count="0" type="stmt"/>
        <line num="51" count="16" type="stmt"/>
        <line num="52" count="16" type="cond" truecount="2" falsecount="0"/>
        <line num="53" count="16" type="stmt"/>
      </file>
      <file name="mini.ts" path="/Users/ks/Desktop/tryCatch/mitojs/packages/utils/src/mini.ts">
        <metrics statements="2" coveredstatements="1" conditionals="0" coveredconditionals="0" methods="1" coveredmethods="0"/>
        <line num="1" count="16" type="stmt"/>
        <line num="2" count="0" type="stmt"/>
      </file>
      <file name="queue.ts" path="/Users/ks/Desktop/tryCatch/mitojs/packages/utils/src/queue.ts">
        <metrics statements="26" coveredstatements="24" conditionals="8" coveredconditionals="5" methods="7" coveredmethods="7"/>
        <line num="2" count="16" type="stmt"/>
        <line num="3" count="16" type="stmt"/>
        <line num="5" count="9" type="stmt"/>
        <line num="6" count="9" type="stmt"/>
        <line num="8" count="9" type="cond" truecount="1" falsecount="1"/>
        <line num="9" count="9" type="stmt"/>
        <line num="11" count="16" type="stmt"/>
        <line num="12" count="2" type="cond" truecount="1" falsecount="1"/>
        <line num="13" count="2" type="cond" truecount="1" falsecount="1"/>
        <line num="14" count="0" type="stmt"/>
        <line num="15" count="0" type="stmt"/>
        <line num="17" count="2" type="stmt"/>
        <line num="18" count="2" type="cond" truecount="2" falsecount="0"/>
        <line num="19" count="1" type="stmt"/>
        <line num="20" count="1" type="stmt"/>
        <line num="23" count="16" type="stmt"/>
        <line num="24" count="2" type="stmt"/>
        <line num="26" count="16" type="stmt"/>
        <line num="27" count="2" type="stmt"/>
        <line num="29" count="16" type="stmt"/>
        <line num="30" count="1" type="stmt"/>
        <line num="31" count="1" type="stmt"/>
        <line num="32" count="1" type="stmt"/>
        <line num="33" count="1" type="stmt"/>
        <line num="34" count="2" type="stmt"/>
        <line num="37" count="16" type="stmt"/>
      </file>
    </package>
  </project>
</coverage>
