{"/Users/ks/Desktop/tryCatch/github/mitojs/packages/browser/dist/handleEvents.js": {"path":"/Users/ks/Desktop/tryCatch/github/mitojs/packages/browser/dist/handleEvents.js","statementMap":{"0":{"start":{"line":2,"column":15},"end":{"line":12,"column":1}},"1":{"start":{"line":3,"column":4},"end":{"line":10,"column":6}},"2":{"start":{"line":4,"column":8},"end":{"line":8,"column":9}},"3":{"start":{"line":4,"column":24},"end":{"line":4,"column":25}},"4":{"start":{"line":4,"column":31},"end":{"line":4,"column":47}},"5":{"start":{"line":5,"column":12},"end":{"line":5,"column":29}},"6":{"start":{"line":6,"column":12},"end":{"line":7,"column":28}},"7":{"start":{"line":6,"column":29},"end":{"line":7,"column":28}},"8":{"start":{"line":7,"column":16},"end":{"line":7,"column":28}},"9":{"start":{"line":9,"column":8},"end":{"line":9,"column":17}},"10":{"start":{"line":11,"column":4},"end":{"line":11,"column":43}},"11":{"start":{"line":13,"column":0},"end":{"line":13,"column":62}},"12":{"start":{"line":14,"column":0},"end":{"line":14,"column":30}},"13":{"start":{"line":15,"column":15},"end":{"line":15,"column":38}},"14":{"start":{"line":16,"column":13},"end":{"line":16,"column":34}},"15":{"start":{"line":17,"column":14},"end":{"line":17,"column":36}},"16":{"start":{"line":18,"column":19},"end":{"line":138,"column":1}},"17":{"start":{"line":20,"column":22},"end":{"line":20,"column":138}},"18":{"start":{"line":21,"column":21},"end":{"line":21,"column":47}},"19":{"start":{"line":22,"column":8},"end":{"line":27,"column":11}},"20":{"start":{"line":28,"column":8},"end":{"line":36,"column":9}},"21":{"start":{"line":29,"column":12},"end":{"line":34,"column":15}},"22":{"start":{"line":35,"column":12},"end":{"line":35,"column":46}},"23":{"start":{"line":39,"column":21},"end":{"line":39,"column":38}},"24":{"start":{"line":40,"column":8},"end":{"line":49,"column":9}},"25":{"start":{"line":41,"column":23},"end":{"line":41,"column":66}},"26":{"start":{"line":42,"column":12},"end":{"line":47,"column":15}},"27":{"start":{"line":48,"column":12},"end":{"line":48,"column":51}},"28":{"start":{"line":50,"column":22},"end":{"line":50,"column":40}},"29":{"start":{"line":50,"column":53},"end":{"line":50,"column":72}},"30":{"start":{"line":50,"column":83},"end":{"line":50,"column":100}},"31":{"start":{"line":50,"column":110},"end":{"line":50,"column":126}},"32":{"start":{"line":50,"column":136},"end":{"line":50,"column":152}},"33":{"start":{"line":52,"column":8},"end":{"line":54,"column":9}},"34":{"start":{"line":53,"column":12},"end":{"line":53,"column":79}},"35":{"start":{"line":55,"column":8},"end":{"line":55,"column":99}},"36":{"start":{"line":56,"column":8},"end":{"line":56,"column":59}},"37":{"start":{"line":57,"column":8},"end":{"line":62,"column":11}},"38":{"start":{"line":63,"column":8},"end":{"line":63,"column":42}},"39":{"start":{"line":66,"column":19},"end":{"line":66,"column":46}},"40":{"start":{"line":67,"column":18},"end":{"line":67,"column":55}},"41":{"start":{"line":68,"column":18},"end":{"line":68,"column":25}},"42":{"start":{"line":69,"column":22},"end":{"line":69,"column":59}},"43":{"start":{"line":70,"column":8},"end":{"line":73,"column":9}},"44":{"start":{"line":71,"column":12},"end":{"line":71,"column":30}},"45":{"start":{"line":72,"column":12},"end":{"line":72,"column":29}},"46":{"start":{"line":74,"column":22},"end":{"line":80,"column":9}},"47":{"start":{"line":81,"column":8},"end":{"line":88,"column":10}},"48":{"start":{"line":91,"column":19},"end":{"line":91,"column":28}},"49":{"start":{"line":91,"column":35},"end":{"line":91,"column":42}},"50":{"start":{"line":92,"column":25},"end":{"line":92,"column":61}},"51":{"start":{"line":93,"column":23},"end":{"line":93,"column":57}},"52":{"start":{"line":94,"column":8},"end":{"line":102,"column":11}},"53":{"start":{"line":105,"column":21},"end":{"line":105,"column":32}},"54":{"start":{"line":105,"column":43},"end":{"line":105,"column":54}},"55":{"start":{"line":106,"column":19},"end":{"line":106,"column":57}},"56":{"start":{"line":107,"column":17},"end":{"line":107,"column":55}},"57":{"start":{"line":108,"column":8},"end":{"line":116,"column":11}},"58":{"start":{"line":119,"column":19},"end":{"line":126,"column":9}},"59":{"start":{"line":127,"column":8},"end":{"line":129,"column":9}},"60":{"start":{"line":128,"column":12},"end":{"line":128,"column":108}},"61":{"start":{"line":130,"column":8},"end":{"line":135,"column":11}},"62":{"start":{"line":136,"column":8},"end":{"line":136,"column":40}},"63":{"start":{"line":139,"column":0},"end":{"line":139,"column":36}}},"fnMap":{"0":{"name":"(anonymous_0)","decl":{"start":{"line":2,"column":42},"end":{"line":2,"column":43}},"loc":{"start":{"line":2,"column":54},"end":{"line":12,"column":1}},"line":2},"1":{"name":"(anonymous_1)","decl":{"start":{"line":3,"column":32},"end":{"line":3,"column":33}},"loc":{"start":{"line":3,"column":44},"end":{"line":10,"column":5}},"line":3},"2":{"name":"(anonymous_2)","decl":{"start":{"line":19,"column":16},"end":{"line":19,"column":17}},"loc":{"start":{"line":19,"column":38},"end":{"line":37,"column":5}},"line":19},"3":{"name":"(anonymous_3)","decl":{"start":{"line":38,"column":17},"end":{"line":38,"column":18}},"loc":{"start":{"line":38,"column":39},"end":{"line":64,"column":5}},"line":38},"4":{"name":"(anonymous_4)","decl":{"start":{"line":65,"column":28},"end":{"line":65,"column":29}},"loc":{"start":{"line":65,"column":72},"end":{"line":89,"column":5}},"line":65},"5":{"name":"(anonymous_5)","decl":{"start":{"line":90,"column":19},"end":{"line":90,"column":20}},"loc":{"start":{"line":90,"column":35},"end":{"line":103,"column":5}},"line":90},"6":{"name":"(anonymous_6)","decl":{"start":{"line":104,"column":22},"end":{"line":104,"column":23}},"loc":{"start":{"line":104,"column":38},"end":{"line":117,"column":5}},"line":104},"7":{"name":"(anonymous_7)","decl":{"start":{"line":118,"column":29},"end":{"line":118,"column":30}},"loc":{"start":{"line":118,"column":43},"end":{"line":137,"column":5}},"line":118}},"branchMap":{"0":{"loc":{"start":{"line":2,"column":15},"end":{"line":12,"column":1}},"type":"binary-expr","locations":[{"start":{"line":2,"column":16},"end":{"line":2,"column":20}},{"start":{"line":2,"column":24},"end":{"line":2,"column":37}},{"start":{"line":2,"column":42},"end":{"line":12,"column":1}}],"line":2},"1":{"loc":{"start":{"line":3,"column":15},"end":{"line":10,"column":5}},"type":"binary-expr","locations":[{"start":{"line":3,"column":15},"end":{"line":3,"column":28}},{"start":{"line":3,"column":32},"end":{"line":10,"column":5}}],"line":3},"2":{"loc":{"start":{"line":6,"column":29},"end":{"line":7,"column":28}},"type":"if","locations":[{"start":{"line":6,"column":29},"end":{"line":7,"column":28}},{"start":{"line":6,"column":29},"end":{"line":7,"column":28}}],"line":6},"3":{"loc":{"start":{"line":20,"column":22},"end":{"line":20,"column":138}},"type":"binary-expr","locations":[{"start":{"line":20,"column":22},"end":{"line":20,"column":39}},{"start":{"line":20,"column":43},"end":{"line":20,"column":89}},{"start":{"line":20,"column":93},"end":{"line":20,"column":138}}],"line":20},"4":{"loc":{"start":{"line":28,"column":8},"end":{"line":36,"column":9}},"type":"if","locations":[{"start":{"line":28,"column":8},"end":{"line":36,"column":9}},{"start":{"line":28,"column":8},"end":{"line":36,"column":9}}],"line":28},"5":{"loc":{"start":{"line":40,"column":8},"end":{"line":49,"column":9}},"type":"if","locations":[{"start":{"line":40,"column":8},"end":{"line":49,"column":9}},{"start":{"line":40,"column":8},"end":{"line":49,"column":9}}],"line":40},"6":{"loc":{"start":{"line":52,"column":8},"end":{"line":54,"column":9}},"type":"if","locations":[{"start":{"line":52,"column":8},"end":{"line":54,"column":9}},{"start":{"line":52,"column":8},"end":{"line":54,"column":9}}],"line":52},"7":{"loc":{"start":{"line":52,"column":12},"end":{"line":52,"column":43}},"type":"binary-expr","locations":[{"start":{"line":52,"column":12},"end":{"line":52,"column":17}},{"start":{"line":52,"column":21},"end":{"line":52,"column":43}}],"line":52},"8":{"loc":{"start":{"line":55,"column":8},"end":{"line":55,"column":98}},"type":"binary-expr","locations":[{"start":{"line":55,"column":8},"end":{"line":55,"column":14}},{"start":{"line":55,"column":19},"end":{"line":55,"column":97}}],"line":55},"9":{"loc":{"start":{"line":67,"column":18},"end":{"line":67,"column":55}},"type":"binary-expr","locations":[{"start":{"line":67,"column":18},"end":{"line":67,"column":26}},{"start":{"line":67,"column":30},"end":{"line":67,"column":55}}],"line":67},"10":{"loc":{"start":{"line":70,"column":8},"end":{"line":73,"column":9}},"type":"if","locations":[{"start":{"line":70,"column":8},"end":{"line":73,"column":9}},{"start":{"line":70,"column":8},"end":{"line":73,"column":9}}],"line":70},"11":{"loc":{"start":{"line":98,"column":22},"end":{"line":98,"column":51}},"type":"cond-expr","locations":[{"start":{"line":98,"column":35},"end":{"line":98,"column":45}},{"start":{"line":98,"column":48},"end":{"line":98,"column":51}}],"line":98},"12":{"loc":{"start":{"line":99,"column":20},"end":{"line":99,"column":45}},"type":"cond-expr","locations":[{"start":{"line":99,"column":31},"end":{"line":99,"column":39}},{"start":{"line":99,"column":42},"end":{"line":99,"column":45}}],"line":99},"13":{"loc":{"start":{"line":127,"column":8},"end":{"line":129,"column":9}},"type":"if","locations":[{"start":{"line":127,"column":8},"end":{"line":129,"column":9}},{"start":{"line":127,"column":8},"end":{"line":129,"column":9}}],"line":127}},"s":{"0":2,"1":1,"2":0,"3":0,"4":0,"5":0,"6":0,"7":0,"8":0,"9":0,"10":1,"11":2,"12":2,"13":2,"14":2,"15":2,"16":2,"17":2,"18":2,"19":2,"20":2,"21":1,"22":1,"23":0,"24":0,"25":0,"26":0,"27":0,"28":0,"29":0,"30":0,"31":0,"32":0,"33":0,"34":0,"35":0,"36":0,"37":0,"38":0,"39":0,"40":0,"41":0,"42":0,"43":0,"44":0,"45":0,"46":0,"47":0,"48":0,"49":0,"50":0,"51":0,"52":0,"53":0,"54":0,"55":0,"56":0,"57":0,"58":0,"59":0,"60":0,"61":0,"62":0,"63":2},"f":{"0":1,"1":0,"2":2,"3":0,"4":0,"5":0,"6":0,"7":0},"b":{"0":[2,2,2],"1":[1,0],"2":[0,0],"3":[2,1,1],"4":[1,1],"5":[0,0],"6":[0,0],"7":[0,0],"8":[0,0],"9":[0,0],"10":[0,0],"11":[0,0],"12":[0,0],"13":[0,0]},"inputSourceMap":null,"_coverageSchema":"1a1c01bbd47fc00a2c39e90264f33305004495a9","hash":"ed7a82ff84fed2b2173eeb1f34807fb4f3d114c6"}
,"/Users/ks/Desktop/tryCatch/github/mitojs/packages/browser/dist/index.js": {"path":"/Users/ks/Desktop/tryCatch/github/mitojs/packages/browser/dist/index.js","statementMap":{"0":{"start":{"line":2,"column":22},"end":{"line":8,"column":3}},"1":{"start":{"line":3,"column":4},"end":{"line":3,"column":33}},"2":{"start":{"line":3,"column":26},"end":{"line":3,"column":33}},"3":{"start":{"line":4,"column":4},"end":{"line":4,"column":89}},"4":{"start":{"line":4,"column":71},"end":{"line":4,"column":83}},"5":{"start":{"line":6,"column":4},"end":{"line":6,"column":33}},"6":{"start":{"line":6,"column":26},"end":{"line":6,"column":33}},"7":{"start":{"line":7,"column":4},"end":{"line":7,"column":17}},"8":{"start":{"line":9,"column":19},"end":{"line":11,"column":1}},"9":{"start":{"line":10,"column":4},"end":{"line":10,"column":103}},"10":{"start":{"line":10,"column":21},"end":{"line":10,"column":103}},"11":{"start":{"line":10,"column":72},"end":{"line":10,"column":103}},"12":{"start":{"line":12,"column":0},"end":{"line":12,"column":62}},"13":{"start":{"line":13,"column":0},"end":{"line":13,"column":77}},"14":{"start":{"line":14,"column":0},"end":{"line":14,"column":49}},"15":{"start":{"line":15,"column":0},"end":{"line":15,"column":41}},"16":{"start":{"line":16,"column":0},"end":{"line":16,"column":44}},"17":{"start":{"line":17,"column":13},"end":{"line":17,"column":30}},"18":{"start":{"line":18,"column":13},"end":{"line":18,"column":34}},"19":{"start":{"line":19,"column":0},"end":{"line":19,"column":101}},"20":{"start":{"line":19,"column":77},"end":{"line":19,"column":95}},"21":{"start":{"line":20,"column":14},"end":{"line":20,"column":36}},"22":{"start":{"line":21,"column":15},"end":{"line":21,"column":38}},"23":{"start":{"line":22,"column":0},"end":{"line":22,"column":119}},"24":{"start":{"line":22,"column":85},"end":{"line":22,"column":113}},"25":{"start":{"line":23,"column":0},"end":{"line":23,"column":113}},"26":{"start":{"line":23,"column":82},"end":{"line":23,"column":107}},"27":{"start":{"line":25,"column":4},"end":{"line":25,"column":45}},"28":{"start":{"line":25,"column":30},"end":{"line":25,"column":43}},"29":{"start":{"line":26,"column":4},"end":{"line":27,"column":15}},"30":{"start":{"line":27,"column":8},"end":{"line":27,"column":15}},"31":{"start":{"line":28,"column":4},"end":{"line":28,"column":34}},"32":{"start":{"line":29,"column":4},"end":{"line":29,"column":26}},"33":{"start":{"line":32,"column":4},"end":{"line":32,"column":45}},"34":{"start":{"line":32,"column":30},"end":{"line":32,"column":43}},"35":{"start":{"line":33,"column":4},"end":{"line":33,"column":21}},"36":{"start":{"line":35,"column":0},"end":{"line":35,"column":20}}},"fnMap":{"0":{"name":"(anonymous_0)","decl":{"start":{"line":2,"column":74},"end":{"line":2,"column":75}},"loc":{"start":{"line":2,"column":96},"end":{"line":5,"column":1}},"line":2},"1":{"name":"(anonymous_1)","decl":{"start":{"line":4,"column":58},"end":{"line":4,"column":59}},"loc":{"start":{"line":4,"column":69},"end":{"line":4,"column":85}},"line":4},"2":{"name":"(anonymous_2)","decl":{"start":{"line":5,"column":6},"end":{"line":5,"column":7}},"loc":{"start":{"line":5,"column":28},"end":{"line":8,"column":1}},"line":5},"3":{"name":"(anonymous_3)","decl":{"start":{"line":9,"column":50},"end":{"line":9,"column":51}},"loc":{"start":{"line":9,"column":71},"end":{"line":11,"column":1}},"line":9},"4":{"name":"(anonymous_4)","decl":{"start":{"line":19,"column":63},"end":{"line":19,"column":64}},"loc":{"start":{"line":19,"column":75},"end":{"line":19,"column":97}},"line":19},"5":{"name":"(anonymous_5)","decl":{"start":{"line":22,"column":71},"end":{"line":22,"column":72}},"loc":{"start":{"line":22,"column":83},"end":{"line":22,"column":115}},"line":22},"6":{"name":"(anonymous_6)","decl":{"start":{"line":23,"column":68},"end":{"line":23,"column":69}},"loc":{"start":{"line":23,"column":80},"end":{"line":23,"column":109}},"line":23},"7":{"name":"webInit","decl":{"start":{"line":24,"column":9},"end":{"line":24,"column":16}},"loc":{"start":{"line":24,"column":26},"end":{"line":30,"column":1}},"line":24},"8":{"name":"init","decl":{"start":{"line":31,"column":9},"end":{"line":31,"column":13}},"loc":{"start":{"line":31,"column":23},"end":{"line":34,"column":1}},"line":31}},"branchMap":{"0":{"loc":{"start":{"line":2,"column":22},"end":{"line":8,"column":3}},"type":"binary-expr","locations":[{"start":{"line":2,"column":23},"end":{"line":2,"column":27}},{"start":{"line":2,"column":31},"end":{"line":2,"column":51}},{"start":{"line":2,"column":57},"end":{"line":8,"column":2}}],"line":2},"1":{"loc":{"start":{"line":2,"column":57},"end":{"line":8,"column":2}},"type":"cond-expr","locations":[{"start":{"line":2,"column":74},"end":{"line":5,"column":1}},{"start":{"line":5,"column":6},"end":{"line":8,"column":1}}],"line":2},"2":{"loc":{"start":{"line":3,"column":4},"end":{"line":3,"column":33}},"type":"if","locations":[{"start":{"line":3,"column":4},"end":{"line":3,"column":33}},{"start":{"line":3,"column":4},"end":{"line":3,"column":33}}],"line":3},"3":{"loc":{"start":{"line":6,"column":4},"end":{"line":6,"column":33}},"type":"if","locations":[{"start":{"line":6,"column":4},"end":{"line":6,"column":33}},{"start":{"line":6,"column":4},"end":{"line":6,"column":33}}],"line":6},"4":{"loc":{"start":{"line":9,"column":19},"end":{"line":11,"column":1}},"type":"binary-expr","locations":[{"start":{"line":9,"column":20},"end":{"line":9,"column":24}},{"start":{"line":9,"column":28},"end":{"line":9,"column":45}},{"start":{"line":9,"column":50},"end":{"line":11,"column":1}}],"line":9},"5":{"loc":{"start":{"line":10,"column":21},"end":{"line":10,"column":103}},"type":"if","locations":[{"start":{"line":10,"column":21},"end":{"line":10,"column":103}},{"start":{"line":10,"column":21},"end":{"line":10,"column":103}}],"line":10},"6":{"loc":{"start":{"line":10,"column":25},"end":{"line":10,"column":70}},"type":"binary-expr","locations":[{"start":{"line":10,"column":25},"end":{"line":10,"column":40}},{"start":{"line":10,"column":44},"end":{"line":10,"column":70}}],"line":10},"7":{"loc":{"start":{"line":25,"column":4},"end":{"line":25,"column":45}},"type":"if","locations":[{"start":{"line":25,"column":4},"end":{"line":25,"column":45}},{"start":{"line":25,"column":4},"end":{"line":25,"column":45}}],"line":25},"8":{"loc":{"start":{"line":26,"column":4},"end":{"line":27,"column":15}},"type":"if","locations":[{"start":{"line":26,"column":4},"end":{"line":27,"column":15}},{"start":{"line":26,"column":4},"end":{"line":27,"column":15}}],"line":26},"9":{"loc":{"start":{"line":26,"column":8},"end":{"line":26,"column":66}},"type":"binary-expr","locations":[{"start":{"line":26,"column":8},"end":{"line":26,"column":46}},{"start":{"line":26,"column":50},"end":{"line":26,"column":66}}],"line":26},"10":{"loc":{"start":{"line":32,"column":4},"end":{"line":32,"column":45}},"type":"if","locations":[{"start":{"line":32,"column":4},"end":{"line":32,"column":45}},{"start":{"line":32,"column":4},"end":{"line":32,"column":45}}],"line":32}},"s":{"0":2,"1":6,"2":6,"3":6,"4":2,"5":0,"6":0,"7":0,"8":2,"9":6,"10":6,"11":6,"12":2,"13":2,"14":2,"15":2,"16":2,"17":2,"18":2,"19":2,"20":0,"21":2,"22":2,"23":2,"24":0,"25":2,"26":0,"27":1,"28":0,"29":1,"30":0,"31":1,"32":1,"33":1,"34":0,"35":1,"36":2},"f":{"0":6,"1":2,"2":0,"3":6,"4":0,"5":0,"6":0,"7":1,"8":1},"b":{"0":[2,2,2],"1":[2,0],"2":[6,0],"3":[0,0],"4":[2,2,2],"5":[6,0],"6":[6,6],"7":[0,1],"8":[0,1],"9":[1,1],"10":[0,1]},"inputSourceMap":null,"_coverageSchema":"1a1c01bbd47fc00a2c39e90264f33305004495a9","hash":"c7c873e3ff56b2b00fa51d6d24cd317c7731fbdd"}
,"/Users/ks/Desktop/tryCatch/github/mitojs/packages/browser/dist/load.js": {"path":"/Users/ks/Desktop/tryCatch/github/mitojs/packages/browser/dist/load.js","statementMap":{"0":{"start":{"line":2,"column":0},"end":{"line":2,"column":62}},"1":{"start":{"line":3,"column":0},"end":{"line":3,"column":30}},"2":{"start":{"line":4,"column":21},"end":{"line":4,"column":46}},"3":{"start":{"line":5,"column":14},"end":{"line":5,"column":36}},"4":{"start":{"line":6,"column":15},"end":{"line":6,"column":38}},"5":{"start":{"line":7,"column":13},"end":{"line":7,"column":34}},"6":{"start":{"line":8,"column":16},"end":{"line":8,"column":36}},"7":{"start":{"line":10,"column":4},"end":{"line":15,"column":7}},"8":{"start":{"line":12,"column":12},"end":{"line":12,"column":87}},"9":{"start":{"line":16,"column":4},"end":{"line":21,"column":7}},"10":{"start":{"line":18,"column":12},"end":{"line":18,"column":89}},"11":{"start":{"line":22,"column":4},"end":{"line":27,"column":7}},"12":{"start":{"line":24,"column":12},"end":{"line":24,"column":59}},"13":{"start":{"line":28,"column":4},"end":{"line":33,"column":7}},"14":{"start":{"line":30,"column":12},"end":{"line":30,"column":41}},"15":{"start":{"line":34,"column":4},"end":{"line":39,"column":7}},"16":{"start":{"line":36,"column":12},"end":{"line":36,"column":60}},"17":{"start":{"line":40,"column":4},"end":{"line":45,"column":7}},"18":{"start":{"line":42,"column":12},"end":{"line":42,"column":70}},"19":{"start":{"line":46,"column":4},"end":{"line":59,"column":7}},"20":{"start":{"line":48,"column":29},"end":{"line":48,"column":81}},"21":{"start":{"line":49,"column":12},"end":{"line":56,"column":13}},"22":{"start":{"line":50,"column":16},"end":{"line":55,"column":19}},"23":{"start":{"line":60,"column":4},"end":{"line":65,"column":7}},"24":{"start":{"line":62,"column":12},"end":{"line":62,"column":60}},"25":{"start":{"line":67,"column":0},"end":{"line":67,"column":36}}},"fnMap":{"0":{"name":"setupReplace","decl":{"start":{"line":9,"column":9},"end":{"line":9,"column":21}},"loc":{"start":{"line":9,"column":24},"end":{"line":66,"column":1}},"line":9},"1":{"name":"(anonymous_1)","decl":{"start":{"line":11,"column":18},"end":{"line":11,"column":19}},"loc":{"start":{"line":11,"column":34},"end":{"line":13,"column":9}},"line":11},"2":{"name":"(anonymous_2)","decl":{"start":{"line":17,"column":18},"end":{"line":17,"column":19}},"loc":{"start":{"line":17,"column":34},"end":{"line":19,"column":9}},"line":17},"3":{"name":"(anonymous_3)","decl":{"start":{"line":23,"column":18},"end":{"line":23,"column":19}},"loc":{"start":{"line":23,"column":35},"end":{"line":25,"column":9}},"line":23},"4":{"name":"(anonymous_4)","decl":{"start":{"line":29,"column":18},"end":{"line":29,"column":19}},"loc":{"start":{"line":29,"column":34},"end":{"line":31,"column":9}},"line":29},"5":{"name":"(anonymous_5)","decl":{"start":{"line":35,"column":18},"end":{"line":35,"column":19}},"loc":{"start":{"line":35,"column":34},"end":{"line":37,"column":9}},"line":35},"6":{"name":"(anonymous_6)","decl":{"start":{"line":41,"column":18},"end":{"line":41,"column":19}},"loc":{"start":{"line":41,"column":34},"end":{"line":43,"column":9}},"line":41},"7":{"name":"(anonymous_7)","decl":{"start":{"line":47,"column":18},"end":{"line":47,"column":19}},"loc":{"start":{"line":47,"column":34},"end":{"line":57,"column":9}},"line":47},"8":{"name":"(anonymous_8)","decl":{"start":{"line":61,"column":18},"end":{"line":61,"column":19}},"loc":{"start":{"line":61,"column":31},"end":{"line":63,"column":9}},"line":61}},"branchMap":{"0":{"loc":{"start":{"line":49,"column":12},"end":{"line":56,"column":13}},"type":"if","locations":[{"start":{"line":49,"column":12},"end":{"line":56,"column":13}},{"start":{"line":49,"column":12},"end":{"line":56,"column":13}}],"line":49}},"s":{"0":2,"1":2,"2":2,"3":2,"4":2,"5":2,"6":2,"7":1,"8":0,"9":1,"10":0,"11":1,"12":0,"13":1,"14":0,"15":1,"16":0,"17":1,"18":0,"19":1,"20":0,"21":0,"22":0,"23":1,"24":0,"25":2},"f":{"0":1,"1":0,"2":0,"3":0,"4":0,"5":0,"6":0,"7":0,"8":0},"b":{"0":[0,0]},"inputSourceMap":null,"_coverageSchema":"1a1c01bbd47fc00a2c39e90264f33305004495a9","hash":"063148a6b234bc247b51fa72e9ad98d87ac2ef53"}
,"/Users/ks/Desktop/tryCatch/github/mitojs/packages/browser/dist/replace.js": {"path":"/Users/ks/Desktop/tryCatch/github/mitojs/packages/browser/dist/replace.js","statementMap":{"0":{"start":{"line":2,"column":15},"end":{"line":12,"column":1}},"1":{"start":{"line":3,"column":4},"end":{"line":10,"column":6}},"2":{"start":{"line":4,"column":8},"end":{"line":8,"column":9}},"3":{"start":{"line":4,"column":24},"end":{"line":4,"column":25}},"4":{"start":{"line":4,"column":31},"end":{"line":4,"column":47}},"5":{"start":{"line":5,"column":12},"end":{"line":5,"column":29}},"6":{"start":{"line":6,"column":12},"end":{"line":7,"column":28}},"7":{"start":{"line":6,"column":29},"end":{"line":7,"column":28}},"8":{"start":{"line":7,"column":16},"end":{"line":7,"column":28}},"9":{"start":{"line":9,"column":8},"end":{"line":9,"column":17}},"10":{"start":{"line":11,"column":4},"end":{"line":11,"column":43}},"11":{"start":{"line":13,"column":0},"end":{"line":13,"column":62}},"12":{"start":{"line":14,"column":0},"end":{"line":14,"column":35}},"13":{"start":{"line":15,"column":14},"end":{"line":15,"column":36}},"14":{"start":{"line":16,"column":13},"end":{"line":16,"column":34}},"15":{"start":{"line":17,"column":14},"end":{"line":17,"column":36}},"16":{"start":{"line":18,"column":15},"end":{"line":18,"column":38}},"17":{"start":{"line":19,"column":20},"end":{"line":19,"column":67}},"18":{"start":{"line":21,"column":4},"end":{"line":21,"column":92}},"19":{"start":{"line":24,"column":4},"end":{"line":51,"column":5}},"20":{"start":{"line":26,"column":12},"end":{"line":26,"column":25}},"21":{"start":{"line":27,"column":12},"end":{"line":27,"column":18}},"22":{"start":{"line":29,"column":12},"end":{"line":29,"column":27}},"23":{"start":{"line":30,"column":12},"end":{"line":30,"column":18}},"24":{"start":{"line":32,"column":12},"end":{"line":32,"column":26}},"25":{"start":{"line":33,"column":12},"end":{"line":33,"column":18}},"26":{"start":{"line":35,"column":12},"end":{"line":35,"column":29}},"27":{"start":{"line":36,"column":12},"end":{"line":36,"column":18}},"28":{"start":{"line":38,"column":12},"end":{"line":38,"column":29}},"29":{"start":{"line":39,"column":12},"end":{"line":39,"column":18}},"30":{"start":{"line":41,"column":12},"end":{"line":41,"column":40}},"31":{"start":{"line":42,"column":12},"end":{"line":42,"column":18}},"32":{"start":{"line":44,"column":12},"end":{"line":44,"column":25}},"33":{"start":{"line":45,"column":12},"end":{"line":45,"column":18}},"34":{"start":{"line":47,"column":12},"end":{"line":47,"column":31}},"35":{"start":{"line":48,"column":12},"end":{"line":48,"column":18}},"36":{"start":{"line":50,"column":12},"end":{"line":50,"column":18}},"37":{"start":{"line":54,"column":4},"end":{"line":55,"column":15}},"38":{"start":{"line":55,"column":8},"end":{"line":55,"column":15}},"39":{"start":{"line":56,"column":4},"end":{"line":56,"column":26}},"40":{"start":{"line":58,"column":0},"end":{"line":58,"column":46}},"41":{"start":{"line":60,"column":4},"end":{"line":62,"column":5}},"42":{"start":{"line":61,"column":8},"end":{"line":61,"column":15}},"43":{"start":{"line":63,"column":27},"end":{"line":63,"column":51}},"44":{"start":{"line":64,"column":4},"end":{"line":78,"column":7}},"45":{"start":{"line":65,"column":8},"end":{"line":77,"column":10}},"46":{"start":{"line":66,"column":23},"end":{"line":66,"column":25}},"47":{"start":{"line":67,"column":12},"end":{"line":69,"column":13}},"48":{"start":{"line":67,"column":26},"end":{"line":67,"column":27}},"49":{"start":{"line":68,"column":16},"end":{"line":68,"column":41}},"50":{"start":{"line":70,"column":12},"end":{"line":75,"column":14}},"51":{"start":{"line":76,"column":12},"end":{"line":76,"column":43}},"52":{"start":{"line":79,"column":4},"end":{"line":108,"column":7}},"53":{"start":{"line":80,"column":8},"end":{"line":107,"column":10}},"54":{"start":{"line":81,"column":24},"end":{"line":81,"column":28}},"55":{"start":{"line":82,"column":23},"end":{"line":82,"column":25}},"56":{"start":{"line":83,"column":12},"end":{"line":85,"column":13}},"57":{"start":{"line":83,"column":26},"end":{"line":83,"column":27}},"58":{"start":{"line":84,"column":16},"end":{"line":84,"column":41}},"59":{"start":{"line":86,"column":21},"end":{"line":86,"column":34}},"60":{"start":{"line":86,"column":45},"end":{"line":86,"column":54}},"61":{"start":{"line":86,"column":62},"end":{"line":86,"column":68}},"62":{"start":{"line":87,"column":12},"end":{"line":90,"column":15}},"63":{"start":{"line":88,"column":16},"end":{"line":88,"column":49}},"64":{"start":{"line":89,"column":16},"end":{"line":89,"column":65}},"65":{"start":{"line":91,"column":12},"end":{"line":91,"column":117}},"66":{"start":{"line":92,"column":12},"end":{"line":105,"column":15}},"67":{"start":{"line":93,"column":16},"end":{"line":94,"column":27}},"68":{"start":{"line":94,"column":20},"end":{"line":94,"column":27}},"69":{"start":{"line":95,"column":25},"end":{"line":95,"column":29}},"70":{"start":{"line":95,"column":46},"end":{"line":95,"column":61}},"71":{"start":{"line":95,"column":74},"end":{"line":95,"column":85}},"72":{"start":{"line":95,"column":96},"end":{"line":95,"column":105}},"73":{"start":{"line":96,"column":16},"end":{"line":96,"column":48}},"74":{"start":{"line":97,"column":28},"end":{"line":97,"column":50}},"75":{"start":{"line":98,"column":16},"end":{"line":98,"column":43}},"76":{"start":{"line":99,"column":16},"end":{"line":99,"column":46}},"77":{"start":{"line":100,"column":16},"end":{"line":102,"column":17}},"78":{"start":{"line":101,"column":20},"end":{"line":101,"column":116}},"79":{"start":{"line":103,"column":16},"end":{"line":103,"column":72}},"80":{"start":{"line":104,"column":16},"end":{"line":104,"column":81}},"81":{"start":{"line":106,"column":12},"end":{"line":106,"column":43}},"82":{"start":{"line":111,"column":4},"end":{"line":113,"column":5}},"83":{"start":{"line":112,"column":8},"end":{"line":112,"column":15}},"84":{"start":{"line":114,"column":4},"end":{"line":159,"column":7}},"85":{"start":{"line":115,"column":8},"end":{"line":158,"column":10}},"86":{"start":{"line":116,"column":12},"end":{"line":116,"column":51}},"87":{"start":{"line":116,"column":37},"end":{"line":116,"column":49}},"88":{"start":{"line":117,"column":24},"end":{"line":117,"column":46}},"89":{"start":{"line":118,"column":25},"end":{"line":118,"column":59}},"90":{"start":{"line":119,"column":30},"end":{"line":124,"column":13}},"91":{"start":{"line":125,"column":26},"end":{"line":125,"column":59}},"92":{"start":{"line":126,"column":12},"end":{"line":128,"column":15}},"93":{"start":{"line":129,"column":12},"end":{"line":132,"column":15}},"94":{"start":{"line":130,"column":16},"end":{"line":130,"column":46}},"95":{"start":{"line":131,"column":16},"end":{"line":131,"column":54}},"96":{"start":{"line":133,"column":12},"end":{"line":133,"column":120}},"97":{"start":{"line":134,"column":12},"end":{"line":134,"column":74}},"98":{"start":{"line":135,"column":12},"end":{"line":157,"column":15}},"99":{"start":{"line":136,"column":30},"end":{"line":136,"column":41}},"100":{"start":{"line":137,"column":28},"end":{"line":137,"column":50}},"101":{"start":{"line":138,"column":16},"end":{"line":138,"column":135}},"102":{"start":{"line":139,"column":16},"end":{"line":146,"column":19}},"103":{"start":{"line":140,"column":20},"end":{"line":141,"column":31}},"104":{"start":{"line":141,"column":24},"end":{"line":141,"column":31}},"105":{"start":{"line":142,"column":20},"end":{"line":143,"column":31}},"106":{"start":{"line":143,"column":24},"end":{"line":143,"column":31}},"107":{"start":{"line":144,"column":20},"end":{"line":144,"column":104}},"108":{"start":{"line":145,"column":20},"end":{"line":145,"column":85}},"109":{"start":{"line":147,"column":16},"end":{"line":147,"column":27}},"110":{"start":{"line":149,"column":28},"end":{"line":149,"column":50}},"111":{"start":{"line":150,"column":16},"end":{"line":151,"column":27}},"112":{"start":{"line":151,"column":20},"end":{"line":151,"column":27}},"113":{"start":{"line":152,"column":16},"end":{"line":153,"column":27}},"114":{"start":{"line":153,"column":20},"end":{"line":153,"column":27}},"115":{"start":{"line":154,"column":16},"end":{"line":154,"column":122}},"116":{"start":{"line":155,"column":16},"end":{"line":155,"column":81}},"117":{"start":{"line":156,"column":16},"end":{"line":156,"column":26}},"118":{"start":{"line":162,"column":4},"end":{"line":166,"column":5}},"119":{"start":{"line":163,"column":8},"end":{"line":165,"column":11}},"120":{"start":{"line":164,"column":12},"end":{"line":164,"column":72}},"121":{"start":{"line":169,"column":4},"end":{"line":171,"column":13}},"122":{"start":{"line":170,"column":8},"end":{"line":170,"column":63}},"123":{"start":{"line":174,"column":4},"end":{"line":176,"column":5}},"124":{"start":{"line":175,"column":8},"end":{"line":175,"column":15}},"125":{"start":{"line":177,"column":18},"end":{"line":177,"column":69}},"126":{"start":{"line":178,"column":4},"end":{"line":193,"column":7}},"127":{"start":{"line":179,"column":8},"end":{"line":180,"column":19}},"128":{"start":{"line":180,"column":12},"end":{"line":180,"column":19}},"129":{"start":{"line":181,"column":8},"end":{"line":192,"column":11}},"130":{"start":{"line":182,"column":12},"end":{"line":191,"column":14}},"131":{"start":{"line":183,"column":27},"end":{"line":183,"column":29}},"132":{"start":{"line":184,"column":16},"end":{"line":186,"column":17}},"133":{"start":{"line":184,"column":30},"end":{"line":184,"column":31}},"134":{"start":{"line":185,"column":20},"end":{"line":185,"column":45}},"135":{"start":{"line":187,"column":16},"end":{"line":190,"column":17}},"136":{"start":{"line":188,"column":20},"end":{"line":188,"column":104}},"137":{"start":{"line":189,"column":20},"end":{"line":189,"column":73}},"138":{"start":{"line":196,"column":0},"end":{"line":196,"column":37}},"139":{"start":{"line":198,"column":4},"end":{"line":199,"column":15}},"140":{"start":{"line":199,"column":8},"end":{"line":199,"column":15}},"141":{"start":{"line":200,"column":24},"end":{"line":200,"column":50}},"142":{"start":{"line":201,"column":4},"end":{"line":213,"column":6}},"143":{"start":{"line":202,"column":19},"end":{"line":202,"column":21}},"144":{"start":{"line":203,"column":8},"end":{"line":205,"column":9}},"145":{"start":{"line":203,"column":22},"end":{"line":203,"column":23}},"146":{"start":{"line":204,"column":12},"end":{"line":204,"column":37}},"147":{"start":{"line":206,"column":17},"end":{"line":206,"column":42}},"148":{"start":{"line":207,"column":19},"end":{"line":207,"column":27}},"149":{"start":{"line":208,"column":8},"end":{"line":211,"column":11}},"150":{"start":{"line":212,"column":8},"end":{"line":212,"column":57}},"151":{"start":{"line":215,"column":8},"end":{"line":231,"column":10}},"152":{"start":{"line":216,"column":23},"end":{"line":216,"column":25}},"153":{"start":{"line":217,"column":12},"end":{"line":219,"column":13}},"154":{"start":{"line":217,"column":26},"end":{"line":217,"column":27}},"155":{"start":{"line":218,"column":16},"end":{"line":218,"column":41}},"156":{"start":{"line":220,"column":22},"end":{"line":220,"column":59}},"157":{"start":{"line":221,"column":12},"end":{"line":229,"column":13}},"158":{"start":{"line":222,"column":27},"end":{"line":222,"column":35}},"159":{"start":{"line":223,"column":25},"end":{"line":223,"column":36}},"160":{"start":{"line":224,"column":16},"end":{"line":224,"column":30}},"161":{"start":{"line":225,"column":16},"end":{"line":228,"column":19}},"162":{"start":{"line":230,"column":12},"end":{"line":230,"column":55}},"163":{"start":{"line":233,"column":4},"end":{"line":233,"column":79}},"164":{"start":{"line":234,"column":4},"end":{"line":234,"column":82}},"165":{"start":{"line":237,"column":4},"end":{"line":239,"column":7}},"166":{"start":{"line":238,"column":8},"end":{"line":238,"column":77}},"167":{"start":{"line":242,"column":4},"end":{"line":243,"column":15}},"168":{"start":{"line":243,"column":8},"end":{"line":243,"column":15}},"169":{"start":{"line":244,"column":4},"end":{"line":249,"column":13}},"170":{"start":{"line":245,"column":8},"end":{"line":248,"column":11}}},"fnMap":{"0":{"name":"(anonymous_0)","decl":{"start":{"line":2,"column":42},"end":{"line":2,"column":43}},"loc":{"start":{"line":2,"column":54},"end":{"line":12,"column":1}},"line":2},"1":{"name":"(anonymous_1)","decl":{"start":{"line":3,"column":32},"end":{"line":3,"column":33}},"loc":{"start":{"line":3,"column":44},"end":{"line":10,"column":5}},"line":3},"2":{"name":"isFilterHttpUrl","decl":{"start":{"line":20,"column":9},"end":{"line":20,"column":24}},"loc":{"start":{"line":20,"column":30},"end":{"line":22,"column":1}},"line":20},"3":{"name":"replace","decl":{"start":{"line":23,"column":9},"end":{"line":23,"column":16}},"loc":{"start":{"line":23,"column":23},"end":{"line":52,"column":1}},"line":23},"4":{"name":"addReplaceHandler","decl":{"start":{"line":53,"column":9},"end":{"line":53,"column":26}},"loc":{"start":{"line":53,"column":36},"end":{"line":57,"column":1}},"line":53},"5":{"name":"xhrReplace","decl":{"start":{"line":59,"column":9},"end":{"line":59,"column":19}},"loc":{"start":{"line":59,"column":22},"end":{"line":109,"column":1}},"line":59},"6":{"name":"(anonymous_6)","decl":{"start":{"line":64,"column":49},"end":{"line":64,"column":50}},"loc":{"start":{"line":64,"column":73},"end":{"line":78,"column":5}},"line":64},"7":{"name":"(anonymous_7)","decl":{"start":{"line":65,"column":15},"end":{"line":65,"column":16}},"loc":{"start":{"line":65,"column":27},"end":{"line":77,"column":9}},"line":65},"8":{"name":"(anonymous_8)","decl":{"start":{"line":79,"column":49},"end":{"line":79,"column":50}},"loc":{"start":{"line":79,"column":73},"end":{"line":108,"column":5}},"line":79},"9":{"name":"(anonymous_9)","decl":{"start":{"line":80,"column":15},"end":{"line":80,"column":16}},"loc":{"start":{"line":80,"column":27},"end":{"line":107,"column":9}},"line":80},"10":{"name":"(anonymous_10)","decl":{"start":{"line":87,"column":35},"end":{"line":87,"column":36}},"loc":{"start":{"line":87,"column":71},"end":{"line":90,"column":13}},"line":87},"11":{"name":"(anonymous_11)","decl":{"start":{"line":92,"column":40},"end":{"line":92,"column":41}},"loc":{"start":{"line":92,"column":52},"end":{"line":105,"column":13}},"line":92},"12":{"name":"fetchReplace","decl":{"start":{"line":110,"column":9},"end":{"line":110,"column":21}},"loc":{"start":{"line":110,"column":24},"end":{"line":160,"column":1}},"line":110},"13":{"name":"(anonymous_13)","decl":{"start":{"line":114,"column":67},"end":{"line":114,"column":68}},"loc":{"start":{"line":114,"column":92},"end":{"line":159,"column":5}},"line":114},"14":{"name":"(anonymous_14)","decl":{"start":{"line":115,"column":15},"end":{"line":115,"column":16}},"loc":{"start":{"line":115,"column":38},"end":{"line":158,"column":9}},"line":115},"15":{"name":"(anonymous_15)","decl":{"start":{"line":129,"column":35},"end":{"line":129,"column":36}},"loc":{"start":{"line":129,"column":71},"end":{"line":132,"column":13}},"line":129},"16":{"name":"(anonymous_16)","decl":{"start":{"line":135,"column":76},"end":{"line":135,"column":77}},"loc":{"start":{"line":135,"column":91},"end":{"line":148,"column":13}},"line":135},"17":{"name":"(anonymous_17)","decl":{"start":{"line":139,"column":36},"end":{"line":139,"column":37}},"loc":{"start":{"line":139,"column":52},"end":{"line":146,"column":17}},"line":139},"18":{"name":"(anonymous_18)","decl":{"start":{"line":148,"column":15},"end":{"line":148,"column":16}},"loc":{"start":{"line":148,"column":30},"end":{"line":157,"column":13}},"line":148},"19":{"name":"listenHashchange","decl":{"start":{"line":161,"column":9},"end":{"line":161,"column":25}},"loc":{"start":{"line":161,"column":28},"end":{"line":167,"column":1}},"line":161},"20":{"name":"(anonymous_20)","decl":{"start":{"line":163,"column":68},"end":{"line":163,"column":69}},"loc":{"start":{"line":163,"column":81},"end":{"line":165,"column":9}},"line":163},"21":{"name":"listenError","decl":{"start":{"line":168,"column":9},"end":{"line":168,"column":20}},"loc":{"start":{"line":168,"column":23},"end":{"line":172,"column":1}},"line":168},"22":{"name":"(anonymous_22)","decl":{"start":{"line":169,"column":41},"end":{"line":169,"column":42}},"loc":{"start":{"line":169,"column":54},"end":{"line":171,"column":5}},"line":169},"23":{"name":"consoleReplace","decl":{"start":{"line":173,"column":9},"end":{"line":173,"column":23}},"loc":{"start":{"line":173,"column":26},"end":{"line":194,"column":1}},"line":173},"24":{"name":"(anonymous_24)","decl":{"start":{"line":178,"column":20},"end":{"line":178,"column":21}},"loc":{"start":{"line":178,"column":37},"end":{"line":193,"column":5}},"line":178},"25":{"name":"(anonymous_25)","decl":{"start":{"line":181,"column":59},"end":{"line":181,"column":60}},"loc":{"start":{"line":181,"column":86},"end":{"line":192,"column":9}},"line":181},"26":{"name":"(anonymous_26)","decl":{"start":{"line":182,"column":19},"end":{"line":182,"column":20}},"loc":{"start":{"line":182,"column":31},"end":{"line":191,"column":13}},"line":182},"27":{"name":"historyReplace","decl":{"start":{"line":197,"column":9},"end":{"line":197,"column":23}},"loc":{"start":{"line":197,"column":26},"end":{"line":235,"column":1}},"line":197},"28":{"name":"(anonymous_28)","decl":{"start":{"line":201,"column":33},"end":{"line":201,"column":34}},"loc":{"start":{"line":201,"column":45},"end":{"line":213,"column":5}},"line":201},"29":{"name":"historyReplaceFn","decl":{"start":{"line":214,"column":13},"end":{"line":214,"column":29}},"loc":{"start":{"line":214,"column":49},"end":{"line":232,"column":5}},"line":214},"30":{"name":"(anonymous_30)","decl":{"start":{"line":215,"column":15},"end":{"line":215,"column":16}},"loc":{"start":{"line":215,"column":27},"end":{"line":231,"column":9}},"line":215},"31":{"name":"unhandledrejectionReplace","decl":{"start":{"line":236,"column":9},"end":{"line":236,"column":34}},"loc":{"start":{"line":236,"column":37},"end":{"line":240,"column":1}},"line":236},"32":{"name":"(anonymous_32)","decl":{"start":{"line":237,"column":72},"end":{"line":237,"column":73}},"loc":{"start":{"line":237,"column":86},"end":{"line":239,"column":5}},"line":237},"33":{"name":"domReplace","decl":{"start":{"line":241,"column":9},"end":{"line":241,"column":19}},"loc":{"start":{"line":241,"column":22},"end":{"line":250,"column":1}},"line":241},"34":{"name":"(anonymous_34)","decl":{"start":{"line":244,"column":50},"end":{"line":244,"column":51}},"loc":{"start":{"line":244,"column":62},"end":{"line":249,"column":5}},"line":244}},"branchMap":{"0":{"loc":{"start":{"line":2,"column":15},"end":{"line":12,"column":1}},"type":"binary-expr","locations":[{"start":{"line":2,"column":16},"end":{"line":2,"column":20}},{"start":{"line":2,"column":24},"end":{"line":2,"column":37}},{"start":{"line":2,"column":42},"end":{"line":12,"column":1}}],"line":2},"1":{"loc":{"start":{"line":3,"column":15},"end":{"line":10,"column":5}},"type":"binary-expr","locations":[{"start":{"line":3,"column":15},"end":{"line":3,"column":28}},{"start":{"line":3,"column":32},"end":{"line":10,"column":5}}],"line":3},"2":{"loc":{"start":{"line":6,"column":29},"end":{"line":7,"column":28}},"type":"if","locations":[{"start":{"line":6,"column":29},"end":{"line":7,"column":28}},{"start":{"line":6,"column":29},"end":{"line":7,"column":28}}],"line":6},"3":{"loc":{"start":{"line":21,"column":11},"end":{"line":21,"column":91}},"type":"binary-expr","locations":[{"start":{"line":21,"column":11},"end":{"line":21,"column":44}},{"start":{"line":21,"column":48},"end":{"line":21,"column":91}}],"line":21},"4":{"loc":{"start":{"line":24,"column":4},"end":{"line":51,"column":5}},"type":"switch","locations":[{"start":{"line":25,"column":8},"end":{"line":27,"column":18}},{"start":{"line":28,"column":8},"end":{"line":30,"column":18}},{"start":{"line":31,"column":8},"end":{"line":33,"column":18}},{"start":{"line":34,"column":8},"end":{"line":36,"column":18}},{"start":{"line":37,"column":8},"end":{"line":39,"column":18}},{"start":{"line":40,"column":8},"end":{"line":42,"column":18}},{"start":{"line":43,"column":8},"end":{"line":45,"column":18}},{"start":{"line":46,"column":8},"end":{"line":48,"column":18}},{"start":{"line":49,"column":8},"end":{"line":50,"column":18}}],"line":24},"5":{"loc":{"start":{"line":54,"column":4},"end":{"line":55,"column":15}},"type":"if","locations":[{"start":{"line":54,"column":4},"end":{"line":55,"column":15}},{"start":{"line":54,"column":4},"end":{"line":55,"column":15}}],"line":54},"6":{"loc":{"start":{"line":60,"column":4},"end":{"line":62,"column":5}},"type":"if","locations":[{"start":{"line":60,"column":4},"end":{"line":62,"column":5}},{"start":{"line":60,"column":4},"end":{"line":62,"column":5}}],"line":60},"7":{"loc":{"start":{"line":71,"column":24},"end":{"line":71,"column":105}},"type":"cond-expr","locations":[{"start":{"line":71,"column":74},"end":{"line":71,"column":95}},{"start":{"line":71,"column":98},"end":{"line":71,"column":105}}],"line":71},"8":{"loc":{"start":{"line":91,"column":12},"end":{"line":91,"column":116}},"type":"binary-expr","locations":[{"start":{"line":91,"column":12},"end":{"line":91,"column":44}},{"start":{"line":91,"column":48},"end":{"line":91,"column":116}}],"line":91},"9":{"loc":{"start":{"line":93,"column":16},"end":{"line":94,"column":27}},"type":"if","locations":[{"start":{"line":93,"column":16},"end":{"line":94,"column":27}},{"start":{"line":93,"column":16},"end":{"line":94,"column":27}}],"line":93},"10":{"loc":{"start":{"line":93,"column":20},"end":{"line":93,"column":125}},"type":"binary-expr","locations":[{"start":{"line":93,"column":21},"end":{"line":93,"column":53}},{"start":{"line":93,"column":57},"end":{"line":93,"column":100}},{"start":{"line":93,"column":105},"end":{"line":93,"column":125}}],"line":93},"11":{"loc":{"start":{"line":100,"column":16},"end":{"line":102,"column":17}},"type":"if","locations":[{"start":{"line":100,"column":16},"end":{"line":102,"column":17}},{"start":{"line":100,"column":16},"end":{"line":102,"column":17}}],"line":100},"12":{"loc":{"start":{"line":101,"column":49},"end":{"line":101,"column":115}},"type":"cond-expr","locations":[{"start":{"line":101,"column":80},"end":{"line":101,"column":104}},{"start":{"line":101,"column":107},"end":{"line":101,"column":115}}],"line":101},"13":{"loc":{"start":{"line":111,"column":4},"end":{"line":113,"column":5}},"type":"if","locations":[{"start":{"line":111,"column":4},"end":{"line":113,"column":5}},{"start":{"line":111,"column":4},"end":{"line":113,"column":5}}],"line":111},"14":{"loc":{"start":{"line":116,"column":12},"end":{"line":116,"column":51}},"type":"if","locations":[{"start":{"line":116,"column":12},"end":{"line":116,"column":51}},{"start":{"line":116,"column":12},"end":{"line":116,"column":51}}],"line":116},"15":{"loc":{"start":{"line":118,"column":25},"end":{"line":118,"column":59}},"type":"binary-expr","locations":[{"start":{"line":118,"column":26},"end":{"line":118,"column":32}},{"start":{"line":118,"column":36},"end":{"line":118,"column":49}},{"start":{"line":118,"column":54},"end":{"line":118,"column":59}}],"line":118},"16":{"loc":{"start":{"line":122,"column":25},"end":{"line":122,"column":46}},"type":"binary-expr","locations":[{"start":{"line":122,"column":25},"end":{"line":122,"column":31}},{"start":{"line":122,"column":35},"end":{"line":122,"column":46}}],"line":122},"17":{"loc":{"start":{"line":125,"column":38},"end":{"line":125,"column":58}},"type":"binary-expr","locations":[{"start":{"line":125,"column":38},"end":{"line":125,"column":52}},{"start":{"line":125,"column":56},"end":{"line":125,"column":58}}],"line":125},"18":{"loc":{"start":{"line":133,"column":12},"end":{"line":133,"column":119}},"type":"binary-expr","locations":[{"start":{"line":133,"column":12},"end":{"line":133,"column":44}},{"start":{"line":133,"column":48},"end":{"line":133,"column":119}}],"line":133},"19":{"loc":{"start":{"line":140,"column":20},"end":{"line":141,"column":31}},"type":"if","locations":[{"start":{"line":140,"column":20},"end":{"line":141,"column":31}},{"start":{"line":140,"column":20},"end":{"line":141,"column":31}}],"line":140},"20":{"loc":{"start":{"line":140,"column":24},"end":{"line":140,"column":103}},"type":"binary-expr","locations":[{"start":{"line":140,"column":24},"end":{"line":140,"column":56}},{"start":{"line":140,"column":60},"end":{"line":140,"column":103}}],"line":140},"21":{"loc":{"start":{"line":142,"column":20},"end":{"line":143,"column":31}},"type":"if","locations":[{"start":{"line":142,"column":20},"end":{"line":143,"column":31}},{"start":{"line":142,"column":20},"end":{"line":143,"column":31}}],"line":142},"22":{"loc":{"start":{"line":144,"column":47},"end":{"line":144,"column":103}},"type":"binary-expr","locations":[{"start":{"line":144,"column":47},"end":{"line":144,"column":95}},{"start":{"line":144,"column":99},"end":{"line":144,"column":103}}],"line":144},"23":{"loc":{"start":{"line":150,"column":16},"end":{"line":151,"column":27}},"type":"if","locations":[{"start":{"line":150,"column":16},"end":{"line":151,"column":27}},{"start":{"line":150,"column":16},"end":{"line":151,"column":27}}],"line":150},"24":{"loc":{"start":{"line":150,"column":20},"end":{"line":150,"column":99}},"type":"binary-expr","locations":[{"start":{"line":150,"column":20},"end":{"line":150,"column":52}},{"start":{"line":150,"column":56},"end":{"line":150,"column":99}}],"line":150},"25":{"loc":{"start":{"line":152,"column":16},"end":{"line":153,"column":27}},"type":"if","locations":[{"start":{"line":152,"column":16},"end":{"line":153,"column":27}},{"start":{"line":152,"column":16},"end":{"line":153,"column":27}}],"line":152},"26":{"loc":{"start":{"line":162,"column":4},"end":{"line":166,"column":5}},"type":"if","locations":[{"start":{"line":162,"column":4},"end":{"line":166,"column":5}},{"start":{"line":162,"column":4},"end":{"line":166,"column":5}}],"line":162},"27":{"loc":{"start":{"line":174,"column":4},"end":{"line":176,"column":5}},"type":"if","locations":[{"start":{"line":174,"column":4},"end":{"line":176,"column":5}},{"start":{"line":174,"column":4},"end":{"line":176,"column":5}}],"line":174},"28":{"loc":{"start":{"line":179,"column":8},"end":{"line":180,"column":19}},"type":"if","locations":[{"start":{"line":179,"column":8},"end":{"line":180,"column":19}},{"start":{"line":179,"column":8},"end":{"line":180,"column":19}}],"line":179},"29":{"loc":{"start":{"line":187,"column":16},"end":{"line":190,"column":17}},"type":"if","locations":[{"start":{"line":187,"column":16},"end":{"line":190,"column":17}},{"start":{"line":187,"column":16},"end":{"line":190,"column":17}}],"line":187},"30":{"loc":{"start":{"line":198,"column":4},"end":{"line":199,"column":15}},"type":"if","locations":[{"start":{"line":198,"column":4},"end":{"line":199,"column":15}},{"start":{"line":198,"column":4},"end":{"line":199,"column":15}}],"line":198},"31":{"loc":{"start":{"line":212,"column":8},"end":{"line":212,"column":56}},"type":"binary-expr","locations":[{"start":{"line":212,"column":8},"end":{"line":212,"column":21}},{"start":{"line":212,"column":25},"end":{"line":212,"column":56}}],"line":212},"32":{"loc":{"start":{"line":220,"column":22},"end":{"line":220,"column":59}},"type":"cond-expr","locations":[{"start":{"line":220,"column":40},"end":{"line":220,"column":47}},{"start":{"line":220,"column":50},"end":{"line":220,"column":59}}],"line":220},"33":{"loc":{"start":{"line":221,"column":12},"end":{"line":229,"column":13}},"type":"if","locations":[{"start":{"line":221,"column":12},"end":{"line":229,"column":13}},{"start":{"line":221,"column":12},"end":{"line":229,"column":13}}],"line":221},"34":{"loc":{"start":{"line":242,"column":4},"end":{"line":243,"column":15}},"type":"if","locations":[{"start":{"line":242,"column":4},"end":{"line":243,"column":15}},{"start":{"line":242,"column":4},"end":{"line":243,"column":15}}],"line":242}},"s":{"0":2,"1":0,"2":0,"3":0,"4":0,"5":0,"6":0,"7":0,"8":0,"9":0,"10":0,"11":2,"12":2,"13":2,"14":2,"15":2,"16":2,"17":2,"18":0,"19":7,"20":1,"21":1,"22":1,"23":1,"24":1,"25":1,"26":1,"27":1,"28":1,"29":1,"30":1,"31":1,"32":0,"33":0,"34":1,"35":1,"36":0,"37":8,"38":1,"39":7,"40":2,"41":1,"42":0,"43":1,"44":1,"45":1,"46":0,"47":0,"48":0,"49":0,"50":0,"51":0,"52":1,"53":1,"54":0,"55":0,"56":0,"57":0,"58":0,"59":0,"60":0,"61":0,"62":0,"63":0,"64":0,"65":0,"66":0,"67":0,"68":0,"69":0,"70":0,"71":0,"72":0,"73":0,"74":0,"75":0,"76":0,"77":0,"78":0,"79":0,"80":0,"81":0,"82":1,"83":1,"84":0,"85":0,"86":0,"87":0,"88":0,"89":0,"90":0,"91":0,"92":0,"93":0,"94":0,"95":0,"96":0,"97":0,"98":0,"99":0,"100":0,"101":0,"102":0,"103":0,"104":0,"105":0,"106":0,"107":0,"108":0,"109":0,"110":0,"111":0,"112":0,"113":0,"114":0,"115":0,"116":0,"117":0,"118":1,"119":0,"120":0,"121":1,"122":0,"123":1,"124":0,"125":1,"126":1,"127":6,"128":0,"129":6,"130":6,"131":0,"132":0,"133":0,"134":0,"135":0,"136":0,"137":0,"138":2,"139":1,"140":0,"141":1,"142":1,"143":0,"144":0,"145":0,"146":0,"147":0,"148":0,"149":0,"150":0,"151":2,"152":0,"153":0,"154":0,"155":0,"156":0,"157":0,"158":0,"159":0,"160":0,"161":0,"162":0,"163":1,"164":1,"165":1,"166":0,"167":0,"168":0,"169":0,"170":0},"f":{"0":0,"1":0,"2":0,"3":7,"4":8,"5":1,"6":1,"7":0,"8":1,"9":0,"10":0,"11":0,"12":1,"13":0,"14":0,"15":0,"16":0,"17":0,"18":0,"19":1,"20":0,"21":1,"22":0,"23":1,"24":6,"25":6,"26":0,"27":1,"28":0,"29":2,"30":0,"31":1,"32":0,"33":0,"34":0},"b":{"0":[2,2,2],"1":[0,0],"2":[0,0],"3":[0,0],"4":[1,1,1,1,1,1,0,1,0],"5":[1,7],"6":[0,1],"7":[0,0],"8":[0,0],"9":[0,0],"10":[0,0,0],"11":[0,0],"12":[0,0],"13":[1,0],"14":[0,0],"15":[0,0,0],"16":[0,0],"17":[0,0],"18":[0,0],"19":[0,0],"20":[0,0],"21":[0,0],"22":[0,0],"23":[0,0],"24":[0,0],"25":[0,0],"26":[0,1],"27":[0,1],"28":[0,6],"29":[0,0],"30":[0,1],"31":[0,0],"32":[0,0],"33":[0,0],"34":[0,0]},"inputSourceMap":null,"_coverageSchema":"1a1c01bbd47fc00a2c39e90264f33305004495a9","hash":"99ed777f0a74bd32ed597c3c0b4b1371297aac0e"}
,"/Users/ks/Desktop/tryCatch/github/mitojs/packages/common/dist/config.js": {"path":"/Users/ks/Desktop/tryCatch/github/mitojs/packages/common/dist/config.js","statementMap":{"0":{"start":{"line":2,"column":0},"end":{"line":2,"column":62}},"1":{"start":{"line":3,"column":0},"end":{"line":3,"column":69}},"2":{"start":{"line":4,"column":0},"end":{"line":4,"column":26}},"3":{"start":{"line":5,"column":0},"end":{"line":5,"column":30}},"4":{"start":{"line":6,"column":0},"end":{"line":6,"column":57}}},"fnMap":{},"branchMap":{},"s":{"0":9,"1":9,"2":9,"3":9,"4":9},"f":{},"b":{},"inputSourceMap":null,"_coverageSchema":"1a1c01bbd47fc00a2c39e90264f33305004495a9","hash":"b6ed3907cd5f0e4c056e660921d07de877d4b712"}
,"/Users/ks/Desktop/tryCatch/github/mitojs/packages/common/dist/constant.js": {"path":"/Users/ks/Desktop/tryCatch/github/mitojs/packages/common/dist/constant.js","statementMap":{"0":{"start":{"line":2,"column":15},"end":{"line":12,"column":1}},"1":{"start":{"line":3,"column":4},"end":{"line":10,"column":6}},"2":{"start":{"line":4,"column":8},"end":{"line":8,"column":9}},"3":{"start":{"line":4,"column":24},"end":{"line":4,"column":25}},"4":{"start":{"line":4,"column":31},"end":{"line":4,"column":47}},"5":{"start":{"line":5,"column":12},"end":{"line":5,"column":29}},"6":{"start":{"line":6,"column":12},"end":{"line":7,"column":28}},"7":{"start":{"line":6,"column":29},"end":{"line":7,"column":28}},"8":{"start":{"line":7,"column":16},"end":{"line":7,"column":28}},"9":{"start":{"line":9,"column":8},"end":{"line":9,"column":17}},"10":{"start":{"line":11,"column":4},"end":{"line":11,"column":43}},"11":{"start":{"line":13,"column":0},"end":{"line":13,"column":62}},"12":{"start":{"line":14,"column":0},"end":{"line":14,"column":283}},"13":{"start":{"line":16,"column":0},"end":{"line":27,"column":65}},"14":{"start":{"line":17,"column":4},"end":{"line":17,"column":38}},"15":{"start":{"line":18,"column":4},"end":{"line":18,"column":56}},"16":{"start":{"line":19,"column":4},"end":{"line":19,"column":56}},"17":{"start":{"line":20,"column":4},"end":{"line":20,"column":42}},"18":{"start":{"line":21,"column":4},"end":{"line":21,"column":45}},"19":{"start":{"line":22,"column":4},"end":{"line":22,"column":42}},"20":{"start":{"line":23,"column":4},"end":{"line":23,"column":46}},"21":{"start":{"line":24,"column":4},"end":{"line":24,"column":52}},"22":{"start":{"line":25,"column":4},"end":{"line":25,"column":50}},"23":{"start":{"line":26,"column":4},"end":{"line":26,"column":46}},"24":{"start":{"line":29,"column":0},"end":{"line":36,"column":68}},"25":{"start":{"line":30,"column":4},"end":{"line":30,"column":47}},"26":{"start":{"line":31,"column":4},"end":{"line":31,"column":43}},"27":{"start":{"line":32,"column":4},"end":{"line":32,"column":43}},"28":{"start":{"line":33,"column":4},"end":{"line":33,"column":45}},"29":{"start":{"line":34,"column":4},"end":{"line":34,"column":59}},"30":{"start":{"line":35,"column":4},"end":{"line":35,"column":71}},"31":{"start":{"line":38,"column":0},"end":{"line":44,"column":71}},"32":{"start":{"line":39,"column":4},"end":{"line":39,"column":46}},"33":{"start":{"line":40,"column":4},"end":{"line":40,"column":46}},"34":{"start":{"line":41,"column":4},"end":{"line":41,"column":68}},"35":{"start":{"line":42,"column":4},"end":{"line":42,"column":64}},"36":{"start":{"line":43,"column":4},"end":{"line":43,"column":58}},"37":{"start":{"line":46,"column":0},"end":{"line":53,"column":74}},"38":{"start":{"line":47,"column":4},"end":{"line":47,"column":45}},"39":{"start":{"line":48,"column":4},"end":{"line":48,"column":43}},"40":{"start":{"line":49,"column":4},"end":{"line":49,"column":47}},"41":{"start":{"line":50,"column":4},"end":{"line":50,"column":47}},"42":{"start":{"line":51,"column":4},"end":{"line":51,"column":51}},"43":{"start":{"line":52,"column":4},"end":{"line":52,"column":45}},"44":{"start":{"line":54,"column":0},"end":{"line":54,"column":98}},"45":{"start":{"line":56,"column":0},"end":{"line":78,"column":80}},"46":{"start":{"line":57,"column":4},"end":{"line":57,"column":39}},"47":{"start":{"line":58,"column":4},"end":{"line":58,"column":42}},"48":{"start":{"line":59,"column":4},"end":{"line":59,"column":43}},"49":{"start":{"line":60,"column":4},"end":{"line":60,"column":35}},"50":{"start":{"line":61,"column":4},"end":{"line":61,"column":39}},"51":{"start":{"line":62,"column":4},"end":{"line":62,"column":65}},"52":{"start":{"line":63,"column":4},"end":{"line":63,"column":35}},"53":{"start":{"line":64,"column":4},"end":{"line":64,"column":39}},"54":{"start":{"line":65,"column":4},"end":{"line":65,"column":45}},"55":{"start":{"line":66,"column":4},"end":{"line":66,"column":49}},"56":{"start":{"line":67,"column":4},"end":{"line":67,"column":45}},"57":{"start":{"line":68,"column":4},"end":{"line":68,"column":51}},"58":{"start":{"line":69,"column":4},"end":{"line":69,"column":55}},"59":{"start":{"line":70,"column":4},"end":{"line":70,"column":51}},"60":{"start":{"line":71,"column":4},"end":{"line":71,"column":53}},"61":{"start":{"line":72,"column":4},"end":{"line":72,"column":53}},"62":{"start":{"line":73,"column":4},"end":{"line":73,"column":79}},"63":{"start":{"line":74,"column":4},"end":{"line":74,"column":73}},"64":{"start":{"line":75,"column":4},"end":{"line":75,"column":69}},"65":{"start":{"line":76,"column":4},"end":{"line":76,"column":38}},"66":{"start":{"line":77,"column":4},"end":{"line":77,"column":50}},"67":{"start":{"line":80,"column":0},"end":{"line":86,"column":92}},"68":{"start":{"line":81,"column":4},"end":{"line":81,"column":41}},"69":{"start":{"line":82,"column":4},"end":{"line":82,"column":41}},"70":{"start":{"line":83,"column":4},"end":{"line":83,"column":43}},"71":{"start":{"line":84,"column":4},"end":{"line":84,"column":51}},"72":{"start":{"line":85,"column":4},"end":{"line":85,"column":51}},"73":{"start":{"line":88,"column":0},"end":{"line":100,"column":65}},"74":{"start":{"line":89,"column":4},"end":{"line":89,"column":30}},"75":{"start":{"line":90,"column":4},"end":{"line":90,"column":34}},"76":{"start":{"line":91,"column":4},"end":{"line":91,"column":38}},"77":{"start":{"line":92,"column":4},"end":{"line":92,"column":30}},"78":{"start":{"line":93,"column":4},"end":{"line":93,"column":38}},"79":{"start":{"line":94,"column":4},"end":{"line":94,"column":34}},"80":{"start":{"line":95,"column":4},"end":{"line":95,"column":44}},"81":{"start":{"line":96,"column":4},"end":{"line":96,"column":60}},"82":{"start":{"line":97,"column":4},"end":{"line":97,"column":32}},"83":{"start":{"line":98,"column":4},"end":{"line":98,"column":30}},"84":{"start":{"line":99,"column":4},"end":{"line":99,"column":43}},"85":{"start":{"line":102,"column":0},"end":{"line":105,"column":59}},"86":{"start":{"line":103,"column":4},"end":{"line":103,"column":28}},"87":{"start":{"line":104,"column":4},"end":{"line":104,"column":32}},"88":{"start":{"line":107,"column":0},"end":{"line":111,"column":62}},"89":{"start":{"line":108,"column":4},"end":{"line":108,"column":62}},"90":{"start":{"line":109,"column":4},"end":{"line":109,"column":64}},"91":{"start":{"line":110,"column":4},"end":{"line":110,"column":76}},"92":{"start":{"line":112,"column":0},"end":{"line":112,"column":130}},"93":{"start":{"line":113,"column":16},"end":{"line":116,"column":1}},"94":{"start":{"line":117,"column":0},"end":{"line":117,"column":30}}},"fnMap":{"0":{"name":"(anonymous_0)","decl":{"start":{"line":2,"column":42},"end":{"line":2,"column":43}},"loc":{"start":{"line":2,"column":54},"end":{"line":12,"column":1}},"line":2},"1":{"name":"(anonymous_1)","decl":{"start":{"line":3,"column":32},"end":{"line":3,"column":33}},"loc":{"start":{"line":3,"column":44},"end":{"line":10,"column":5}},"line":3},"2":{"name":"(anonymous_2)","decl":{"start":{"line":16,"column":1},"end":{"line":16,"column":2}},"loc":{"start":{"line":16,"column":23},"end":{"line":27,"column":1}},"line":16},"3":{"name":"(anonymous_3)","decl":{"start":{"line":29,"column":1},"end":{"line":29,"column":2}},"loc":{"start":{"line":29,"column":24},"end":{"line":36,"column":1}},"line":29},"4":{"name":"(anonymous_4)","decl":{"start":{"line":38,"column":1},"end":{"line":38,"column":2}},"loc":{"start":{"line":38,"column":25},"end":{"line":44,"column":1}},"line":38},"5":{"name":"(anonymous_5)","decl":{"start":{"line":46,"column":1},"end":{"line":46,"column":2}},"loc":{"start":{"line":46,"column":26},"end":{"line":53,"column":1}},"line":46},"6":{"name":"(anonymous_6)","decl":{"start":{"line":56,"column":1},"end":{"line":56,"column":2}},"loc":{"start":{"line":56,"column":28},"end":{"line":78,"column":1}},"line":56},"7":{"name":"(anonymous_7)","decl":{"start":{"line":80,"column":1},"end":{"line":80,"column":2}},"loc":{"start":{"line":80,"column":32},"end":{"line":86,"column":1}},"line":80},"8":{"name":"(anonymous_8)","decl":{"start":{"line":88,"column":1},"end":{"line":88,"column":2}},"loc":{"start":{"line":88,"column":23},"end":{"line":100,"column":1}},"line":88},"9":{"name":"(anonymous_9)","decl":{"start":{"line":102,"column":1},"end":{"line":102,"column":2}},"loc":{"start":{"line":102,"column":21},"end":{"line":105,"column":1}},"line":102},"10":{"name":"(anonymous_10)","decl":{"start":{"line":107,"column":1},"end":{"line":107,"column":2}},"loc":{"start":{"line":107,"column":22},"end":{"line":111,"column":1}},"line":107}},"branchMap":{"0":{"loc":{"start":{"line":2,"column":15},"end":{"line":12,"column":1}},"type":"binary-expr","locations":[{"start":{"line":2,"column":16},"end":{"line":2,"column":20}},{"start":{"line":2,"column":24},"end":{"line":2,"column":37}},{"start":{"line":2,"column":42},"end":{"line":12,"column":1}}],"line":2},"1":{"loc":{"start":{"line":3,"column":15},"end":{"line":10,"column":5}},"type":"binary-expr","locations":[{"start":{"line":3,"column":15},"end":{"line":3,"column":28}},{"start":{"line":3,"column":32},"end":{"line":10,"column":5}}],"line":3},"2":{"loc":{"start":{"line":6,"column":29},"end":{"line":7,"column":28}},"type":"if","locations":[{"start":{"line":6,"column":29},"end":{"line":7,"column":28}},{"start":{"line":6,"column":29},"end":{"line":7,"column":28}}],"line":6},"3":{"loc":{"start":{"line":27,"column":16},"end":{"line":27,"column":63}},"type":"binary-expr","locations":[{"start":{"line":27,"column":16},"end":{"line":27,"column":34}},{"start":{"line":27,"column":39},"end":{"line":27,"column":62}}],"line":27},"4":{"loc":{"start":{"line":36,"column":17},"end":{"line":36,"column":66}},"type":"binary-expr","locations":[{"start":{"line":36,"column":17},"end":{"line":36,"column":36}},{"start":{"line":36,"column":41},"end":{"line":36,"column":65}}],"line":36},"5":{"loc":{"start":{"line":44,"column":18},"end":{"line":44,"column":69}},"type":"binary-expr","locations":[{"start":{"line":44,"column":18},"end":{"line":44,"column":38}},{"start":{"line":44,"column":43},"end":{"line":44,"column":68}}],"line":44},"6":{"loc":{"start":{"line":53,"column":19},"end":{"line":53,"column":72}},"type":"binary-expr","locations":[{"start":{"line":53,"column":19},"end":{"line":53,"column":40}},{"start":{"line":53,"column":45},"end":{"line":53,"column":71}}],"line":53},"7":{"loc":{"start":{"line":78,"column":21},"end":{"line":78,"column":78}},"type":"binary-expr","locations":[{"start":{"line":78,"column":21},"end":{"line":78,"column":44}},{"start":{"line":78,"column":49},"end":{"line":78,"column":77}}],"line":78},"8":{"loc":{"start":{"line":86,"column":25},"end":{"line":86,"column":90}},"type":"binary-expr","locations":[{"start":{"line":86,"column":25},"end":{"line":86,"column":52}},{"start":{"line":86,"column":57},"end":{"line":86,"column":89}}],"line":86},"9":{"loc":{"start":{"line":100,"column":16},"end":{"line":100,"column":63}},"type":"binary-expr","locations":[{"start":{"line":100,"column":16},"end":{"line":100,"column":34}},{"start":{"line":100,"column":39},"end":{"line":100,"column":62}}],"line":100},"10":{"loc":{"start":{"line":105,"column":14},"end":{"line":105,"column":57}},"type":"binary-expr","locations":[{"start":{"line":105,"column":14},"end":{"line":105,"column":30}},{"start":{"line":105,"column":35},"end":{"line":105,"column":56}}],"line":105},"11":{"loc":{"start":{"line":111,"column":15},"end":{"line":111,"column":60}},"type":"binary-expr","locations":[{"start":{"line":111,"column":15},"end":{"line":111,"column":32}},{"start":{"line":111,"column":37},"end":{"line":111,"column":59}}],"line":111}},"s":{"0":9,"1":27,"2":0,"3":0,"4":0,"5":0,"6":0,"7":0,"8":0,"9":0,"10":27,"11":9,"12":9,"13":9,"14":9,"15":9,"16":9,"17":9,"18":9,"19":9,"20":9,"21":9,"22":9,"23":9,"24":9,"25":9,"26":9,"27":9,"28":9,"29":9,"30":9,"31":9,"32":9,"33":9,"34":9,"35":9,"36":9,"37":9,"38":9,"39":9,"40":9,"41":9,"42":9,"43":9,"44":9,"45":9,"46":9,"47":9,"48":9,"49":9,"50":9,"51":9,"52":9,"53":9,"54":9,"55":9,"56":9,"57":9,"58":9,"59":9,"60":9,"61":9,"62":9,"63":9,"64":9,"65":9,"66":9,"67":9,"68":9,"69":9,"70":9,"71":9,"72":9,"73":9,"74":9,"75":9,"76":9,"77":9,"78":9,"79":9,"80":9,"81":9,"82":9,"83":9,"84":9,"85":9,"86":9,"87":9,"88":9,"89":9,"90":9,"91":9,"92":9,"93":9,"94":9},"f":{"0":27,"1":0,"2":9,"3":9,"4":9,"5":9,"6":9,"7":9,"8":9,"9":9,"10":9},"b":{"0":[9,9,9],"1":[27,0],"2":[0,0],"3":[9,9],"4":[9,9],"5":[9,9],"6":[9,9],"7":[9,9],"8":[9,9],"9":[9,9],"10":[9,9],"11":[9,9]},"inputSourceMap":null,"_coverageSchema":"1a1c01bbd47fc00a2c39e90264f33305004495a9","hash":"b439617d57bb7a94f699fa80a1380f8d403ce44d"}
,"/Users/ks/Desktop/tryCatch/github/mitojs/packages/common/dist/handleEvents.js": {"path":"/Users/ks/Desktop/tryCatch/github/mitojs/packages/common/dist/handleEvents.js","statementMap":{"0":{"start":{"line":2,"column":0},"end":{"line":2,"column":62}},"1":{"start":{"line":3,"column":0},"end":{"line":3,"column":31}},"2":{"start":{"line":4,"column":13},"end":{"line":4,"column":34}},"3":{"start":{"line":5,"column":14},"end":{"line":5,"column":36}},"4":{"start":{"line":6,"column":17},"end":{"line":6,"column":38}},"5":{"start":{"line":8,"column":4},"end":{"line":15,"column":5}},"6":{"start":{"line":9,"column":8},"end":{"line":14,"column":11}},"7":{"start":{"line":17,"column":0},"end":{"line":17,"column":38}}},"fnMap":{"0":{"name":"handleConsole","decl":{"start":{"line":7,"column":9},"end":{"line":7,"column":22}},"loc":{"start":{"line":7,"column":29},"end":{"line":16,"column":1}},"line":7}},"branchMap":{"0":{"loc":{"start":{"line":8,"column":4},"end":{"line":15,"column":5}},"type":"if","locations":[{"start":{"line":8,"column":4},"end":{"line":15,"column":5}},{"start":{"line":8,"column":4},"end":{"line":15,"column":5}}],"line":8}},"s":{"0":9,"1":9,"2":9,"3":9,"4":9,"5":0,"6":0,"7":9},"f":{"0":0},"b":{"0":[0,0]},"inputSourceMap":null,"_coverageSchema":"1a1c01bbd47fc00a2c39e90264f33305004495a9","hash":"a1b4e3f5084f432b597a28150e81a3f21e4517a9"}
,"/Users/ks/Desktop/tryCatch/github/mitojs/packages/common/dist/index.js": {"path":"/Users/ks/Desktop/tryCatch/github/mitojs/packages/common/dist/index.js","statementMap":{"0":{"start":{"line":2,"column":22},"end":{"line":8,"column":3}},"1":{"start":{"line":3,"column":4},"end":{"line":3,"column":33}},"2":{"start":{"line":3,"column":26},"end":{"line":3,"column":33}},"3":{"start":{"line":4,"column":4},"end":{"line":4,"column":89}},"4":{"start":{"line":4,"column":71},"end":{"line":4,"column":83}},"5":{"start":{"line":6,"column":4},"end":{"line":6,"column":33}},"6":{"start":{"line":6,"column":26},"end":{"line":6,"column":33}},"7":{"start":{"line":7,"column":4},"end":{"line":7,"column":17}},"8":{"start":{"line":9,"column":19},"end":{"line":11,"column":1}},"9":{"start":{"line":10,"column":4},"end":{"line":10,"column":103}},"10":{"start":{"line":10,"column":21},"end":{"line":10,"column":103}},"11":{"start":{"line":10,"column":72},"end":{"line":10,"column":103}},"12":{"start":{"line":12,"column":0},"end":{"line":12,"column":62}},"13":{"start":{"line":13,"column":0},"end":{"line":13,"column":43}},"14":{"start":{"line":14,"column":0},"end":{"line":14,"column":45}},"15":{"start":{"line":15,"column":0},"end":{"line":15,"column":48}},"16":{"start":{"line":16,"column":0},"end":{"line":16,"column":46}},"17":{"start":{"line":17,"column":0},"end":{"line":17,"column":49}}},"fnMap":{"0":{"name":"(anonymous_0)","decl":{"start":{"line":2,"column":74},"end":{"line":2,"column":75}},"loc":{"start":{"line":2,"column":96},"end":{"line":5,"column":1}},"line":2},"1":{"name":"(anonymous_1)","decl":{"start":{"line":4,"column":58},"end":{"line":4,"column":59}},"loc":{"start":{"line":4,"column":69},"end":{"line":4,"column":85}},"line":4},"2":{"name":"(anonymous_2)","decl":{"start":{"line":5,"column":6},"end":{"line":5,"column":7}},"loc":{"start":{"line":5,"column":28},"end":{"line":8,"column":1}},"line":5},"3":{"name":"(anonymous_3)","decl":{"start":{"line":9,"column":50},"end":{"line":9,"column":51}},"loc":{"start":{"line":9,"column":71},"end":{"line":11,"column":1}},"line":9}},"branchMap":{"0":{"loc":{"start":{"line":2,"column":22},"end":{"line":8,"column":3}},"type":"binary-expr","locations":[{"start":{"line":2,"column":23},"end":{"line":2,"column":27}},{"start":{"line":2,"column":31},"end":{"line":2,"column":51}},{"start":{"line":2,"column":57},"end":{"line":8,"column":2}}],"line":2},"1":{"loc":{"start":{"line":2,"column":57},"end":{"line":8,"column":2}},"type":"cond-expr","locations":[{"start":{"line":2,"column":74},"end":{"line":5,"column":1}},{"start":{"line":5,"column":6},"end":{"line":8,"column":1}}],"line":2},"2":{"loc":{"start":{"line":3,"column":4},"end":{"line":3,"column":33}},"type":"if","locations":[{"start":{"line":3,"column":4},"end":{"line":3,"column":33}},{"start":{"line":3,"column":4},"end":{"line":3,"column":33}}],"line":3},"3":{"loc":{"start":{"line":6,"column":4},"end":{"line":6,"column":33}},"type":"if","locations":[{"start":{"line":6,"column":4},"end":{"line":6,"column":33}},{"start":{"line":6,"column":4},"end":{"line":6,"column":33}}],"line":6},"4":{"loc":{"start":{"line":9,"column":19},"end":{"line":11,"column":1}},"type":"binary-expr","locations":[{"start":{"line":9,"column":20},"end":{"line":9,"column":24}},{"start":{"line":9,"column":28},"end":{"line":9,"column":45}},{"start":{"line":9,"column":50},"end":{"line":11,"column":1}}],"line":9},"5":{"loc":{"start":{"line":10,"column":21},"end":{"line":10,"column":103}},"type":"if","locations":[{"start":{"line":10,"column":21},"end":{"line":10,"column":103}},{"start":{"line":10,"column":21},"end":{"line":10,"column":103}}],"line":10},"6":{"loc":{"start":{"line":10,"column":25},"end":{"line":10,"column":70}},"type":"binary-expr","locations":[{"start":{"line":10,"column":25},"end":{"line":10,"column":40}},{"start":{"line":10,"column":44},"end":{"line":10,"column":70}}],"line":10}},"s":{"0":9,"1":171,"2":171,"3":171,"4":393,"5":0,"6":0,"7":0,"8":9,"9":45,"10":171,"11":171,"12":9,"13":9,"14":9,"15":9,"16":9,"17":9},"f":{"0":171,"1":393,"2":0,"3":45},"b":{"0":[9,9,9],"1":[9,0],"2":[171,0],"3":[0,0],"4":[9,9,9],"5":[171,0],"6":[171,171]},"inputSourceMap":null,"_coverageSchema":"1a1c01bbd47fc00a2c39e90264f33305004495a9","hash":"187f076a8f59a2df3ff9127699a0fc83cb6238e9"}
,"/Users/ks/Desktop/tryCatch/github/mitojs/packages/common/dist/initOpitons.js": {"path":"/Users/ks/Desktop/tryCatch/github/mitojs/packages/common/dist/initOpitons.js","statementMap":{"0":{"start":{"line":2,"column":0},"end":{"line":2,"column":62}},"1":{"start":{"line":3,"column":0},"end":{"line":3,"column":29}},"2":{"start":{"line":4,"column":13},"end":{"line":4,"column":34}},"3":{"start":{"line":5,"column":14},"end":{"line":5,"column":36}},"4":{"start":{"line":7,"column":4},"end":{"line":7,"column":45}},"5":{"start":{"line":7,"column":30},"end":{"line":7,"column":43}},"6":{"start":{"line":8,"column":4},"end":{"line":8,"column":35}},"7":{"start":{"line":9,"column":4},"end":{"line":9,"column":43}},"8":{"start":{"line":10,"column":4},"end":{"line":10,"column":46}},"9":{"start":{"line":11,"column":4},"end":{"line":11,"column":46}},"10":{"start":{"line":12,"column":4},"end":{"line":12,"column":40}},"11":{"start":{"line":14,"column":0},"end":{"line":14,"column":34}}},"fnMap":{"0":{"name":"initOptions","decl":{"start":{"line":6,"column":9},"end":{"line":6,"column":20}},"loc":{"start":{"line":6,"column":30},"end":{"line":13,"column":1}},"line":6}},"branchMap":{"0":{"loc":{"start":{"line":7,"column":4},"end":{"line":7,"column":45}},"type":"if","locations":[{"start":{"line":7,"column":4},"end":{"line":7,"column":45}},{"start":{"line":7,"column":4},"end":{"line":7,"column":45}}],"line":7}},"s":{"0":9,"1":9,"2":9,"3":9,"4":1,"5":0,"6":1,"7":1,"8":1,"9":1,"10":1,"11":9},"f":{"0":1},"b":{"0":[0,1]},"inputSourceMap":null,"_coverageSchema":"1a1c01bbd47fc00a2c39e90264f33305004495a9","hash":"e6baf69d4a5e2ce42c1d04b5d2097978c4e48b76"}
,"/Users/ks/Desktop/tryCatch/github/mitojs/packages/common/dist/subscribe.js": {"path":"/Users/ks/Desktop/tryCatch/github/mitojs/packages/common/dist/subscribe.js","statementMap":{"0":{"start":{"line":2,"column":0},"end":{"line":2,"column":62}},"1":{"start":{"line":3,"column":0},"end":{"line":3,"column":58}},"2":{"start":{"line":4,"column":14},"end":{"line":4,"column":36}},"3":{"start":{"line":5,"column":15},"end":{"line":5,"column":17}},"4":{"start":{"line":7,"column":4},"end":{"line":8,"column":21}},"5":{"start":{"line":8,"column":8},"end":{"line":8,"column":21}},"6":{"start":{"line":9,"column":4},"end":{"line":9,"column":40}},"7":{"start":{"line":10,"column":4},"end":{"line":10,"column":58}},"8":{"start":{"line":11,"column":4},"end":{"line":11,"column":50}},"9":{"start":{"line":12,"column":4},"end":{"line":12,"column":16}},"10":{"start":{"line":14,"column":0},"end":{"line":14,"column":40}},"11":{"start":{"line":16,"column":4},"end":{"line":17,"column":15}},"12":{"start":{"line":17,"column":8},"end":{"line":17,"column":15}},"13":{"start":{"line":18,"column":4},"end":{"line":24,"column":7}},"14":{"start":{"line":19,"column":8},"end":{"line":23,"column":11}},"15":{"start":{"line":20,"column":12},"end":{"line":20,"column":27}},"16":{"start":{"line":22,"column":12},"end":{"line":22,"column":211}},"17":{"start":{"line":26,"column":0},"end":{"line":26,"column":42}}},"fnMap":{"0":{"name":"subscribeEvent","decl":{"start":{"line":6,"column":9},"end":{"line":6,"column":23}},"loc":{"start":{"line":6,"column":33},"end":{"line":13,"column":1}},"line":6},"1":{"name":"triggerHandlers","decl":{"start":{"line":15,"column":9},"end":{"line":15,"column":24}},"loc":{"start":{"line":15,"column":37},"end":{"line":25,"column":1}},"line":15},"2":{"name":"(anonymous_2)","decl":{"start":{"line":18,"column":27},"end":{"line":18,"column":28}},"loc":{"start":{"line":18,"column":47},"end":{"line":24,"column":5}},"line":18},"3":{"name":"(anonymous_3)","decl":{"start":{"line":19,"column":31},"end":{"line":19,"column":32}},"loc":{"start":{"line":19,"column":43},"end":{"line":21,"column":9}},"line":19},"4":{"name":"(anonymous_4)","decl":{"start":{"line":21,"column":11},"end":{"line":21,"column":12}},"loc":{"start":{"line":21,"column":24},"end":{"line":23,"column":9}},"line":21}},"branchMap":{"0":{"loc":{"start":{"line":7,"column":4},"end":{"line":8,"column":21}},"type":"if","locations":[{"start":{"line":7,"column":4},"end":{"line":8,"column":21}},{"start":{"line":7,"column":4},"end":{"line":8,"column":21}}],"line":7},"1":{"loc":{"start":{"line":7,"column":8},"end":{"line":7,"column":49}},"type":"binary-expr","locations":[{"start":{"line":7,"column":8},"end":{"line":7,"column":16}},{"start":{"line":7,"column":20},"end":{"line":7,"column":49}}],"line":7},"2":{"loc":{"start":{"line":10,"column":29},"end":{"line":10,"column":57}},"type":"binary-expr","locations":[{"start":{"line":10,"column":29},"end":{"line":10,"column":51}},{"start":{"line":10,"column":55},"end":{"line":10,"column":57}}],"line":10},"3":{"loc":{"start":{"line":16,"column":4},"end":{"line":17,"column":15}},"type":"if","locations":[{"start":{"line":16,"column":4},"end":{"line":17,"column":15}},{"start":{"line":16,"column":4},"end":{"line":17,"column":15}}],"line":16},"4":{"loc":{"start":{"line":16,"column":8},"end":{"line":16,"column":32}},"type":"binary-expr","locations":[{"start":{"line":16,"column":8},"end":{"line":16,"column":13}},{"start":{"line":16,"column":17},"end":{"line":16,"column":32}}],"line":16}},"s":{"0":9,"1":9,"2":9,"3":9,"4":9,"5":1,"6":8,"7":8,"8":8,"9":8,"10":9,"11":1,"12":0,"13":1,"14":1,"15":1,"16":0,"17":9},"f":{"0":9,"1":1,"2":1,"3":1,"4":0},"b":{"0":[1,8],"1":[9,9],"2":[8,8],"3":[0,1],"4":[1,1]},"inputSourceMap":null,"_coverageSchema":"1a1c01bbd47fc00a2c39e90264f33305004495a9","hash":"7c3ef39ea6cd2513910550f5af616044c8aef91f"}
,"/Users/ks/Desktop/tryCatch/github/mitojs/packages/core/dist/breadcrumb.js": {"path":"/Users/ks/Desktop/tryCatch/github/mitojs/packages/core/dist/breadcrumb.js","statementMap":{"0":{"start":{"line":2,"column":0},"end":{"line":2,"column":62}},"1":{"start":{"line":3,"column":0},"end":{"line":3,"column":49}},"2":{"start":{"line":4,"column":15},"end":{"line":4,"column":38}},"3":{"start":{"line":5,"column":14},"end":{"line":5,"column":36}},"4":{"start":{"line":6,"column":18},"end":{"line":82,"column":3}},"5":{"start":{"line":8,"column":8},"end":{"line":8,"column":33}},"6":{"start":{"line":9,"column":8},"end":{"line":9,"column":41}},"7":{"start":{"line":10,"column":8},"end":{"line":10,"column":24}},"8":{"start":{"line":12,"column":4},"end":{"line":26,"column":6}},"9":{"start":{"line":13,"column":20},"end":{"line":13,"column":24}},"10":{"start":{"line":14,"column":8},"end":{"line":24,"column":9}},"11":{"start":{"line":15,"column":27},"end":{"line":15,"column":31}},"12":{"start":{"line":16,"column":41},"end":{"line":16,"column":66}},"13":{"start":{"line":17,"column":12},"end":{"line":19,"column":15}},"14":{"start":{"line":18,"column":16},"end":{"line":18,"column":63}},"15":{"start":{"line":20,"column":12},"end":{"line":21,"column":23}},"16":{"start":{"line":21,"column":16},"end":{"line":21,"column":23}},"17":{"start":{"line":22,"column":12},"end":{"line":22,"column":41}},"18":{"start":{"line":23,"column":12},"end":{"line":23,"column":19}},"19":{"start":{"line":25,"column":8},"end":{"line":25,"column":33}},"20":{"start":{"line":27,"column":4},"end":{"line":34,"column":6}},"21":{"start":{"line":28,"column":8},"end":{"line":28,"column":43}},"22":{"start":{"line":29,"column":8},"end":{"line":31,"column":9}},"23":{"start":{"line":30,"column":12},"end":{"line":30,"column":25}},"24":{"start":{"line":32,"column":8},"end":{"line":32,"column":30}},"25":{"start":{"line":33,"column":8},"end":{"line":33,"column":39}},"26":{"start":{"line":35,"column":4},"end":{"line":37,"column":6}},"27":{"start":{"line":36,"column":8},"end":{"line":36,"column":48}},"28":{"start":{"line":38,"column":4},"end":{"line":40,"column":6}},"29":{"start":{"line":39,"column":8},"end":{"line":39,"column":24}},"30":{"start":{"line":41,"column":4},"end":{"line":43,"column":6}},"31":{"start":{"line":42,"column":8},"end":{"line":42,"column":26}},"32":{"start":{"line":44,"column":4},"end":{"line":74,"column":6}},"33":{"start":{"line":45,"column":8},"end":{"line":73,"column":9}},"34":{"start":{"line":48,"column":16},"end":{"line":48,"column":57}},"35":{"start":{"line":53,"column":16},"end":{"line":53,"column":57}},"36":{"start":{"line":56,"column":16},"end":{"line":56,"column":58}},"37":{"start":{"line":65,"column":16},"end":{"line":65,"column":62}},"38":{"start":{"line":72,"column":16},"end":{"line":72,"column":62}},"39":{"start":{"line":75,"column":4},"end":{"line":80,"column":6}},"40":{"start":{"line":76,"column":8},"end":{"line":76,"column":49}},"41":{"start":{"line":76,"column":34},"end":{"line":76,"column":47}},"42":{"start":{"line":77,"column":29},"end":{"line":77,"column":51}},"43":{"start":{"line":77,"column":76},"end":{"line":77,"column":104}},"44":{"start":{"line":78,"column":8},"end":{"line":78,"column":117}},"45":{"start":{"line":79,"column":8},"end":{"line":79,"column":143}},"46":{"start":{"line":81,"column":4},"end":{"line":81,"column":22}},"47":{"start":{"line":83,"c
[...]
,"statementMap":{"0":{"start":{"line":2,"column":0},"end":{"line":2,"column":62}},"1":{"start":{"line":3,"column":0},"end":{"line":3,"column":173}},"2":{"start":{"line":4,"column":0},"end":{"line":4,"column":51}},"3":{"start":{"line":6,"column":4},"end":{"line":8,"column":6}},"4":{"start":{"line":7,"column":8},"end":{"line":7,"column":78}},"5":{"start":{"line":10,"column":0},"end":{"line":22,"column":2}},"6":{"start":{"line":24,"column":4},"end":{"line":33,"column":5}},"7":{"start":{"line":26,"column":12},"end":{"line":26,"column":24}},"8":{"start":{"line":28,"column":12},"end":{"line":28,"column":24}},"9":{"start":{"line":30,"column":12},"end":{"line":30,"column":24}},"10":{"start":{"line":32,"column":12},"end":{"line":32,"column":44}},"11":{"start":{"line":35,"column":0},"end":{"line":35,"column":26}},"12":{"start":{"line":37,"column":4},"end":{"line":37,"column":88}},"13":{"start":{"line":39,"column":0},"end":{"line":39,"column":38}},"14":{"start":{"line":41,"column":4},"end":{"line":41,"column":115}},"15":{"start":{"line":43,"column":0},"end":{"line":43,"column":26}},"16":{"start":{"line":45,"column":4},"end":{"line":50,"column":5}},"17":{"start":{"line":46,"column":8},"end":{"line":46,"column":35}},"18":{"start":{"line":49,"column":8},"end":{"line":49,"column":21}},"19":{"start":{"line":52,"column":0},"end":{"line":52,"column":36}},"20":{"start":{"line":54,"column":4},"end":{"line":54,"column":35}},"21":{"start":{"line":56,"column":0},"end":{"line":56,"column":42}}},"fnMap":{"0":{"name":"isType","decl":{"start":{"line":5,"column":9},"end":{"line":5,"column":15}},"loc":{"start":{"line":5,"column":22},"end":{"line":9,"column":1}},"line":5},"1":{"name":"(anonymous_1)","decl":{"start":{"line":6,"column":11},"end":{"line":6,"column":12}},"loc":{"start":{"line":6,"column":28},"end":{"line":8,"column":5}},"line":6},"2":{"name":"isError","decl":{"start":{"line":23,"column":9},"end":{"line":23,"column":16}},"loc":{"start":{"line":23,"column":22},"end":{"line":34,"column":1}},"line":23},"3":{"name":"isEmptyObject","decl":{"start":{"line":36,"column":9},"end":{"line":36,"column":22}},"loc":{"start":{"line":36,"column":28},"end":{"line":38,"column":1}},"line":36},"4":{"name":"isEmpty","decl":{"start":{"line":40,"column":9},"end":{"line":40,"column":16}},"loc":{"start":{"line":40,"column":22},"end":{"line":42,"column":1}},"line":40},"5":{"name":"isInstanceOf","decl":{"start":{"line":44,"column":9},"end":{"line":44,"column":21}},"loc":{"start":{"line":44,"column":33},"end":{"line":51,"column":1}},"line":44},"6":{"name":"isExistProperty","decl":{"start":{"line":53,"column":9},"end":{"line":53,"column":24}},"loc":{"start":{"line":53,"column":35},"end":{"line":55,"column":1}},"line":53}},"branchMap":{"0":{"loc":{"start":{"line":24,"column":4},"end":{"line":33,"column":5}},"type":"switch","locations":[{"start":{"line":25,"column":8},"end":{"line":26,"column":24}},{"start":{"line":27,"column":8},"end":{"line":28,"column":24}},{"start":{"line":29,"column":8},"end":{"line":30,"column":24}},{"start":{"line":31,"column":8},"end":{"line":32,"column":44}}],"line":24},"1":{"loc":{"start":{"line":37,"column":11},"end":{"line":37,"column":87}},"type":"binary-expr","locations":[{"start":{"line":37,"column":11},"end":{"line":37,"column":54}},{"start":{"line":37,"column":58},"end":{"line":37,"column":87}}],"line":37},"2":{"loc":{"start":{"line":41,"column":11},"end":{"line":41,"column":114}},"type":"binary-expr","locations":[{"start":{"line":41,"column":12},"end":{"line":41,"column":55}},{"start":{"line":41,"column":59},"end":{"line":41,"column":76}},{"start":{"line":41,"column":81},"end":{"line":41,"column":98}},{"start":{"line":41,"column":102},"end":{"line":41,"column":114}}],"line":41}},"s":{"0":9,"1":9,"2":9,"3":99,"4":38,"5":9,"6":1,"7":0,"8":0,"9":0,"10":1,"11":9,"12":0,"13":9,"14":0,"15":9,"16":1,"17":1,"18":0,"19":9,"20":1,"21":9},"f":{"0":99,"1":38,"2":1,"3":0,"4":0,"5":1,"6":1},"b":{"0":[0,0,0,1],"1":[0,0],"2":[0,0,0,0]},"inputSourceMap":null,"_coverageSchema":"1a1c01bbd47fc00a2c39e90264f33305004495a9","hash":"02bb165c92c71ff3985166d0018a83768d5d9929"}
,"/Users/ks/Desktop/tryCatch/github/mitojs/packages/utils/dist/logger.js": {"path":"/Users/ks/Desktop/tryCatch/github/mitojs/packages/utils/dist/logger.js","statementMap":{"0":{"start":{"line":2,"column":21},"end":{"line":8,"column":1}},"1":{"start":{"line":3,"column":4},"end":{"line":3,"column":88}},"2":{"start":{"line":3,"column":17},"end":{"line":3,"column":18}},"3":{"start":{"line":3,"column":24},"end":{"line":3,"column":25}},"4":{"start":{"line":3,"column":32},"end":{"line":3,"column":48}},"5":{"start":{"line":3,"column":63},"end":{"line":3,"column":88}},"6":{"start":{"line":4,"column":4},"end":{"line":6,"column":24}},"7":{"start":{"line":4,"column":17},"end":{"line":4,"column":25}},"8":{"start":{"line":4,"column":31},"end":{"line":4,"column":32}},"9":{"start":{"line":4,"column":38},"end":{"line":4,"column":39}},"10":{"start":{"line":5,"column":8},"end":{"line":6,"column":24}},"11":{"start":{"line":5,"column":21},"end":{"line":5,"column":33}},"12":{"start":{"line":5,"column":39},"end":{"line":5,"column":40}},"13":{"start":{"line":5,"column":47},"end":{"line":5,"column":55}},"14":{"start":{"line":6,"column":12},"end":{"line":6,"column":24}},"15":{"start":{"line":7,"column":4},"end":{"line":7,"column":13}},"16":{"start":{"line":9,"column":0},"end":{"line":9,"column":62}},"17":{"start":{"line":10,"column":0},"end":{"line":10,"column":41}},"18":{"start":{"line":11,"column":15},"end":{"line":11,"column":34}},"19":{"start":{"line":12,"column":13},"end":{"line":12,"column":26}},"20":{"start":{"line":13,"column":14},"end":{"line":74,"column":3}},"21":{"start":{"line":15,"column":20},"end":{"line":15,"column":24}},"22":{"start":{"line":16,"column":8},"end":{"line":16,"column":29}},"23":{"start":{"line":17,"column":8},"end":{"line":17,"column":27}},"24":{"start":{"line":18,"column":8},"end":{"line":18,"column":71}},"25":{"start":{"line":19,"column":8},"end":{"line":26,"column":9}},"26":{"start":{"line":20,"column":26},"end":{"line":20,"column":77}},"27":{"start":{"line":21,"column":12},"end":{"line":25,"column":15}},"28":{"start":{"line":22,"column":16},"end":{"line":23,"column":27}},"29":{"start":{"line":23,"column":20},"end":{"line":23,"column":27}},"30":{"start":{"line":24,"column":16},"end":{"line":24,"column":72}},"31":{"start":{"line":28,"column":4},"end":{"line":30,"column":6}},"32":{"start":{"line":29,"column":8},"end":{"line":29,"column":29}},"33":{"start":{"line":31,"column":4},"end":{"line":33,"column":6}},"34":{"start":{"line":32,"column":8},"end":{"line":32,"column":44}},"35":{"start":{"line":34,"column":4},"end":{"line":36,"column":6}},"36":{"start":{"line":35,"column":8},"end":{"line":35,"column":28}},"37":{"start":{"line":37,"column":4},"end":{"line":39,"column":6}},"38":{"start":{"line":38,"column":8},"end":{"line":38,"column":28}},"39":{"start":{"line":40,"column":4},"end":{"line":50,"column":6}},"40":{"start":{"line":42,"column":19},"end":{"line":42,"column":21}},"41":{"start":{"line":43,"column":8},"end":{"line":45,"column":9}},"42":{"start":{"line":43,"column":22},"end":{"line":43,"column":23}},"43":{"start":{"line":44,"column":12},"end":{"line":44,"column":37}},"44":{"start":{"line":46,"column":8},"end":{"line":48,"column":9}},"45":{"start":{"line":47,"column":12},"end":{"line":47,"column":19}},"46":{"start":{"line":49,"column":8},"end":{"line":49,"column":86}},"47":{"start":{"line":51,"column":4},"end":{"line":61,"column":6}},"48":{"start":{"line":53,"column":19},"end":{"line":53,"column":21}},"49":{"start":{"line":54,"column":8},"end":{"line":56,"column":9}},"50":{"start":{"line":54,"column":22},"end":{"line":54,"column":23}},"51":{"start":{"line":55,"column":12},"end":{"line":55,"column":37}},"52":{"start":{"line":57,"column":8},"end":{"line":59,"column":9}},"53":{"start":{"line":58,"column":12},"end":{"line":58,"column":19}},"54":{"start":{"line":60,"column":8},"end":{"line":60,"column":88}},"55":{"start":{"line":62,"column":4},"end":{"line":72,"column":6}},"56":{"start":{"line":64,"column":19},"end":{"line":64,"column":21}},"57":{"start":{"line":65,"column":8},"end":{"line":67,"column":9}},"58":{"start":{"line":65,"column":22},"end":{"line":65,"column":23}},"59":{"start":{"line":66,"column":12},"end":{"line":66,"column":37}},"60":{"start":{"line":68,"column":8},"end":{"line":70,"column":9}},"61":{"start":{"line":69,"column":12},"end":{"line":69,"column":19}},"62":{"start":{"line":71,"column":8},"end":{"line":71,"column":90}},"63":{"start":{"line":73,"column":4},"end":{"line":73,"column":18}},"64":{"start":{"line":75,"column":0},"end":{"line":75,"column":24}},"65":{"start":{"line":76,"column":13},"end":{"line":76,"column":82}},"66":{"start":{"line":77,"column":0},"end":{"line":77,"column":24}}},"fnMap":{"0":{"name":"(anonymous_0)","decl":{"start":{"line":2,"column":54},"end":{"line":2,"column":55}},"loc":{"start":{"line":2,"column":66},"end":{"line":8,"column":1}},"line":2},"1":{"name":"(anonymous_1)","decl":{"start":{"line":13,"column":14},"end":{"line":13,"column":15}},"loc":{"start":{"line":13,"column":26},"end":{"line":74,"column":1}},"line":13},"2":{"name":"Logger","decl":{"start":{"line":14,"column":13},"end":{"line":14,"column":19}},"loc":{"start":{"line":14,"column":22},"end":{"line":27,"column":5}},"line":14},"3":{"name":"(anonymous_3)","decl":{"start":{"line":21,"column":28},"end":{"line":21,"column":29}},"loc":{"start":{"line":21,"column":45},"end":{"line":25,"column":13}},"line":21},"4":{"name":"(anonymous_4)","decl":{"start":{"line":28,"column":31},"end":{"line":28,"column":32}},"loc":{"start":{"line":28,"column":43},"end":{"line":30,"column":5}},"line":28},"5":{"name":"(anonymous_5)","decl":{"start":{"line":31,"column":35},"end":{"line":31,"column":36}},"loc":{"start":{"line":31,"column":52},"end":{"line":33,"column":5}},"line":31},"6":{"name":"(anonymous_6)","decl":{"start":{"line":34,"column":30},"end":{"line":34,"column":31}},"loc":{"start":{"line":34,"column":42},"end":{"line":36,"column":5}},"line":34},"7":{"name":"(anonymous_7)","decl":{"start":{"line":37,"column":39},"end":{"line":37,"column":40}},"loc":{"start":{"line":37,"column":51},"end":{"line":39,"column":5}},"line":37},"8":{"name":"(anonymous_8)","decl":{"start":{"line":40,"column":27},"end":{"line":40,"column":28}},"loc":{"start":{"line":40,"column":39},"end":{"line":50,"column":5}},"line":40},"9":{"name":"(anonymous_9)","decl":{"start":{"line":51,"column":28},"end":{"line":51,"column":29}},"loc":{"start":{"line":51,"column":40},"end":{"line":61,"column":5}},"line":51},"10":{"name":"(anonymous_10)","decl":{"start":{"line":62,"column":29},"end":{"line":62,"column":30}},"loc":{"start":{"line":62,"column":41},"end":{"line":72,"column":5}},"line":62}},"branchMap":{"0":{"loc":{"start":{"line":2,"column":21},"end":{"line":8,"column":1}},"type":"binary-expr","locations":[{"start":{"line":2,"column":22},"end":{"line":2,"column":26}},{"start":{"line":2,"column":30},"end":{"line":2,"column":49}},{"start":{"line":2,"column":54},"end":{"line":8,"column":1}}],"line":2},"1":{"loc":{"start":{"line":18,"column":35},"end":{"line":18,"column":70}},"type":"binary-expr","locations":[{"start":{"line":18,"column":35},"end":{"line":18,"column":42}},{"start":{"line":18,"column":46},"end":{"line":18,"column":70}}],"line":18},"2":{"loc":{"start":{"line":19,"column":8},"end":{"line":26,"column":9}},"type":"if","locations":[{"start":{"line":19,"column":8},"end":{"line":26,"column":9}},{"start":{"line":19,"column":8},"end":{"line":26,"column":9}}],"line":19},"3":{"loc":{"start":{"line":19,"column":12},"end":{"line":19,"column":47}},"type":"binary-expr","locations":[{"start":{"line":19,"column":12},"end":{"line":19,"column":19}},{"start":{"line":19,"column":23},"end":{"line":19,"column":47}}],"line":19},"4":{"loc":{"start":{"line":22,"column":16},"end":{"line":23,"column":27}},"type":"if","locations":[{"start":{"line":22,"column":16},"end":{"line":23,"column":27}},{"start":{"line":22,"column":16},"end":{"line":23,"column":27}}],"line":22},"5":{"loc":{"start":{"line":32,"column":23},"end":{"line":32,"column":43}},"type":"cond-expr","locations":[{"start":{"line":32,"column":31},"end":{"line":32,"column":35}},{"start":{"line":32,"column":38},"end":{"line":32,"column":43}}],"line":32},"6":{"loc":{"start":{"line":46,"column":8},"end":{"line":48,"column":9}},"type":"if","locations":[{"start":{"line":46,"column":8},"end":{"line":48,"column":9}},{"start":{"line":46,"column":8},"end":{"line":48,"column":9}}],"line":46},"7":{"loc":{"start":{"line":57,"column":8},"end":{"line":59,"column":9}},"type":"if","locations":[{"start":{"line":57,"column":8},"end":{"line":59,"column":9}},{"start":{"line":57,"column":8},"end":{"line":59,"column":9}}],"line":57},"8":{"loc":{"start":{"line":68,"column":8},"end":{"line":70,"column":9}},"type":"if","locations":[{"start":{"line":68,"column":8},"end":{"line":70,"column":9}},{"start":{"line":68,"column":8},"end":{"line":70,"column":9}}],"line":68},"9":{"loc":{"start":{"line":76,"column":13},"end":{"line":76,"column":82}},"type":"binary-expr","locations":[{"start":{"line":76,"column":13},"end":{"line":76,"column":37}},{"start":{"line":76,"column":42},"end":{"line":76,"column":81}}],"line":76}},"s":{"0":9,"1":0,"2":0,"3":0,"4":0,"5":0,"6":0,"7":0,"8":0,"9":0,"10":0,"11":0,"12":0,"13":0,"14":0,"15":0,"16":9,"17":9,"18":9,"19":9,"20":9,"21":9,"22":9,"23":9,"24":9,"25":9,"26":9,"27":9,"28":54,"29":0,"30":54,"31":9,"32":0,"33":9,"34":1,"35":9,"36":0,"37":9,"38":0,"39":9,"40":25,"41":25,"42":25,"43":25,"44":25,"45":25,"46":0,"47":9,"48":0,"49":0,"50":0,"51":0,"52":0,"53":0,"54":0,"55":9,"56":2,"57":2,"58":2,"59":2,"60":2,"61":2,"62":0,"63":9,"64":9,"65":9,"66":9},"f":{"0":0,"1":9,"2":9,"3":54,"4":0,"5":1,"6":0,"7":0,"8":25,"9":0,"10":2},"b":{"0":[9,9,9],"1":[9,0],"2":[9,0],"3":[9,0],"4":[0,54],"5":[0,1],"6":[25,0],"7":[0,0],"8":[2,0],"9":[9,9]},"inputSourceMap":null,"_coverageSchema":"1a1c01bbd47fc00a2c39e90264f33305004495a9","hash":"95392f94b7a8bb070d6d3a023e6210186552ac06"}
,"/Users/ks/Desktop/tryCatch/github/mitojs/packages/utils/dist/mini.js": {"path":"/Users/ks/Desktop/tryCatch/github/mitojs/packages/utils/dist/mini.js","statementMap":{"0":{"start":{"line":2,"column":0},"end":{"line":2,"column":62}},"1":{"start":{"line":3,"column":0},"end":{"line":3,"column":26}},"2":{"start":{"line":5,"column":4},"end":{"line":5,"column":53}},"3":{"start":{"line":7,"column":0},"end":{"line":7,"column":28}}},"fnMap":{"0":{"name":"getAppId","decl":{"start":{"line":4,"column":9},"end":{"line":4,"column":17}},"loc":{"start":{"line":4,"column":20},"end":{"line":6,"column":1}},"line":4}},"branchMap":{},"s":{"0":9,"1":9,"2":0,"3":9},"f":{"0":0},"b":{},"inputSourceMap":null,"_coverageSchema":"1a1c01bbd47fc00a2c39e90264f33305004495a9","hash":"f759f590f6d7206d50016ad213c27f1588094a26"}
,"/Users/ks/Desktop/tryCatch/github/mitojs/packages/utils/dist/queue.js": {"path":"/Users/ks/Desktop/tryCatch/github/mitojs/packages/utils/dist/queue.js","statementMap":{"0":{"start":{"line":2,"column":0},"end":{"line":2,"column":62}},"1":{"start":{"line":3,"column":0},"end":{"line":3,"column":23}},"2":{"start":{"line":4,"column":15},"end":{"line":4,"column":34}},"3":{"start":{"line":5,"column":13},"end":{"line":42,"column":3}},"4":{"start":{"line":7,"column":8},"end":{"line":7,"column":24}},"5":{"start":{"line":8,"column":8},"end":{"line":8,"column":32}},"6":{"start":{"line":9,"column":8},"end":{"line":10,"column":19}},"7":{"start":{"line":10,"column":12},"end":{"line":10,"column":19}},"8":{"start":{"line":11,"column":8},"end":{"line":11,"column":39}},"9":{"start":{"line":13,"column":4},"end":{"line":26,"column":6}},"10":{"start":{"line":14,"column":20},"end":{"line":14,"column":24}},"11":{"start":{"line":15,"column":8},"end":{"line":16,"column":19}},"12":{"start":{"line":16,"column":12},"end":{"line":16,"column":19}},"13":{"start":{"line":17,"column":8},"end":{"line":20,"column":9}},"14":{"start":{"line":18,"column":12},"end":{"line":18,"column":17}},"15":{"start":{"line":19,"column":12},"end":{"line":19,"column":19}},"16":{"start":{"line":21,"column":8},"end":{"line":21,"column":28}},"17":{"start":{"line":22,"column":8},"end":{"line":25,"column":9}},"18":{"start":{"line":23,"column":12},"end":{"line":23,"column":35}},"19":{"start":{"line":24,"column":12},"end":{"line":24,"column":72}},"20":{"start":{"line":24,"column":42},"end":{"line":24,"column":68}},"21":{"start":{"line":27,"column":4},"end":{"line":29,"column":6}},"22":{"start":{"line":28,"column":8},"end":{"line":28,"column":24}},"23":{"start":{"line":30,"column":4},"end":{"line":32,"column":6}},"24":{"start":{"line":31,"column":8},"end":{"line":31,"column":26}},"25":{"start":{"line":33,"column":4},"end":{"line":40,"column":6}},"26":{"start":{"line":34,"column":19},"end":{"line":34,"column":38}},"27":{"start":{"line":35,"column":8},"end":{"line":35,"column":30}},"28":{"start":{"line":36,"column":8},"end":{"line":36,"column":32}},"29":{"start":{"line":37,"column":8},"end":{"line":39,"column":9}},"30":{"start":{"line":37,"column":21},"end":{"line":37,"column":22}},"31":{"start":{"line":38,"column":12},"end":{"line":38,"column":22}},"32":{"start":{"line":41,"column":4},"end":{"line":41,"column":17}},"33":{"start":{"line":43,"column":0},"end":{"line":43,"column":22}}},"fnMap":{"0":{"name":"(anonymous_0)","decl":{"start":{"line":5,"column":13},"end":{"line":5,"column":14}},"loc":{"start":{"line":5,"column":25},"end":{"line":42,"column":1}},"line":5},"1":{"name":"Queue","decl":{"start":{"line":6,"column":13},"end":{"line":6,"column":18}},"loc":{"start":{"line":6,"column":21},"end":{"line":12,"column":5}},"line":6},"2":{"name":"(anonymous_2)","decl":{"start":{"line":13,"column":28},"end":{"line":13,"column":29}},"loc":{"start":{"line":13,"column":42},"end":{"line":26,"column":5}},"line":13},"3":{"name":"(anonymous_3)","decl":{"start":{"line":24,"column":28},"end":{"line":24,"column":29}},"loc":{"start":{"line":24,"column":40},"end":{"line":24,"column":70}},"line":24},"4":{"name":"(anonymous_4)","decl":{"start":{"line":27,"column":28},"end":{"line":27,"column":29}},"loc":{"start":{"line":27,"column":40},"end":{"line":29,"column":5}},"line":27},"5":{"name":"(anonymous_5)","decl":{"start":{"line":30,"column":31},"end":{"line":30,"column":32}},"loc":{"start":{"line":30,"column":43},"end":{"line":32,"column":5}},"line":30},"6":{"name":"(anonymous_6)","decl":{"start":{"line":33,"column":33},"end":{"line":33,"column":34}},"loc":{"start":{"line":33,"column":45},"end":{"line":40,"column":5}},"line":33}},"branchMap":{"0":{"loc":{"start":{"line":9,"column":8},"end":{"line":10,"column":19}},"type":"if","locations":[{"start":{"line":9,"column":8},"end":{"line":10,"column":19}},{"start":{"line":9,"column":8},"end":{"line":10,"column":19}}],"line":9},"1":{"loc":{"start":{"line":15,"column":8},"end":{"line":16,"column":19}},"type":"if","locations":[{"start":{"line":15,"column":8},"end":{"line":16,"column":19}},{"start":{"line":15,"column":8},"end":{"line":16,"column":19}}],"line":15},"2":{"loc":{"start":{"line":17,"column":8},"end":{"line":20,"column":9}},"type":"if","locations":[{"start":{"line":17,"column":8},"end":{"line":20,"column":9}},{"start":{"line":17,"column":8},"end":{"line":20,"column":9}}],"line":17},"3":{"loc":{"start":{"line":22,"column":8},"end":{"line":25,"column":9}},"type":"if","locations":[{"start":{"line":22,"column":8},"end":{"line":25,"column":9}},{"start":{"line":22,"column":8},"end":{"line":25,"column":9}}],"line":22}},"s":{"0":9,"1":9,"2":9,"3":9,"4":9,"5":9,"6":9,"7":0,"8":9,"9":9,"10":2,"11":2,"12":0,"13":2,"14":0,"15":0,"16":2,"17":2,"18":2,"19":2,"20":2,"21":9,"22":2,"23":9,"24":0,"25":9,"26":2,"27":2,"28":2,"29":2,"30":2,"31":2,"32":9,"33":9},"f":{"0":9,"1":9,"2":2,"3":2,"4":2,"5":0,"6":2},"b":{"0":[0,9],"1":[0,2],"2":[0,2],"3":[2,0]},"inputSourceMap":null,"_coverageSchema":"1a1c01bbd47fc00a2c39e90264f33305004495a9","hash":"95b6080e39b5280b52816ea0f8f72afa9485b140"}
}
