{"/Users/ks/Desktop/tryCatch/mitojs/packages/browser/src/handleEvents.ts": {"path":"/Users/ks/Desktop/tryCatch/mitojs/packages/browser/src/handleEvents.ts","statementMap":{"0":{"start":{"line":1,"column":0},"end":{"line":1,"column":86}},"1":{"start":{"line":2,"column":0},"end":{"line":2,"column":90}},"2":{"start":{"line":3,"column":0},"end":{"line":3,"column":131}},"3":{"start":{"line":6,"column":21},"end":{"line":138,"column":null}},"4":{"start":{"line":11,"column":20},"end":{"line":11,"column":118}},"5":{"start":{"line":12,"column":19},"end":{"line":12,"column":38}},"6":{"start":{"line":13,"column":4},"end":{"line":18,"column":null}},"7":{"start":{"line":19,"column":4},"end":{"line":27,"column":null}},"8":{"start":{"line":20,"column":6},"end":{"line":25,"column":null}},"9":{"start":{"line":26,"column":6},"end":{"line":26,"column":null}},"10":{"start":{"line":33,"column":19},"end":{"line":33,"column":59}},"11":{"start":{"line":34,"column":4},"end":{"line":44,"column":null}},"12":{"start":{"line":36,"column":19},"end":{"line":36,"column":78}},"13":{"start":{"line":37,"column":6},"end":{"line":42,"column":null}},"14":{"start":{"line":43,"column":6},"end":{"line":43,"column":null}},"15":{"start":{"line":46,"column":56},"end":{"line":46,"column":null}},"16":{"start":{"line":48,"column":4},"end":{"line":50,"column":null}},"17":{"start":{"line":49,"column":6},"end":{"line":49,"column":null}},"18":{"start":{"line":52,"column":4},"end":{"line":52,"column":null}},"19":{"start":{"line":53,"column":4},"end":{"line":53,"column":null}},"20":{"start":{"line":54,"column":4},"end":{"line":59,"column":null}},"21":{"start":{"line":60,"column":4},"end":{"line":60,"column":null}},"22":{"start":{"line":63,"column":36},"end":{"line":63,"column":54}},"23":{"start":{"line":64,"column":16},"end":{"line":64,"column":45}},"24":{"start":{"line":65,"column":14},"end":{"line":65,"column":21}},"25":{"start":{"line":66,"column":20},"end":{"line":66,"column":48}},"26":{"start":{"line":67,"column":4},"end":{"line":70,"column":null}},"27":{"start":{"line":68,"column":6},"end":{"line":68,"column":null}},"28":{"start":{"line":69,"column":6},"end":{"line":69,"column":null}},"29":{"start":{"line":71,"column":20},"end":{"line":77,"column":null}},"30":{"start":{"line":78,"column":4},"end":{"line":85,"column":null}},"31":{"start":{"line":88,"column":25},"end":{"line":88,"column":null}},"32":{"start":{"line":89,"column":37},"end":{"line":89,"column":null}},"33":{"start":{"line":90,"column":35},"end":{"line":90,"column":null}},"34":{"start":{"line":91,"column":4},"end":{"line":99,"column":null}},"35":{"start":{"line":102,"column":31},"end":{"line":102,"column":null}},"36":{"start":{"line":103,"column":31},"end":{"line":103,"column":null}},"37":{"start":{"line":104,"column":29},"end":{"line":104,"column":null}},"38":{"start":{"line":105,"column":4},"end":{"line":113,"column":null}},"39":{"start":{"line":116,"column":31},"end":{"line":123,"column":null}},"40":{"start":{"line":124,"column":4},"end":{"line":129,"column":null}},"41":{"start":{"line":125,"column":6},"end":{"line":128,"column":null}},"42":{"start":{"line":130,"column":4},"end":{"line":135,"column":null}},"43":{"start":{"line":136,"column":4},"end":{"line":136,"column":null}},"44":{"start":{"line":140,"column":9},"end":{"line":140,"column":21}}},"fnMap":{"0":{"name":"(anonymous_2)","decl":{"start":{"line":10,"column":2},"end":{"line":10,"column":12}},"loc":{"start":{"line":10,"column":50},"end":{"line":28,"column":3}}},"1":{"name":"(anonymous_3)","decl":{"start":{"line":32,"column":2},"end":{"line":32,"column":13}},"loc":{"start":{"line":32,"column":36},"end":{"line":61,"column":3}}},"2":{"name":"(anonymous_4)","decl":{"start":{"line":62,"column":2},"end":{"line":62,"column":24}},"loc":{"start":{"line":62,"column":89},"end":{"line":86,"column":3}}},"3":{"name":"(anonymous_5)","decl":{"start":{"line":87,"column":2},"end":{"line":87,"column":15}},"loc":{"start":{"line":87,"column":37},"end":{"line":100,"column":3}}},"4":{"name":"(anonymous_6)","decl":{"start":{"line":101,"column":2},"end":{"line":101,"column":18}},"loc":{"start":{"line":101,"column":40},"end":{"line":114,"column":3}}},"5":{"name":"(anonymous_7)","decl":{"start":{"line":115,"column":2},"end":{"line":115,"column":25}},"loc":{"start":{"line":115,"column":51},"end":{"line":137,"column":3}}}},"branchMap":{"0":{"loc":{"start":{"line":11,"column":20},"end":{"line":11,"column":37}},"type":"binary-expr","locations":[{"start":{"line":11,"column":20},"end":{"line":11,"column":37}},{"start":{"line":11,"column":41},"end":{"line":11,"column":78}},{"start":{"line":11,"column":82},"end":{"line":11,"column":118}}]},"1":{"loc":{"start":{"line":19,"column":4},"end":{"line":27,"column":null}},"type":"if","locations":[{"start":{"line":19,"column":4},"end":{"line":27,"column":null}},{"start":{"line":19,"column":4},"end":{"line":27,"column":null}}]},"2":{"loc":{"start":{"line":34,"column":4},"end":{"line":44,"column":null}},"type":"if","locations":[{"start":{"line":34,"column":4},"end":{"line":44,"column":null}},{"start":{"line":34,"column":4},"end":{"line":44,"column":null}}]},"3":{"loc":{"start":{"line":48,"column":4},"end":{"line":50,"column":null}},"type":"if","locations":[{"start":{"line":48,"column":4},"end":{"line":50,"column":null}},{"start":{"line":48,"column":4},"end":{"line":50,"column":null}}]},"4":{"loc":{"start":{"line":48,"column":8},"end":{"line":48,"column":13}},"type":"binary-expr","locations":[{"start":{"line":48,"column":8},"end":{"line":48,"column":13}},{"start":{"line":48,"column":17},"end":{"line":48,"column":31}}]},"5":{"loc":{"start":{"line":52,"column":4},"end":{"line":52,"column":10}},"type":"binary-expr","locations":[{"start":{"line":52,"column":4},"end":{"line":52,"column":10}},{"start":{"line":52,"column":15},"end":{"line":52,"column":93}}]},"6":{"loc":{"start":{"line":64,"column":16},"end":{"line":64,"column":24}},"type":"binary-expr","locations":[{"start":{"line":64,"column":16},"end":{"line":64,"column":24}},{"start":{"line":64,"column":28},"end":{"line":64,"column":45}}]},"7":{"loc":{"start":{"line":67,"column":4},"end":{"line":70,"column":null}},"type":"if","locations":[{"start":{"line":67,"column":4},"end":{"line":70,"column":null}},{"start":{"line":67,"column":4},"end":{"line":70,"column":null}}]},"8":{"loc":{"start":{"line":95,"column":27},"end":{"line":95,"column":37}},"type":"cond-expr","locations":[{"start":{"line":95,"column":27},"end":{"line":95,"column":37}},{"start":{"line":95,"column":40},"end":{"line":95,"column":43}}]},"9":{"loc":{"start":{"line":96,"column":23},"end":{"line":96,"column":31}},"type":"cond-expr","locations":[{"start":{"line":96,"column":23},"end":{"line":96,"column":31}},{"start":{"line":96,"column":34},"end":{"line":96,"column":37}}]},"10":{"loc":{"start":{"line":124,"column":4},"end":{"line":129,"column":null}},"type":"if","locations":[{"start":{"line":124,"column":4},"end":{"line":129,"column":null}},{"start":{"line":124,"column":4},"end":{"line":129,"column":null}}]}},"s":{"0":2,"1":2,"2":2,"3":2,"4":2,"5":2,"6":2,"7":2,"8":1,"9":1,"10":0,"11":0,"12":0,"13":0,"14":0,"15":0,"16":0,"17":0,"18":0,"19":0,"20":0,"21":0,"22":0,"23":0,"24":0,"25":0,"26":0,"27":0,"28":0,"29":0,"30":0,"31":0,"32":0,"33":0,"34":0,"35":0,"36":0,"37":0,"38":0,"39":0,"40":0,"41":0,"42":0,"43":0,"44":2},"f":{"0":2,"1":0,"2":0,"3":0,"4":0,"5":0},"b":{"0":[2,1,1],"1":[1,1],"2":[0,0],"3":[0,0],"4":[0,0],"5":[0,0],"6":[0,0],"7":[0,0],"8":[0,0],"9":[0,0],"10":[0,0]}}
,"/Users/ks/Desktop/tryCatch/mitojs/packages/browser/src/index.ts": {"path":"/Users/ks/Desktop/tryCatch/mitojs/packages/browser/src/index.ts","statementMap":{"0":{"start":{"line":1,"column":0},"end":{"line":1,"column":30}},"1":{"start":{"line":2,"column":0},"end":{"line":2,"column":22}},"2":{"start":{"line":3,"column":0},"end":{"line":3,"column":25}},"3":{"start":{"line":4,"column":0},"end":{"line":4,"column":37}},"4":{"start":{"line":5,"column":0},"end":{"line":5,"column":22}},"5":{"start":{"line":19,"column":38},"end":{"line":5,"column":47}},"6":{"start":{"line":6,"column":0},"end":{"line":6,"column":39}},"7":{"start":{"line":7,"column":0},"end":{"line":7,"column":9}},"8":{"start":{"line":19,"column":9},"end":{"line":7,"column":22}},"9":{"start":{"line":19,"column":22},"end":{"line":7,"column":54}},"10":{"start":{"line":9,"column":17},"end":{"line":9,"column":null}},"11":{"start":{"line":10,"column":2},"end":{"line":10,"column":64}},"12":{"start":{"line":10,"column":58},"end":{"line":10,"column":64}},"13":{"start":{"line":11,"column":2},"end":{"line":11,"column":null}},"14":{"start":{"line":12,"column":2},"end":{"line":12,"column":null}},"15":{"start":{"line":15,"column":14},"end":{"line":15,"column":null}},"16":{"start":{"line":16,"column":2},"end":{"line":16,"column":null}},"17":{"start":{"line":19,"column":32},"end":{"line":19,"column":36}}},"fnMap":{"0":{"name":"(anonymous_4)","decl":{"start":{"line":19,"column":38},"end":{"line":19,"column":41}},"loc":{"start":{"line":19,"column":38},"end":{"line":5,"column":47}}},"1":{"name":"(anonymous_5)","decl":{"start":{"line":19,"column":9},"end":{"line":19,"column":20}},"loc":{"start":{"line":19,"column":9},"end":{"line":7,"column":22}}},"2":{"name":"(anonymous_6)","decl":{"start":{"line":19,"column":22},"end":{"line":19,"column":30}},"loc":{"start":{"line":19,"column":22},"end":{"line":7,"column":54}}},"3":{"name":"webInit","decl":{"start":{"line":9,"column":9},"end":{"line":9,"column":16}},"loc":{"start":{"line":9,"column":42},"end":{"line":13,"column":1}}},"4":{"name":"init","decl":{"start":{"line":15,"column":9},"end":{"line":15,"column":13}},"loc":{"start":{"line":15,"column":39},"end":{"line":17,"column":1}}}},"branchMap":{"0":{"loc":{"start":{"line":9,"column":17},"end":{"line":9,"column":null}},"type":"if","locations":[{"start":{"line":9,"column":17},"end":{"line":9,"column":null}},{"start":{"line":9,"column":17},"end":{"line":9,"column":null}}]},"1":{"loc":{"start":{"line":10,"column":2},"end":{"line":10,"column":64}},"type":"if","locations":[{"start":{"line":10,"column":2},"end":{"line":10,"column":64}},{"start":{"line":10,"column":2},"end":{"line":10,"column":64}}]},"2":{"loc":{"start":{"line":10,"column":6},"end":{"line":10,"column":36}},"type":"binary-expr","locations":[{"start":{"line":10,"column":6},"end":{"line":10,"column":36}},{"start":{"line":10,"column":40},"end":{"line":10,"column":56}}]},"3":{"loc":{"start":{"line":15,"column":14},"end":{"line":15,"column":null}},"type":"if","locations":[{"start":{"line":15,"column":14},"end":{"line":15,"column":null}},{"start":{"line":15,"column":14},"end":{"line":15,"column":null}}]}},"s":{"0":2,"1":2,"2":2,"3":2,"4":2,"5":2,"6":2,"7":2,"8":2,"9":2,"10":1,"11":1,"12":0,"13":1,"14":1,"15":1,"16":1,"17":2},"f":{"0":0,"1":0,"2":0,"3":1,"4":1},"b":{"0":[0,1],"1":[0,1],"2":[1,1],"3":[0,1]}}
,"/Users/ks/Desktop/tryCatch/mitojs/packages/browser/src/load.ts": {"path":"/Users/ks/Desktop/tryCatch/mitojs/packages/browser/src/load.ts","statementMap":{"0":{"start":{"line":1,"column":0},"end":{"line":1,"column":45}},"1":{"start":{"line":2,"column":0},"end":{"line":2,"column":61}},"2":{"start":{"line":3,"column":0},"end":{"line":3,"column":60}},"3":{"start":{"line":4,"column":0},"end":{"line":4,"column":56}},"4":{"start":{"line":5,"column":0},"end":{"line":5,"column":45}},"5":{"start":{"line":7,"column":2},"end":{"line":12,"column":null}},"6":{"start":{"line":9,"column":6},"end":{"line":9,"column":null}},"7":{"start":{"line":13,"column":2},"end":{"line":18,"column":null}},"8":{"start":{"line":15,"column":6},"end":{"line":15,"column":null}},"9":{"start":{"line":19,"column":2},"end":{"line":24,"column":null}},"10":{"start":{"line":21,"column":6},"end":{"line":21,"column":null}},"11":{"start":{"line":25,"column":2},"end":{"line":30,"column":null}},"12":{"start":{"line":27,"column":6},"end":{"line":27,"column":null}},"13":{"start":{"line":31,"column":2},"end":{"line":36,"column":null}},"14":{"start":{"line":33,"column":6},"end":{"line":33,"column":null}},"15":{"start":{"line":38,"column":2},"end":{"line":43,"column":null}},"16":{"start":{"line":40,"column":6},"end":{"line":40,"column":null}},"17":{"start":{"line":44,"column":2},"end":{"line":57,"column":null}},"18":{"start":{"line":46,"column":25},"end":{"line":46,"column":84}},"19":{"start":{"line":47,"column":6},"end":{"line":54,"column":null}},"20":{"start":{"line":48,"column":8},"end":{"line":53,"column":null}},"21":{"start":{"line":58,"column":2},"end":{"line":63,"column":null}},"22":{"start":{"line":60,"column":6},"end":{"line":60,"column":null}},"23":{"start":{"line":6,"column":0},"end":{"line":6,"column":16}}},"fnMap":{"0":{"name":"setupReplace","decl":{"start":{"line":6,"column":16},"end":{"line":6,"column":28}},"loc":{"start":{"line":6,"column":28},"end":{"line":64,"column":1}}},"1":{"name":"(anonymous_1)","decl":{"start":{"line":8,"column":14},"end":{"line":8,"column":15}},"loc":{"start":{"line":8,"column":19},"end":{"line":10,"column":5}}},"2":{"name":"(anonymous_2)","decl":{"start":{"line":14,"column":14},"end":{"line":14,"column":15}},"loc":{"start":{"line":14,"column":19},"end":{"line":16,"column":5}}},"3":{"name":"(anonymous_3)","decl":{"start":{"line":20,"column":14},"end":{"line":20,"column":15}},"loc":{"start":{"line":20,"column":20},"end":{"line":22,"column":5}}},"4":{"name":"(anonymous_4)","decl":{"start":{"line":26,"column":14},"end":{"line":26,"column":15}},"loc":{"start":{"line":26,"column":19},"end":{"line":28,"column":5}}},"5":{"name":"(anonymous_5)","decl":{"start":{"line":32,"column":14},"end":{"line":32,"column":15}},"loc":{"start":{"line":32,"column":19},"end":{"line":34,"column":5}}},"6":{"name":"(anonymous_6)","decl":{"start":{"line":39,"column":14},"end":{"line":39,"column":15}},"loc":{"start":{"line":39,"column":19},"end":{"line":41,"column":5}}},"7":{"name":"(anonymous_7)","decl":{"start":{"line":45,"column":14},"end":{"line":45,"column":15}},"loc":{"start":{"line":45,"column":19},"end":{"line":55,"column":5}}},"8":{"name":"(anonymous_8)","decl":{"start":{"line":59,"column":14},"end":{"line":59,"column":15}},"loc":{"start":{"line":59,"column":33},"end":{"line":61,"column":5}}}},"branchMap":{"0":{"loc":{"start":{"line":47,"column":6},"end":{"line":54,"column":null}},"type":"if","locations":[{"start":{"line":47,"column":6},"end":{"line":54,"column":null}},{"start":{"line":47,"column":6},"end":{"line":54,"column":null}}]}},"s":{"0":2,"1":2,"2":2,"3":2,"4":2,"5":1,"6":0,"7":1,"8":0,"9":1,"10":0,"11":1,"12":0,"13":1,"14":0,"15":1,"16":0,"17":1,"18":0,"19":0,"20":0,"21":1,"22":0,"23":2},"f":{"0":1,"1":0,"2":0,"3":0,"4":0,"5":0,"6":0,"7":0,"8":0},"b":{"0":[0,0]}}
,"/Users/ks/Desktop/tryCatch/mitojs/packages/browser/src/replace.ts": {"path":"/Users/ks/Desktop/tryCatch/mitojs/packages/browser/src/replace.ts","statementMap":{"0":{"start":{"line":1,"column":0},"end":{"line":1,"column":null}},"1":{"start":{"line":12,"column":0},"end":{"line":12,"column":114}},"2":{"start":{"line":13,"column":0},"end":{"line":13,"column":70}},"3":{"start":{"line":14,"column":0},"end":{"line":14,"column":73}},"4":{"start":{"line":16,"column":22},"end":{"line":16,"column":52}},"5":{"start":{"line":19,"column":2},"end":{"line":19,"column":null}},"6":{"start":{"line":23,"column":2},"end":{"line":50,"column":null}},"7":{"start":{"line":25,"column":6},"end":{"line":25,"column":null}},"8":{"start":{"line":26,"column":6},"end":{"line":26,"column":11}},"9":{"start":{"line":28,"column":6},"end":{"line":28,"column":null}},"10":{"start":{"line":29,"column":6},"end":{"line":29,"column":11}},"11":{"start":{"line":31,"column":6},"end":{"line":31,"column":null}},"12":{"start":{"line":32,"column":6},"end":{"line":32,"column":11}},"13":{"start":{"line":34,"column":6},"end":{"line":34,"column":null}},"14":{"start":{"line":35,"column":6},"end":{"line":35,"column":11}},"15":{"start":{"line":37,"column":6},"end":{"line":37,"column":null}},"16":{"start":{"line":38,"column":6},"end":{"line":38,"column":11}},"17":{"start":{"line":40,"column":6},"end":{"line":40,"column":null}},"18":{"start":{"line":41,"column":6},"end":{"line":41,"column":11}},"19":{"start":{"line":43,"column":6},"end":{"line":43,"column":null}},"20":{"start":{"line":44,"column":6},"end":{"line":44,"column":11}},"21":{"start":{"line":46,"column":6},"end":{"line":46,"column":null}},"22":{"start":{"line":47,"column":6},"end":{"line":47,"column":11}},"23":{"start":{"line":49,"column":6},"end":{"line":49,"column":11}},"24":{"start":{"line":54,"column":2},"end":{"line":54,"column":38}},"25":{"start":{"line":54,"column":32},"end":{"line":54,"column":38}},"26":{"start":{"line":55,"column":2},"end":{"line":55,"column":null}},"27":{"start":{"line":53,"column":0},"end":{"line":53,"column":16}},"28":{"start":{"line":59,"column":2},"end":{"line":61,"column":null}},"29":{"start":{"line":60,"column":4},"end":{"line":60,"column":10}},"30":{"start":{"line":62,"column":27},"end":{"line":62,"column":51}},"31":{"start":{"line":63,"column":2},"end":{"line":91,"column":null}},"32":{"start":{"line":67,"column":6},"end":{"line":89,"column":null}},"33":{"start":{"line":67,"column":49},"end":{"line":67,"column":63}},"34":{"start":{"line":68,"column":8},"end":{"line":73,"column":null}},"35":{"start":{"line":88,"column":8},"end":{"line":88,"column":null}},"36":{"start":{"line":92,"column":2},"end":{"line":119,"column":null}},"37":{"start":{"line":96,"column":6},"end":{"line":117,"column":null}},"38":{"start":{"line":96,"column":13},"end":{"line":96,"column":49}},"39":{"start":{"line":96,"column":49},"end":{"line":96,"column":63}},"40":{"start":{"line":97,"column":32},"end":{"line":97,"column":45}},"41":{"start":{"line":97,"column":22},"end":{"line":97,"column":24}},"42":{"start":{"line":97,"column":27},"end":{"line":97,"column":32}},"43":{"start":{"line":98,"column":8},"end":{"line":101,"column":null}},"44":{"start":{"line":99,"column":10},"end":{"line":99,"column":null}},"45":{"start":{"line":100,"column":10},"end":{"line":100,"column":null}},"46":{"start":{"line":102,"column":8},"end":{"line":102,"column":null}},"47":{"start":{"line":103,"column":8},"end":{"line":115,"column":null}},"48":{"start":{"line":104,"column":10},"end":{"line":104,"column":112}},"49":{"start":{"line":104,"column":106},"end":{"line":104,"column":112}},"50":{"start":{"line":105,"column":53},"end":{"line":105,"column":57}},"51":{"start":{"line":105,"column":30},"end":{"line":105,"column":32}},"52":{"start":{"line":105,"column":40},"end":{"line":105,"column":42}},"53":{"start":{"line":105,"column":48},"end":{"line":105,"column":53}},"54":{"start":{"line":106,"column":10},"end":{"line":106,"column":null}},"55":{"start":{"line":107,"column":24},"end":{"line":107,"column":38}},"56":{"start":{"line":108,"column":10},"end":{"line":108,"column":null}},"57":{"start":{"line":109,"column":10},"end":{"line":109,"column":null}},"58":{"start":{"line":110,"column":10},"end":{"line":112,"column":null}},"59":{"start":{"line":111,"column":12},"end":{"line":111,"column":null}},"60":{"start":{"line":113,"column":10},"end":{"line":113,"column":null}},"61":{"start":{"line":114,"column":10},"end":{"line":114,"column":null}},"62":{"start":{"line":116,"column":8},"end":{"line":116,"column":null}},"63":{"start":{"line":123,"column":2},"end":{"line":125,"column":null}},"64":{"start":{"line":124,"column":4},"end":{"line":124,"column":10}},"65":{"start":{"line":126,"column":2},"end":{"line":185,"column":null}},"66":{"start":{"line":127,"column":4},"end":{"line":184,"column":null}},"67":{"start":{"line":127,"column":34},"end":{"line":127,"column":null}},"68":{"start":{"line":128,"column":20},"end":{"line":128,"column":34}},"69":{"start":{"line":129,"column":21},"end":{"line":129,"column":55}},"70":{"start":{"line":130,"column":34},"end":{"line":135,"column":null}},"71":{"start":{"line":136,"column":22},"end":{"line":136,"column":55}},"72":{"start":{"line":137,"column":6},"end":{"line":139,"column":null}},"73":{"start":{"line":140,"column":6},"end":{"line":143,"column":null}},"74":{"start":{"line":141,"column":8},"end":{"line":141,"column":null}},"75":{"start":{"line":142,"column":8},"end":{"line":142,"column":null}},"76":{"start":{"line":144,"column":6},"end":{"line":144,"column":null}},"77":{"start":{"line":145,"column":6},"end":{"line":148,"column":null}},"78":{"start":{"line":150,"column":6},"end":{"line":183,"column":null}},"79":{"start":{"line":152,"column":26},"end":{"line":152,"column":37}},"80":{"start":{"line":153,"column":24},"end":{"line":153,"column":38}},"81":{"start":{"line":154,"column":10},"end":{"line":160,"column":null}},"82":{"start":{"line":161,"column":10},"end":{"line":166,"column":null}},"83":{"start":{"line":162,"column":12},"end":{"line":162,"column":88}},"84":{"start":{"line":162,"column":82},"end":{"line":162,"column":88}},"85":{"start":{"line":163,"column":12},"end":{"line":163,"column":44}},"86":{"start":{"line":163,"column":38},"end":{"line":163,"column":44}},"87":{"start":{"line":164,"column":12},"end":{"line":164,"column":null}},"88":{"start":{"line":165,"column":12},"end":{"line":165,"column":null}},"89":{"start":{"line":167,"column":10},"end":{"line":167,"column":null}},"90":{"start":{"line":170,"column":24},"end":{"line":170,"column":38}},"91":{"start":{"line":171,"column":10},"end":{"line":171,"column":86}},"92":{"start":{"line":171,"column":80},"end":{"line":171,"column":86}},"93":{"start":{"line":172,"column":10},"end":{"line":172,"column":42}},"94":{"start":{"line":172,"column":36},"end":{"line":172,"column":42}},"95":{"start":{"line":173,"column":10},"end":{"line":179,"column":null}},"96":{"start":{"line":180,"column":10},"end":{"line":180,"column":null}},"97":{"start":{"line":181,"column":10},"end":{"line":181,"column":null}},"98":{"start":{"line":189,"column":2},"end":{"line":193,"column":null}},"99":{"start":{"line":190,"column":4},"end":{"line":192,"column":null}},"100":{"start":{"line":191,"column":6},"end":{"line":191,"column":null}},"101":{"start":{"line":197,"column":2},"end":{"line":204,"column":null}},"102":{"start":{"line":201,"column":6},"end":{"line":201,"column":null}},"103":{"start":{"line":208,"column":2},"end":{"line":210,"column":null}},"104":{"start":{"line":209,"column":4},"end":{"line":209,"column":10}},"105":{"start":{"line":211,"column":18},"end":{"line":211,"column":69}},"106":{"start":{"line":212,"column":2},"end":{"line":222,"column":null}},"107":{"start":{"line":213,"column":4},"end":{"line":213,"column":43}},"108":{"start":{"line":213,"column":37},"end":{"line":213,"column":43}},"109":{"start":{"line":214,"column":4},"end":{"line":221,"column":null}},"110":{"start":{"line":215,"column":6},"end":{"line":220,"column":null}},"111":{"start":{"line":215,"column":23},"end":{"line":215,"column":37}},"112":{"start":{"line":216,"column":8},"end":{"line":219,"column":null}},"113":{"start":{"line":217,"column":10},"end":{"line":217,"column":null}},"114":{"start":{"line":218,"column":10},"end":{"line":218,"column":null}},"115":{"start":{"line":226,"column":0},"end":{"line":226,"column":null}},"116":{"start":{"line":228,"column":2},"end":{"line":228,"column":32}},"117":{"start":{"line":228,"column":26},"end":{"line":228,"column":32}},"118":{"start":{"line":229,"column":24},"end":{"line":229,"column":42}},"119":{"start":{"line":230,"column":2},"end":{"line":238,"column":null}},"120":{"start":{"line":230,"column":60},"end":{"line":230,"column":74}},"121":{"start":{"line":231,"column":15},"end":{"line":231,"column":32}},"122":{"start":{"line":232,"column":17},"end":{"line":232,"column":25}},"123":{"start":{"line":233,"column":4},"end":{"line":236,"column":null}},"124":{"start":{"line":237,"column":4},"end":{"line":237,"column":null}},"125":{"start":{"line":240,"column":4},"end":{"line":252,"column":null}},"126":{"start":{"line":240,"column":36},"end":{"line":240,"column":50}},"127":{"start":{"line":241,"column":18},"end":{"line":241,"column":55}},"128":{"start":{"line":242,"column":6},"end":{"line":250,"column":null}},"129":{"start":{"line":243,"column":21},"end":{"line":243,"column":29}},"130":{"start":{"line":244,"column":19},"end":{"line":244,"column":30}},"131":{"start":{"line":245,"column":8},"end":{"line":245,"column":null}},"132":{"start":{"line":246,"column":8},"end":{"line":249,"column":null}},"133":{"start":{"line":251,"column":6},"end":{"line":251,"column":null}},"134":{"start":{"line":254,"column":2},"end":{"line":254,"column":null}},"135":{"start":{"line":255,"column":2},"end":{"line":255,"column":null}},"136":{"start":{"line":259,"column":2},"end":{"line":262,"column":null}},"137":{"start":{"line":261,"column":4},"end":{"line":261,"column":null}},"138":{"start":{"line":266,"column":2},"end":{"line":266,"column":38}},"139":{"start":{"line":266,"column":32},"end":{"line":266,"column":38}},"140":{"start":{"line":267,"column":2},"end":{"line":277,"column":null}},"141":{"start":{"line":271,"column":6},"end":{"line":274,"column":null}}},"fnMap":{"0":{"name":"isFilterHttpUrl","decl":{"start":{"line":18,"column":9},"end":{"line":18,"column":24}},"loc":{"start":{"line":18,"column":36},"end":{"line":20,"column":1}}},"1":{"name":"replace","decl":{"start":{"line":22,"column":9},"end":{"line":22,"column":16}},"loc":{"start":{"line":22,"column":33},"end":{"line":51,"column":1}}},"2":{"name":"addReplaceHandler","decl":{"start":{"line":53,"column":16},"end":{"line":53,"column":33}},"loc":{"start":{"line":53,"column":57},"end":{"line":56,"column":1}}},"3":{"name":"xhrReplace","decl":{"start":{"line":58,"column":9},"end":{"line":58,"column":19}},"loc":{"start":{"line":58,"column":19},"end":{"line":120,"column":1}}},"4":{"name":"(anonymous_6)","decl":{"start":{"line":66,"column":4},"end":{"line":66,"column":5}},"loc":{"start":{"line":66,"column":26},"end":{"line":90,"column":5}}},"5":{"name":"(anonymous_7)","decl":{"start":{"line":67,"column":13},"end":{"line":67,"column":49}},"loc":{"start":{"line":67,"column":13},"end":{"line":89,"column":7}}},"6":{"name":"(anonymous_8)","decl":{"start":{"line":95,"column":4},"end":{"line":95,"column":5}},"loc":{"start":{"line":95,"column":26},"end":{"line":118,"column":5}}},"7":{"name":"(anonymous_9)","decl":{"start":{"line":96,"column":13},"end":{"line":96,"column":49}},"loc":{"start":{"line":96,"column":13},"end":{"line":117,"column":7}}},"8":{"name":"(anonymous_10)","decl":{"start":{"line":98,"column":24},"end":{"line":98,"column":25}},"loc":{"start":{"line":98,"column":65},"end":{"line":101,"column":9}}},"9":{"name":"(anonymous_11)","decl":{"start":{"line":103,"column":28},"end":{"line":103,"column":null}},"loc":{"start":{"line":103,"column":28},"end":{"line":115,"column":9}}},"10":{"name":"fetchReplace","decl":{"start":{"line":122,"column":9},"end":{"line":122,"column":21}},"loc":{"start":{"line":122,"column":21},"end":{"line":186,"column":1}}},"11":{"name":"(anonymous_13)","decl":{"start":{"line":126,"column":40},"end":{"line":126,"column":41}},"loc":{"start":{"line":126,"column":63},"end":{"line":185,"column":3}}},"12":{"name":"(anonymous_14)","decl":{"start":{"line":127,"column":11},"end":{"line":127,"column":21}},"loc":{"start":{"line":127,"column":63},"end":{"line":184,"column":5}}},"13":{"name":"(anonymous_15)","decl":{"start":{"line":140,"column":22},"end":{"line":140,"column":23}},"loc":{"start":{"line":140,"column":63},"end":{"line":143,"column":7}}},"14":{"name":"(anonymous_16)","decl":{"start":{"line":151,"column":8},"end":{"line":151,"column":9}},"loc":{"start":{"line":151,"column":22},"end":{"line":168,"column":9}}},"15":{"name":"(anonymous_17)","decl":{"start":{"line":161,"column":30},"end":{"line":161,"column":31}},"loc":{"start":{"line":161,"column":35},"end":{"line":166,"column":11}}},"16":{"name":"(anonymous_18)","decl":{"start":{"line":169,"column":8},"end":{"line":169,"column":9}},"loc":{"start":{"line":169,"column":19},"end":{"line":182,"column":9}}},"17":{"name":"listenHashchange","decl":{"start":{"line":188,"column":9},"end":{"line":188,"column":25}},"loc":{"start":{"line":188,"column":25},"end":{"line":194,"column":1}}},"18":{"name":"(anonymous_20)","decl":{"start":{"line":190,"column":39},"end":{"line":190,"column":49}},"loc":{"start":{"line":190,"column":67},"end":{"line":192,"column":5}}},"19":{"name":"listenError","decl":{"start":{"line":196,"column":9},"end":{"line":196,"column":20}},"loc":{"start":{"line":196,"column":20},"end":{"line":205,"column":1}}},"20":{"name":"(anonymous_22)","decl":{"start":{"line":200,"column":4},"end":{"line":200,"column":14}},"loc":{"start":{"line":200,"column":27},"end":{"line":202,"column":5}}},"21":{"name":"consoleReplace","decl":{"start":{"line":207,"column":9},"end":{"line":207,"column":23}},"loc":{"start":{"line":207,"column":23},"end":{"line":223,"column":1}}},"22":{"name":"(anonymous_24)","decl":{"start":{"line":212,"column":18},"end":{"line":212,"column":28}},"loc":{"start":{"line":212,"column":41},"end":{"line":222,"column":3}}},"23":{"name":"(anonymous_25)","decl":{"start":{"line":214,"column":39},"end":{"line":214,"column":49}},"loc":{"start":{"line":214,"column":75},"end":{"line":221,"column":5}}},"24":{"name":"(anonymous_26)","decl":{"start":{"line":215,"column":13},"end":{"line":215,"column":23}},"loc":{"start":{"line":215,"column":13},"end":{"line":220,"column":7}}},"25":{"name":"historyReplace","decl":{"start":{"line":227,"column":9},"end":{"line":227,"column":23}},"loc":{"start":{"line":227,"column":23},"end":{"line":256,"column":1}}},"26":{"name":"(anonymous_28)","decl":{"start":{"line":230,"column":23},"end":{"line":230,"column":60}},"loc":{"start":{"line":230,"column":23},"end":{"line":238,"column":3}}},"27":{"name":"historyReplaceFn","decl":{"start":{"line":239,"column":11},"end":{"line":239,"column":27}},"loc":{"start":{"line":239,"column":54},"end":{"line":253,"column":3}}},"28":{"name":"(anonymous_30)","decl":{"start":{"line":240,"column":11},"end":{"line":240,"column":36}},"loc":{"start":{"line":240,"column":11},"end":{"line":252,"column":5}}},"29":{"name":"unhandledrejectionReplace","decl":{"start":{"line":258,"column":9},"end":{"line":258,"column":34}},"loc":{"start":{"line":258,"column":34},"end":{"line":263,"column":1}}},"30":{"name":"(anonymous_32)","decl":{"start":{"line":259,"column":45},"end":{"line":259,"column":55}},"loc":{"start":{"line":259,"column":80},"end":{"line":262,"column":3}}},"31":{"name":"domReplace","decl":{"start":{"line":265,"column":9},"end":{"line":265,"column":19}},"loc":{"start":{"line":265,"column":19},"end":{"line":290,"column":1}}},"32":{"name":"(anonymous_34)","decl":{"start":{"line":270,"column":4},"end":{"line":270,"column":null}},"loc":{"start":{"line":270,"column":4},"end":{"line":275,"column":5}}}},"branchMap":{"0":{"loc":{"start":{"line":19,"column":9},"end":{"line":19,"column":35}},"type":"binary-expr","locations":[{"start":{"line":19,"column":9},"end":{"line":19,"column":35}},{"start":{"line":19,"column":39},"end":{"line":19,"column":75}}]},"1":{"loc":{"start":{"line":24,"column":4},"end":{"line":26,"column":11}},"type":"switch","locations":[{"start":{"line":24,"column":4},"end":{"line":26,"column":11}},{"start":{"line":27,"column":4},"end":{"line":29,"column":11}},{"start":{"line":30,"column":4},"end":{"line":32,"column":11}},{"start":{"line":33,"column":4},"end":{"line":35,"column":11}},{"start":{"line":36,"column":4},"end":{"line":38,"column":11}},{"start":{"line":39,"column":4},"end":{"line":41,"column":11}},{"start":{"line":42,"column":4},"end":{"line":44,"column":11}},{"start":{"line":45,"column":4},"end":{"line":47,"column":11}},{"start":{"line":48,"column":4},"end":{"line":49,"column":11}}]},"2":{"loc":{"start":{"line":54,"column":2},"end":{"line":54,"column":38}},"type":"if","locations":[{"start":{"line":54,"column":2},"end":{"line":54,"column":38}},{"start":{"line":54,"column":2},"end":{"line":54,"column":38}}]},"3":{"loc":{"start":{"line":59,"column":2},"end":{"line":61,"column":null}},"type":"if","locations":[{"start":{"line":59,"column":2},"end":{"line":61,"column":null}},{"start":{"line":59,"column":2},"end":{"line":61,"column":null}}]},"4":{"loc":{"start":{"line":69,"column":60},"end":{"line":69,"column":81}},"type":"cond-expr","locations":[{"start":{"line":69,"column":60},"end":{"line":69,"column":81}},{"start":{"line":69,"column":84},"end":{"line":69,"column":91}}]},"5":{"loc":{"start":{"line":102,"column":8},"end":{"line":102,"column":33}},"type":"binary-expr","locations":[{"start":{"line":102,"column":8},"end":{"line":102,"column":33}},{"start":{"line":102,"column":37},"end":{"line":102,"column":85}}]},"6":{"loc":{"start":{"line":104,"column":10},"end":{"line":104,"column":112}},"type":"if","locations":[{"start":{"line":104,"column":10},"end":{"line":104,"column":112}},{"start":{"line":104,"column":10},"end":{"line":104,"column":112}}]},"7":{"loc":{"start":{"line":104,"column":15},"end":{"line":104,"column":39}},"type":"binary-expr","locations":[{"start":{"line":104,"column":15},"end":{"line":104,"column":39}},{"start":{"line":104,"column":43},"end":{"line":104,"column":79}},{"start":{"line":104,"column":84},"end":{"line":104,"column":104}}]},"8":{"loc":{"start":{"line":110,"column":10},"end":{"line":112,"column":null}},"type":"if","locations":[{"start":{"line":110,"column":10},"end":{"line":112,"column":null}},{"start":{"line":110,"column":10},"end":{"line":112,"column":null}}]},"9":{"loc":{"start":{"line":111,"column":72},"end":{"line":111,"column":96}},"type":"cond-expr","locations":[{"start":{"line":111,"column":72},"end":{"line":111,"column":96}},{"start":{"line":111,"column":99},"end":{"line":111,"column":107}}]},"10":{"loc":{"start":{"line":123,"column":2},"end":{"line":125,"column":null}},"type":"if","locations":[{"start":{"line":123,"column":2},"end":{"line":125,"column":null}},{"start":{"line":123,"column":2},"end":{"line":125,"column":null}}]},"11":{"loc":{"start":{"line":127,"column":34},"end":{"line":127,"column":null}},"type":"if","locations":[{"start":{"line":127,"column":34},"end":{"line":127,"column":null}},{"start":{"line":127,"column":34},"end":{"line":127,"column":null}}]},"12":{"loc":{"start":{"line":129,"column":22},"end":{"line":129,"column":28}},"type":"binary-expr","locations":[{"start":{"line":129,"column":22},"end":{"line":129,"column":28}},{"start":{"line":129,"column":32},"end":{"line":129,"column":45}},{"start":{"line":129,"column":50},"end":{"line":129,"column":55}}]},"13":{"loc":{"start":{"line":133,"column":17},"end":{"line":133,"column":23}},"type":"binary-expr","locations":[{"start":{"line":133,"column":17},"end":{"line":133,"column":23}},{"start":{"line":133,"column":27},"end":{"line":133,"column":38}}]},"14":{"loc":{"start":{"line":136,"column":34},"end":{"line":136,"column":48}},"type":"binary-expr","locations":[{"start":{"line":136,"column":34},"end":{"line":136,"column":48}},{"start":{"line":136,"column":52},"end":{"line":136,"column":54}}]},"15":{"loc":{"start":{"line":144,"column":6},"end":{"line":144,"column":31}},"type":"binary-expr","locations":[{"start":{"line":144,"column":6},"end":{"line":144,"column":31}},{"start":{"line":144,"column":35},"end":{"line":144,"column":86}}]},"16":{"loc":{"start":{"line":162,"column":12},"end":{"line":162,"column":88}},"type":"if","locations":[{"start":{"line":162,"column":12},"end":{"line":162,"column":88}},{"start":{"line":162,"column":12},"end":{"line":162,"column":88}}]},"17":{"loc":{"start":{"line":162,"column":16},"end":{"line":162,"column":40}},"type":"binary-expr","locations":[{"start":{"line":162,"column":16},"end":{"line":162,"column":40}},{"start":{"line":162,"column":44},"end":{"line":162,"column":80}}]},"18":{"loc":{"start":{"line":163,"column":12},"end":{"line":163,"column":44}},"type":"if","locations":[{"start":{"line":163,"column":12},"end":{"line":163,"column":44}},{"start":{"line":163,"column":12},"end":{"line":163,"column":44}}]},"19":{"loc":{"start":{"line":164,"column":39},"end":{"line":164,"column":78}},"type":"binary-expr","locations":[{"start":{"line":164,"column":39},"end":{"line":164,"column":78}},{"start":{"line":164,"column":82},"end":{"line":164,"column":86}}]},"20":{"loc":{"start":{"line":171,"column":10},"end":{"line":171,"column":86}},"type":"if","locations":[{"start":{"line":171,"column":10},"end":{"line":171,"column":86}},{"start":{"line":171,"column":10},"end":{"line":171,"column":86}}]},"21":{"loc":{"start":{"line":171,"column":14},"end":{"line":171,"column":38}},"type":"binary-expr","locations":[{"start":{"line":171,"column":14},"end":{"line":171,"column":38}},{"start":{"line":171,"column":42},"end":{"line":171,"column":78}}]},"22":{"loc":{"start":{"line":172,"column":10},"end":{"line":172,"column":42}},"type":"if","locations":[{"start":{"line":172,"column":10},"end":{"line":172,"column":42}},{"start":{"line":172,"column":10},"end":{"line":172,"column":42}}]},"23":{"loc":{"start":{"line":189,"column":2},"end":{"line":193,"column":null}},"type":"if","locations":[{"start":{"line":189,"column":2},"end":{"line":193,"column":null}},{"start":{"line":189,"column":2},"end":{"line":193,"column":null}}]},"24":{"loc":{"start":{"line":208,"column":2},"end":{"line":210,"column":null}},"type":"if","locations":[{"start":{"line":208,"column":2},"end":{"line":210,"column":null}},{"start":{"line":208,"column":2},"end":{"line":210,"column":null}}]},"25":{"loc":{"start":{"line":213,"column":4},"end":{"line":213,"column":43}},"type":"if","locations":[{"start":{"line":213,"column":4},"end":{"line":213,"column":43}},{"start":{"line":213,"column":4},"end":{"line":213,"column":43}}]},"26":{"loc":{"start":{"line":216,"column":8},"end":{"line":219,"column":null}},"type":"if","locations":[{"start":{"line":216,"column":8},"end":{"line":219,"column":null}},{"start":{"line":216,"column":8},"end":{"line":219,"column":null}}]},"27":{"loc":{"start":{"line":228,"column":2},"end":{"line":228,"column":32}},"type":"if","locations":[{"start":{"line":228,"column":2},"end":{"line":228,"column":32}},{"start":{"line":228,"column":2},"end":{"line":228,"column":32}}]},"28":{"loc":{"start":{"line":237,"column":4},"end":{"line":237,"column":17}},"type":"binary-expr","locations":[{"start":{"line":237,"column":4},"end":{"line":237,"column":17}},{"start":{"line":237,"column":21},"end":{"line":237,"column":52}}]},"29":{"loc":{"start":{"line":241,"column":36},"end":{"line":241,"column":43}},"type":"cond-expr","locations":[{"start":{"line":241,"column":36},"end":{"line":241,"column":43}},{"start":{"line":241,"column":46},"end":{"line":241,"column":55}}]},"30":{"loc":{"start":{"line":242,"column":6},"end":{"line":250,"column":null}},"type":"if","locations":[{"start":{"line":242,"column":6},"end":{"line":250,"column":null}},{"start":{"line":242,"column":6},"end":{"line":250,"column":null}}]},"31":{"loc":{"start":{"line":266,"column":2},"end":{"line":266,"column":38}},"type":"if","locations":[{"start":{"line":266,"column":2},"end":{"line":266,"column":38}},{"start":{"line":266,"column":2},"end":{"line":266,"column":38}}]}},"s":{"0":2,"1":2,"2":2,"3":2,"4":2,"5":0,"6":7,"7":1,"8":1,"9":1,"10":1,"11":1,"12":1,"13":1,"14":1,"15":1,"16":1,"17":1,"18":1,"19":0,"20":0,"21":1,"22":1,"23":0,"24":8,"25":1,"26":7,"27":2,"28":1,"29":0,"30":1,"31":1,"32":1,"33":0,"34":0,"35":0,"36":1,"37":1,"38":0,"39":0,"40":0,"41":0,"42":0,"43":0,"44":0,"45":0,"46":0,"47":0,"48":0,"49":0,"50":0,"51":0,"52":0,"53":0,"54":0,"55":0,"56":0,"57":0,"58":0,"59":0,"60":0,"61":0,"62":0,"63":1,"64":1,"65":0,"66":0,"67":0,"68":0,"69":0,"70":0,"71":0,"72":0,"73":0,"74":0,"75":0,"76":0,"77":0,"78":0,"79":0,"80":0,"81":0,"82":0,"83":0,"84":0,"85":0,"86":0,"87":0,"88":0,"89":0,"90":0,"91":0,"92":0,"93":0,"94":0,"95":0,"96":0,"97":0,"98":1,"99":0,"100":0,"101":1,"102":0,"103":1,"104":0,"105":1,"106":1,"107":6,"108":0,"109":6,"110":6,"111":0,"112":0,"113":0,"114":0,"115":2,"116":1,"117":0,"118":1,"119":1,"120":0,"121":0,"122":0,"123":0,"124":0,"125":2,"126":0,"127":0,"128":0,"129":0,"130":0,"131":0,"132":0,"133":0,"134":1,"135":1,"136":1,"137":0,"138":0,"139":0,"140":0,"141":0},"f":{"0":0,"1":7,"2":8,"3":1,"4":1,"5":0,"6":1,"7":0,"8":0,"9":0,"10":1,"11":0,"12":0,"13":0,"14":0,"15":0,"16":0,"17":1,"18":0,"19":1,"20":0,"21":1,"22":6,"23":6,"24":0,"25":1,"26":0,"27":2,"28":0,"29":1,"30":0,"31":0,"32":0},"b":{"0":[0,0],"1":[1,1,1,1,1,1,0,1,0],"2":[1,7],"3":[0,1],"4":[0,0],"5":[0,0],"6":[0,0],"7":[0,0,0],"8":[0,0],"9":[0,0],"10":[1,0],"11":[0,0],"12":[0,0,0],"13":[0,0],"14":[0,0],"15":[0,0],"16":[0,0],"17":[0,0],"18":[0,0],"19":[0,0],"20":[0,0],"21":[0,0],"22":[0,0],"23":[0,1],"24":[0,1],"25":[0,6],"26":[0,0],"27":[0,1],"28":[0,0],"29":[0,0],"30":[0,0],"31":[0,0]}}
,"/Users/ks/Desktop/tryCatch/mitojs/packages/core/src/breadcrumb.ts": {"path":"/Users/ks/Desktop/tryCatch/mitojs/packages/core/src/breadcrumb.ts","statementMap":{"0":{"start":{"line":1,"column":0},"end":{"line":1,"column":69}},"1":{"start":{"line":2,"column":0},"end":{"line":2,"column":98}},"2":{"start":{"line":5,"column":0},"end":{"line":5,"column":13}},"3":{"start":{"line":6,"column":2},"end":{"line":6,"column":null}},"4":{"start":{"line":7,"column":2},"end":{"line":7,"column":null}},"5":{"start":{"line":8,"column":2},"end":{"line":8,"column":null}},"6":{"start":{"line":16,"column":2},"end":{"line":30,"column":null}},"7":{"start":{"line":16,"column":2},"end":{"line":16,"column":6}},"8":{"start":{"line":17,"column":4},"end":{"line":28,"column":null}},"9":{"start":{"line":18,"column":39},"end":{"line":18,"column":43}},"10":{"start":{"line":21,"column":35},"end":{"line":21,"column":60}},"11":{"start":{"line":22,"column":6},"end":{"line":24,"column":null}},"12":{"start":{"line":23,"column":8},"end":{"line":23,"column":null}},"13":{"start":{"line":25,"column":6},"end":{"line":25,"column":25}},"14":{"start":{"line":25,"column":19},"end":{"line":25,"column":25}},"15":{"start":{"line":26,"column":6},"end":{"line":26,"column":null}},"16":{"start":{"line":27,"column":6},"end":{"line":27,"column":12}},"17":{"start":{"line":29,"column":4},"end":{"line":29,"column":null}},"18":{"start":{"line":31,"column":2},"end":{"line":38,"column":null}},"19":{"start":{"line":32,"column":4},"end":{"line":32,"column":null}},"20":{"start":{"line":33,"column":4},"end":{"line":35,"column":null}},"21":{"start":{"line":34,"column":6},"end":{"line":34,"column":null}},"22":{"start":{"line":36,"column":4},"end":{"line":36,"column":null}},"23":{"start":{"line":37,"column":4},"end":{"line":37,"column":null}},"24":{"start":{"line":39,"column":2},"end":{"line":41,"column":null}},"25":{"start":{"line":40,"column":4},"end":{"line":40,"column":null}},"26":{"start":{"line":42,"column":2},"end":{"line":44,"column":null}},"27":{"start":{"line":43,"column":4},"end":{"line":43,"column":null}},"28":{"start":{"line":45,"column":2},"end":{"line":47,"column":null}},"29":{"start":{"line":46,"column":4},"end":{"line":46,"column":null}},"30":{"start":{"line":48,"column":2},"end":{"line":78,"column":null}},"31":{"start":{"line":49,"column":4},"end":{"line":77,"column":null}},"32":{"start":{"line":52,"column":8},"end":{"line":52,"column":null}},"33":{"start":{"line":57,"column":8},"end":{"line":57,"column":null}},"34":{"start":{"line":60,"column":8},"end":{"line":60,"column":null}},"35":{"start":{"line":69,"column":8},"end":{"line":69,"column":null}},"36":{"start":{"line":76,"column":8},"end":{"line":76,"column":null}},"37":{"start":{"line":79,"column":2},"end":{"line":83,"column":null}},"38":{"start":{"line":79,"column":14},"end":{"line":79,"column":null}},"39":{"start":{"line":80,"column":53},"end":{"line":80,"column":null}},"40":{"start":{"line":81,"column":4},"end":{"line":81,"column":null}},"41":{"start":{"line":82,"column":4},"end":{"line":82,"column":null}},"42":{"start":{"line":84,"column":0},"end":{"line":84,"column":null}},"43":{"start":{"line":5,"column":13},"end":{"line":5,"column":23}},"44":{"start":{"line":85,"column":19},"end":{"line":85,"column":82}},"45":{"start":{"line":86,"column":9},"end":{"line":86,"column":19}}},"fnMap":{"0":{"name":"(anonymous_0)","decl":{"start":{"line":5,"column":0},"end":{"line":5,"column":13}},"loc":{"start":{"line":5,"column":0},"end":{"line":84,"column":null}}},"1":{"name":"Breadcrumb","decl":{"start":{"line":9,"column":2},"end":{"line":9,"column":17}},"loc":{"start":{"line":9,"column":2},"end":{"line":9,"column":18}}},"2":{"name":"(anonymous_2)","decl":{"start":{"line":16,"column":2},"end":{"line":16,"column":6}},"loc":{"start":{"line":16,"column":31},"end":{"line":30,"column":3}}},"3":{"name":"(anonymous_3)","decl":{"start":{"line":22,"column":25},"end":{"line":22,"column":null}},"loc":{"start":{"line":22,"column":25},"end":{"line":24,"column":7}}},"4":{"name":"(anonymous_4)","decl":{"start":{"line":31,"column":2},"end":{"line":31,"column":15}},"loc":{"start":{"line":31,"column":40},"end":{"line":38,"column":3}}},"5":{"name":"(anonymous_5)","decl":{"start":{"line":39,"column":2},"end":{"line":39,"column":7}},"loc":{"start":{"line":39,"column":2},"end":{"line":41,"column":3}}},"6":{"name":"(anonymous_6)","decl":{"start":{"line":42,"column":2},"end":{"line":42,"column":7}},"loc":{"start":{"line":42,"column":2},"end":{"line":44,"column":3}}},"7":{"name":"(anonymous_7)","decl":{"start":{"line":45,"column":2},"end":{"line":45,"column":10}},"loc":{"start":{"line":45,"column":2},"end":{"line":47,"column":3}}},"8":{"name":"(anonymous_8)","decl":{"start":{"line":48,"column":2},"end":{"line":48,"column":13}},"loc":{"start":{"line":48,"column":35},"end":{"line":78,"column":3}}},"9":{"name":"(anonymous_9)","decl":{"start":{"line":79,"column":2},"end":{"line":79,"column":13}},"loc":{"start":{"line":79,"column":39},"end":{"line":83,"column":3}}}},"branchMap":{"0":{"loc":{"start":{"line":17,"column":4},"end":{"line":28,"column":null}},"type":"if","locations":[{"start":{"line":17,"column":4},"end":{"line":28,"column":null}},{"start":{"line":17,"column":4},"end":{"line":28,"column":null}}]},"1":{"loc":{"start":{"line":25,"column":6},"end":{"line":25,"column":25}},"type":"if","locations":[{"start":{"line":25,"column":6},"end":{"line":25,"column":25}},{"start":{"line":25,"column":6},"end":{"line":25,"column":25}}]},"2":{"loc":{"start":{"line":33,"column":4},"end":{"line":35,"column":null}},"type":"if","locations":[{"start":{"line":33,"column":4},"end":{"line":35,"column":null}},{"start":{"line":33,"column":4},"end":{"line":35,"column":null}}]},"3":{"loc":{"start":{"line":50,"column":6},"end":{"line":50,"column":31}},"type":"switch","locations":[{"start":{"line":50,"column":6},"end":{"line":50,"column":31}},{"start":{"line":51,"column":6},"end":{"line":52,"column":null}},{"start":{"line":53,"column":6},"end":{"line":53,"column":33}},{"start":{"line":54,"column":6},"end":{"line":54,"column":33}},{"start":{"line":55,"column":6},"end":{"line":55,"column":31}},{"start":{"line":56,"column":6},"end":{"line":57,"column":null}},{"start":{"line":58,"column":6},"end":{"line":58,"column":36}},{"start":{"line":59,"column":6},"end":{"line":60,"column":null}},{"start":{"line":61,"column":6},"end":{"line":61,"column":41}},{"start":{"line":62,"column":6},"end":{"line":62,"column":39}},{"start":{"line":63,"column":6},"end":{"line":63,"column":39}},{"start":{"line":64,"column":6},"end":{"line":64,"column":40}},{"start":{"line":65,"column":6},"end":{"line":65,"column":40}},{"start":{"line":66,"column":6},"end":{"line":66,"column":53}},{"start":{"line":67,"column":6},"end":{"line":67,"column":50}},{"start":{"line":68,"column":6},"end":{"line":69,"column":null}},{"start":{"line":70,"column":6},"end":{"line":70,"column":46}},{"start":{"line":71,"column":6},"end":{"line":71,"column":38}},{"start":{"line":72,"column":6},"end":{"line":72,"column":36}},{"start":{"line":73,"column":6},"end":{"line":73,"column":31}},{"start":{"line":74,"column":6},"end":{"line":74,"column":33}},{"start":{"line":75,"column":6},"end":{"line":76,"column":null}}]},"4":{"loc":{"start":{"line":79,"column":14},"end":{"line":79,"column":null}},"type":"if","locations":[{"start":{"line":79,"column":14},"end":{"line":79,"column":null}},{"start":{"line":79,"column":14},"end":{"line":79,"column":null}}]},"5":{"loc":{"start":{"line":81,"column":4},"end":{"line":81,"column":62}},"type":"binary-expr","locations":[{"start":{"line":81,"column":4},"end":{"line":81,"column":62}},{"start":{"line":81,"column":67},"end":{"line":81,"column":103}}]},"6":{"loc":{"start":{"line":82,"column":4},"end":{"line":82,"column":76}},"type":"binary-expr","locations":[{"start":{"line":82,"column":4},"end":{"line":82,"column":76}},{"start":{"line":82,"column":81},"end":{"line":82,"column":129}}]},"7":{"loc":{"start":{"line":85,"column":19},"end":{"line":85,"column":38}},"type":"binary-expr","locations":[{"start":{"line":85,"column":19},"end":{"line":85,"column":38}},{"start":{"line":85,"column":43},"end":{"line":85,"column":81}}]}},"s":{"0":8,"1":8,"2":8,"3":8,"4":8,"5":8,"6":8,"7":26,"8":26,"9":2,"10":2,"11":2,"12":2,"13":2,"14":1,"15":1,"16":1,"17":24,"18":8,"19":25,"20":25,"21":4,"22":25,"23":25,"24":8,"25":4,"26":8,"27":5,"28":8,"29":9,"30":8,"31":16,"32":4,"33":2,"34":3,"35":0,"36":7,"37":8,"38":3,"39":6,"40":3,"41":3,"42":8,"43":8,"44":8,"45":8},"f":{"0":8,"1":8,"2":26,"3":2,"4":25,"5":4,"6":5,"7":9,"8":16,"9":3},"b":{"0":[2,24],"1":[1,1],"2":[4,21],"3":[2,4,1,2,2,2,3,3,0,0,0,0,0,0,0,0,2,4,5,6,7,7],"4":[0,3],"5":[3,2],"6":[3,1],"7":[8,8]}}
,"/Users/ks/Desktop/tryCatch/mitojs/packages/core/src/errorId.ts": {"path":"/Users/ks/Desktop/tryCatch/mitojs/packages/core/src/errorId.ts","statementMap":{"0":{"start":{"line":1,"column":0},"end":{"line":1,"column":76}},"1":{"start":{"line":2,"column":0},"end":{"line":2,"column":55}},"2":{"start":{"line":4,"column":32},"end":{"line":4,"column":34}},"3":{"start":{"line":11,"column":2},"end":{"line":29,"column":null}},"4":{"start":{"line":13,"column":6},"end":{"line":13,"column":null}},"5":{"start":{"line":14,"column":6},"end":{"line":14,"column":11}},"6":{"start":{"line":18,"column":6},"end":{"line":18,"column":null}},"7":{"start":{"line":19,"column":6},"end":{"line":19,"column":11}},"8":{"start":{"line":21,"column":6},"end":{"line":21,"column":null}},"9":{"start":{"line":22,"column":6},"end":{"line":22,"column":11}},"10":{"start":{"line":24,"column":6},"end":{"line":24,"column":null}},"11":{"start":{"line":25,"column":6},"end":{"line":25,"column":11}},"12":{"start":{"line":27,"column":6},"end":{"line":27,"column":null}},"13":{"start":{"line":28,"column":6},"end":{"line":28,"column":11}},"14":{"start":{"line":30,"column":2},"end":{"line":30,"column":null}},"15":{"start":{"line":31,"column":2},"end":{"line":33,"column":null}},"16":{"start":{"line":32,"column":4},"end":{"line":32,"column":null}},"17":{"start":{"line":34,"column":2},"end":{"line":38,"column":null}},"18":{"start":{"line":35,"column":4},"end":{"line":35,"column":null}},"19":{"start":{"line":37,"column":4},"end":{"line":37,"column":null}},"20":{"start":{"line":40,"column":2},"end":{"line":40,"column":null}},"21":{"start":{"line":9,"column":0},"end":{"line":9,"column":16}},"22":{"start":{"line":49,"column":22},"end":{"line":49,"column":43}},"23":{"start":{"line":50,"column":2},"end":{"line":52,"column":null}},"24":{"start":{"line":51,"column":4},"end":{"line":51,"column":null}},"25":{"start":{"line":53,"column":2},"end":{"line":53,"column":null}},"26":{"start":{"line":61,"column":17},"end":{"line":72,"column":3}},"27":{"start":{"line":62,"column":4},"end":{"line":71,"column":null}},"28":{"start":{"line":65,"column":8},"end":{"line":69,"column":null}},"29":{"start":{"line":66,"column":10},"end":{"line":66,"column":null}},"30":{"start":{"line":68,"column":10},"end":{"line":68,"column":null}},"31":{"start":{"line":70,"column":8},"end":{"line":70,"column":null}},"32":{"start":{"line":73,"column":2},"end":{"line":81,"column":null}},"33":{"start":{"line":74,"column":4},"end":{"line":78,"column":null}},"34":{"start":{"line":75,"column":16},"end":{"line":75,"column":34}},"35":{"start":{"line":76,"column":6},"end":{"line":76,"column":null}},"36":{"start":{"line":77,"column":6},"end":{"line":77,"column":null}},"37":{"start":{"line":80,"column":4},"end":{"line":80,"column":null}},"38":{"start":{"line":91,"column":2},"end":{"line":91,"column":null}},"39":{"start":{"line":90,"column":0},"end":{"line":90,"column":16}},"40":{"start":{"line":100,"column":2},"end":{"line":100,"column":null}},"41":{"start":{"line":98,"column":0},"end":{"line":98,"column":16}},"42":{"start":{"line":109,"column":2},"end":{"line":109,"column":null}},"43":{"start":{"line":107,"column":0},"end":{"line":107,"column":16}},"44":{"start":{"line":117,"column":23},"end":{"line":117,"column":35}},"45":{"start":{"line":118,"column":2},"end":{"line":120,"column":null}},"46":{"start":{"line":119,"column":4},"end":{"line":119,"column":null}},"47":{"start":{"line":121,"column":2},"end":{"line":123,"column":null}},"48":{"start":{"line":122,"column":4},"end":{"line":122,"column":null}},"49":{"start":{"line":124,"column":2},"end":{"line":124,"column":null}},"50":{"start":{"line":116,"column":0},"end":{"line":116,"column":16}},"51":{"start":{"line":128,"column":2},"end":{"line":128,"column":null}},"52":{"start":{"line":127,"column":0},"end":{"line":127,"column":16}},"53":{"start":{"line":132,"column":13},"end":{"line":132,"column":14}},"54":{"start":{"line":133,"column":2},"end":{"line":133,"column":null}},"55":{"start":{"line":133,"column":23},"end":{"line":133,"column":null}},"56":{"start":{"line":134,"column":2},"end":{"line":138,"column":null}},"57":{"start":{"line":134,"column":15},"end":{"line":134,"column":16}},"58":{"start":{"line":135,"column":17},"end":{"line":135,"column":34}},"59":{"start":{"line":136,"column":4},"end":{"line":136,"column":null}},"60":{"start":{"line":137,"column":4},"end":{"line":137,"column":null}},"61":{"start":{"line":139,"column":2},"end":{"line":139,"column":null}}},"fnMap":{"0":{"name":"createErrorId","decl":{"start":{"line":9,"column":16},"end":{"line":9,"column":29}},"loc":{"start":{"line":9,"column":66},"end":{"line":41,"column":1}}},"1":{"name":"generatePromiseErrorId","decl":{"start":{"line":48,"column":9},"end":{"line":48,"column":31}},"loc":{"start":{"line":48,"column":68},"end":{"line":54,"column":1}}},"2":{"name":"objectOrder","decl":{"start":{"line":60,"column":9},"end":{"line":60,"column":20}},"loc":{"start":{"line":60,"column":32},"end":{"line":82,"column":1}}},"3":{"name":"(anonymous_3)","decl":{"start":{"line":61,"column":17},"end":{"line":61,"column":18}},"loc":{"start":{"line":61,"column":26},"end":{"line":72,"column":3}}},"4":{"name":"(anonymous_4)","decl":{"start":{"line":64,"column":14},"end":{"line":64,"column":15}},"loc":{"start":{"line":64,"column":25},"end":{"line":71,"column":7}}},"5":{"name":"getRealPath","decl":{"start":{"line":90,"column":16},"end":{"line":90,"column":27}},"loc":{"start":{"line":90,"column":39},"end":{"line":92,"column":1}}},"6":{"name":"getFlutterRealOrigin","decl":{"start":{"line":98,"column":16},"end":{"line":98,"column":36}},"loc":{"start":{"line":98,"column":48},"end":{"line":101,"column":1}}},"7":{"name":"getFlutterRealPath","decl":{"start":{"line":107,"column":16},"end":{"line":107,"column":34}},"loc":{"start":{"line":107,"column":46},"end":{"line":110,"column":1}}},"8":{"name":"getRealPageOrigin","decl":{"start":{"line":116,"column":16},"end":{"line":116,"column":33}},"loc":{"start":{"line":116,"column":45},"end":{"line":125,"column":1}}},"9":{"name":"removeHashPath","decl":{"start":{"line":127,"column":16},"end":{"line":127,"column":30}},"loc":{"start":{"line":127,"column":42},"end":{"line":129,"column":1}}},"10":{"name":"hashCode","decl":{"start":{"line":131,"column":9},"end":{"line":131,"column":17}},"loc":{"start":{"line":131,"column":29},"end":{"line":140,"column":1}}}},"branchMap":{"0":{"loc":{"start":{"line":12,"column":4},"end":{"line":14,"column":11}},"type":"switch","locations":[{"start":{"line":12,"column":4},"end":{"line":14,"column":11}},{"start":{"line":15,"column":4},"end":{"line":15,"column":37}},{"start":{"line":16,"column":4},"end":{"line":16,"column":30}},{"start":{"line":17,"column":4},"end":{"line":19,"column":11}},{"start":{"line":20,"column":4},"end":{"line":22,"column":11}},{"start":{"line":23,"column":4},"end":{"line":25,"column":11}},{"start":{"line":26,"column":4},"end":{"line":28,"column":11}}]},"1":{"loc":{"start":{"line":31,"column":2},"end":{"line":33,"column":null}},"type":"if","locations":[{"start":{"line":31,"column":2},"end":{"line":33,"column":null}},{"start":{"line":31,"column":2},"end":{"line":33,"column":null}}]},"2":{"loc":{"start":{"line":34,"column":2},"end":{"line":38,"column":null}},"type":"if","locations":[{"start":{"line":34,"column":2},"end":{"line":38,"column":null}},{"start":{"line":34,"column":2},"end":{"line":38,"column":null}}]},"3":{"loc":{"start":{"line":50,"column":2},"end":{"line":52,"column":null}},"type":"if","locations":[{"start":{"line":50,"column":2},"end":{"line":52,"column":null}},{"start":{"line":50,"column":2},"end":{"line":52,"column":null}}]},"4":{"loc":{"start":{"line":65,"column":8},"end":{"line":69,"column":null}},"type":"if","locations":[{"start":{"line":65,"column":8},"end":{"line":69,"column":null}},{"start":{"line":65,"column":8},"end":{"line":69,"column":null}}]},"5":{"loc":{"start":{"line":74,"column":4},"end":{"line":78,"column":null}},"type":"if","locations":[{"start":{"line":74,"column":4},"end":{"line":78,"column":null}},{"start":{"line":74,"column":4},"end":{"line":78,"column":null}}]},"6":{"loc":{"start":{"line":118,"column":2},"end":{"line":120,"column":null}},"type":"if","locations":[{"start":{"line":118,"column":2},"end":{"line":120,"column":null}},{"start":{"line":118,"column":2},"end":{"line":120,"column":null}}]},"7":{"loc":{"start":{"line":121,"column":2},"end":{"line":123,"column":null}},"type":"if","locations":[{"start":{"line":121,"column":2},"end":{"line":123,"column":null}},{"start":{"line":121,"column":2},"end":{"line":123,"column":null}}]},"8":{"loc":{"start":{"line":133,"column":2},"end":{"line":133,"column":null}},"type":"if","locations":[{"start":{"line":133,"column":2},"end":{"line":133,"column":null}},{"start":{"line":133,"column":2},"end":{"line":133,"column":null}}]}},"s":{"0":8,"1":8,"2":8,"3":13,"4":5,"5":5,"6":0,"7":0,"8":6,"9":6,"10":2,"11":2,"12":0,"13":0,"14":13,"15":13,"16":3,"17":10,"18":2,"19":8,"20":10,"21":8,"22":2,"23":2,"24":1,"25":1,"26":2,"27":0,"28":0,"29":0,"30":0,"31":0,"32":2,"33":2,"34":0,"35":0,"36":0,"37":0,"38":18,"39":8,"40":2,"41":8,"42":3,"43":8,"44":2,"45":2,"46":1,"47":1,"48":0,"49":1,"50":8,"51":3,"52":8,"53":13,"54":13,"55":0,"56":13,"57":13,"58":510,"59":510,"60":510,"61":13},"f":{"0":13,"1":2,"2":2,"3":0,"4":0,"5":18,"6":2,"7":3,"8":2,"9":3,"10":13},"b":{"0":[5,0,0,0,6,2,0],"1":[3,10],"2":[2,8],"3":[1,1],"4":[0,0],"5":[0,2],"6":[1,1],"7":[0,1],"8":[0,13]}}
,"/Users/ks/Desktop/tryCatch/mitojs/packages/core/src/external.ts": {"path":"/Users/ks/Desktop/tryCatch/mitojs/packages/core/src/external.ts","statementMap":{"0":{"start":{"line":1,"column":0},"end":{"line":1,"column":60}},"1":{"start":{"line":2,"column":0},"end":{"line":2,"column":null}},"2":{"start":{"line":12,"column":0},"end":{"line":12,"column":47}},"3":{"start":{"line":13,"column":0},"end":{"line":13,"column":41}},"4":{"start":{"line":29,"column":22},"end":{"line":29,"column":29}},"5":{"start":{"line":29,"column":29},"end":{"line":29,"column":44}},"6":{"start":{"line":29,"column":44},"end":{"line":29,"column":47}},"7":{"start":{"line":29,"column":47},"end":{"line":29,"column":54}},"8":{"start":{"line":29,"column":54},"end":{"line":29,"column":59}},"9":{"start":{"line":29,"column":59},"end":{"line":29,"column":81}},"10":{"start":{"line":29,"column":81},"end":{"line":29,"column":83}},"11":{"start":{"line":29,"column":83},"end":{"line":29,"column":100}},"12":{"start":{"line":30,"column":18},"end":{"line":30,"column":20}},"13":{"start":{"line":31,"column":2},"end":{"line":33,"column":null}},"14":{"start":{"line":32,"column":4},"end":{"line":32,"column":null}},"15":{"start":{"line":34,"column":13},"end":{"line":42,"column":null}},"16":{"start":{"line":44,"column":2},"end":{"line":49,"column":null}},"17":{"start":{"line":50,"column":2},"end":{"line":50,"column":null}},"18":{"start":{"line":29,"column":0},"end":{"line":29,"column":16}}},"fnMap":{"0":{"name":"log","decl":{"start":{"line":29,"column":16},"end":{"line":29,"column":19}},"loc":{"start":{"line":29,"column":100},"end":{"line":51,"column":1}}}},"branchMap":{"0":{"loc":{"start":{"line":29,"column":32},"end":{"line":29,"column":42}},"type":"cond-expr","locations":[{"start":{"line":29,"column":32},"end":{"line":29,"column":42}},{"start":{"line":29,"column":42},"end":{"line":29,"column":44}}]},"1":{"loc":{"start":{"line":29,"column":50},"end":{"line":29,"column":52}},"type":"cond-expr","locations":[{"start":{"line":29,"column":50},"end":{"line":29,"column":52}},{"start":{"line":29,"column":52},"end":{"line":29,"column":54}}]},"2":{"loc":{"start":{"line":29,"column":62},"end":{"line":29,"column":79}},"type":"cond-expr","locations":[{"start":{"line":29,"column":62},"end":{"line":29,"column":79}},{"start":{"line":29,"column":79},"end":{"line":29,"column":81}}]},"3":{"loc":{"start":{"line":29,"column":86},"end":{"line":29,"column":88}},"type":"cond-expr","locations":[{"start":{"line":29,"column":86},"end":{"line":29,"column":88}},{"start":{"line":29,"column":88},"end":{"line":29,"column":100}}]},"4":{"loc":{"start":{"line":31,"column":2},"end":{"line":33,"column":null}},"type":"if","locations":[{"start":{"line":31,"column":2},"end":{"line":33,"column":null}},{"start":{"line":31,"column":2},"end":{"line":33,"column":null}}]},"5":{"loc":{"start":{"line":41,"column":23},"end":{"line":41,"column":40}},"type":"cond-expr","locations":[{"start":{"line":41,"column":23},"end":{"line":41,"column":40}},{"start":{"line":41,"column":43},"end":{"line":41,"column":60}}]}},"s":{"0":8,"1":8,"2":8,"3":8,"4":1,"5":1,"6":1,"7":1,"8":1,"9":1,"10":1,"11":1,"12":1,"13":1,"14":0,"15":1,"16":1,"17":1,"18":8},"f":{"0":1},"b":{"0":[0,1],"1":[0,1],"2":[0,1],"3":[1,0],"4":[0,1],"5":[0,1]}}
,"/Users/ks/Desktop/tryCatch/mitojs/packages/core/src/index.ts": {"path":"/Users/ks/Desktop/tryCatch/mitojs/packages/core/src/index.ts","statementMap":{"0":{"start":{"line":1,"column":0},"end":{"line":1,"column":28}},"1":{"start":{"line":2,"column":0},"end":{"line":2,"column":26}},"2":{"start":{"line":3,"column":0},"end":{"line":3,"column":31}},"3":{"start":{"line":4,"column":0},"end":{"line":4,"column":31}},"4":{"start":{"line":5,"column":0},"end":{"line":5,"column":26}},"5":{"start":{"line":6,"column":0},"end":{"line":6,"column":25}},"6":{"start":{"line":7,"column":0},"end":{"line":7,"column":25}},"7":{"start":{"line":8,"column":0},"end":{"line":8,"column":27}}},"fnMap":{},"branchMap":{},"s":{"0":8,"1":8,"2":8,"3":8,"4":8,"5":8,"6":8,"7":8},"f":{},"b":{}}
,"/Users/ks/Desktop/tryCatch/mitojs/packages/core/src/options.ts": {"path":"/Users/ks/Desktop/tryCatch/mitojs/packages/core/src/options.ts","statementMap":{"0":{"start":{"line":2,"column":0},"end":{"line":2,"column":117}},"1":{"start":{"line":3,"column":0},"end":{"line":3,"column":41}},"2":{"start":{"line":4,"column":0},"end":{"line":4,"column":47}},"3":{"start":{"line":5,"column":0},"end":{"line":5,"column":13}},"4":{"start":{"line":11,"column":2},"end":{"line":11,"column":null}},"5":{"start":{"line":13,"column":4},"end":{"line":13,"column":null}},"6":{"start":{"line":15,"column":2},"end":{"line":23,"column":null}},"7":{"start":{"line":15,"column":14},"end":{"line":15,"column":null}},"8":{"start":{"line":16,"column":116},"end":{"line":16,"column":null}},"9":{"start":{"line":17,"column":4},"end":{"line":17,"column":null}},"10":{"start":{"line":18,"column":4},"end":{"line":18,"column":null}},"11":{"start":{"line":19,"column":4},"end":{"line":19,"column":null}},"12":{"start":{"line":20,"column":4},"end":{"line":20,"column":null}},"13":{"start":{"line":21,"column":4},"end":{"line":22,"column":null}},"14":{"start":{"line":24,"column":0},"end":{"line":24,"column":null}},"15":{"start":{"line":5,"column":13},"end":{"line":5,"column":20}},"16":{"start":{"line":26,"column":16},"end":{"line":26,"column":70}},"17":{"start":{"line":48,"column":9},"end":{"line":48,"column":16}},"18":{"start":{"line":29,"column":57},"end":{"line":29,"column":null}},"19":{"start":{"line":30,"column":2},"end":{"line":33,"column":null}},"20":{"start":{"line":31,"column":20},"end":{"line":31,"column":34}},"21":{"start":{"line":32,"column":4},"end":{"line":32,"column":null}},"22":{"start":{"line":28,"column":0},"end":{"line":28,"column":16}},"23":{"start":{"line":40,"column":28},"end":{"line":40,"column":null}},"24":{"start":{"line":41,"column":2},"end":{"line":41,"column":null}},"25":{"start":{"line":42,"column":2},"end":{"line":42,"column":null}},"26":{"start":{"line":43,"column":2},"end":{"line":43,"column":null}},"27":{"start":{"line":44,"column":2},"end":{"line":44,"column":null}},"28":{"start":{"line":45,"column":2},"end":{"line":45,"column":null}},"29":{"start":{"line":40,"column":0},"end":{"line":40,"column":16}}},"fnMap":{"0":{"name":"(anonymous_0)","decl":{"start":{"line":5,"column":0},"end":{"line":5,"column":13}},"loc":{"start":{"line":5,"column":0},"end":{"line":24,"column":null}}},"1":{"name":"Options","decl":{"start":{"line":12,"column":2},"end":{"line":12,"column":null}},"loc":{"start":{"line":12,"column":2},"end":{"line":14,"column":3}}},"2":{"name":"(anonymous_2)","decl":{"start":{"line":15,"column":2},"end":{"line":15,"column":13}},"loc":{"start":{"line":15,"column":39},"end":{"line":23,"column":3}}},"3":{"name":"setTraceId","decl":{"start":{"line":28,"column":16},"end":{"line":28,"column":26}},"loc":{"start":{"line":28,"column":104},"end":{"line":34,"column":1}}},"4":{"name":"initOptions","decl":{"start":{"line":40,"column":16},"end":{"line":40,"column":27}},"loc":{"start":{"line":40,"column":58},"end":{"line":46,"column":1}}}},"branchMap":{"0":{"loc":{"start":{"line":15,"column":14},"end":{"line":15,"column":null}},"type":"if","locations":[{"start":{"line":15,"column":14},"end":{"line":15,"column":null}},{"start":{"line":15,"column":14},"end":{"line":15,"column":null}}]},"1":{"loc":{"start":{"line":17,"column":4},"end":{"line":17,"column":70}},"type":"binary-expr","locations":[{"start":{"line":17,"column":4},"end":{"line":17,"column":70}},{"start":{"line":17,"column":75},"end":{"line":17,"column":117}}]},"2":{"loc":{"start":{"line":18,"column":4},"end":{"line":18,"column":61}},"type":"binary-expr","locations":[{"start":{"line":18,"column":4},"end":{"line":18,"column":61}},{"start":{"line":18,"column":66},"end":{"line":18,"column":100}}]},"3":{"loc":{"start":{"line":19,"column":4},"end":{"line":19,"column":66}},"type":"binary-expr","locations":[{"start":{"line":19,"column":4},"end":{"line":19,"column":66}},{"start":{"line":19,"column":71},"end":{"line":19,"column":111}}]},"4":{"loc":{"start":{"line":20,"column":4},"end":{"line":20,"column":87}},"type":"binary-expr","locations":[{"start":{"line":20,"column":4},"end":{"line":20,"column":87}},{"start":{"line":20,"column":92},"end":{"line":20,"column":136}}]},"5":{"loc":{"start":{"line":21,"column":4},"end":{"line":21,"column":105}},"type":"binary-expr","locations":[{"start":{"line":21,"column":4},"end":{"line":21,"column":105}},{"start":{"line":22,"column":7},"end":{"line":22,"column":69}}]},"6":{"loc":{"start":{"line":26,"column":16},"end":{"line":26,"column":32}},"type":"binary-expr","locations":[{"start":{"line":26,"column":16},"end":{"line":26,"column":32}},{"start":{"line":26,"column":37},"end":{"line":26,"column":69}}]},"7":{"loc":{"start":{"line":30,"column":2},"end":{"line":33,"column":null}},"type":"if","locations":[{"start":{"line":30,"column":2},"end":{"line":33,"column":null}},{"start":{"line":30,"column":2},"end":{"line":33,"column":null}}]},"8":{"loc":{"start":{"line":30,"column":6},"end":{"line":30,"column":19}},"type":"binary-expr","locations":[{"start":{"line":30,"column":6},"end":{"line":30,"column":19}},{"start":{"line":30,"column":23},"end":{"line":30,"column":50}},{"start":{"line":30,"column":54},"end":{"line":30,"column":95}}]},"9":{"loc":{"start":{"line":40,"column":28},"end":{"line":40,"column":null}},"type":"if","locations":[{"start":{"line":40,"column":28},"end":{"line":40,"column":null}},{"start":{"line":40,"column":28},"end":{"line":40,"column":null}}]}},"s":{"0":8,"1":8,"2":8,"3":8,"4":8,"5":8,"6":8,"7":2,"8":10,"9":2,"10":2,"11":2,"12":2,"13":2,"14":8,"15":8,"16":8,"17":8,"18":4,"19":2,"20":1,"21":1,"22":8,"23":1,"24":1,"25":1,"26":1,"27":1,"28":1,"29":8},"f":{"0":8,"1":8,"2":2,"3":2,"4":1},"b":{"0":[0,2],"1":[2,0],"2":[2,1],"3":[2,0],"4":[2,0],"5":[2,1],"6":[8,8],"7":[1,1],"8":[2,2,2],"9":[0,1]}}
,"/Users/ks/Desktop/tryCatch/mitojs/packages/core/src/subscribe.ts": {"path":"/Users/ks/Desktop/tryCatch/mitojs/packages/core/src/subscribe.ts","statementMap":{"0":{"start":{"line":2,"column":0},"end":{"line":2,"column":89}},"1":{"start":{"line":10,"column":62},"end":{"line":10,"column":64}},"2":{"start":{"line":13,"column":2},"end":{"line":13,"column":null}},"3":{"start":{"line":13,"column":41},"end":{"line":13,"column":null}},"4":{"start":{"line":14,"column":2},"end":{"line":14,"column":null}},"5":{"start":{"line":15,"column":2},"end":{"line":15,"column":null}},"6":{"start":{"line":16,"column":2},"end":{"line":16,"column":null}},"7":{"start":{"line":17,"column":2},"end":{"line":17,"column":null}},"8":{"start":{"line":12,"column":0},"end":{"line":12,"column":16}},"9":{"start":{"line":21,"column":2},"end":{"line":21,"column":38}},"10":{"start":{"line":21,"column":32},"end":{"line":21,"column":38}},"11":{"start":{"line":22,"column":2},"end":{"line":31,"column":null}},"12":{"start":{"line":23,"column":4},"end":{"line":30,"column":null}},"13":{"start":{"line":25,"column":8},"end":{"line":25,"column":null}},"14":{"start":{"line":28,"column":8},"end":{"line":28,"column":null}},"15":{"start":{"line":20,"column":0},"end":{"line":20,"column":16}}},"fnMap":{"0":{"name":"subscribeEvent","decl":{"start":{"line":12,"column":16},"end":{"line":12,"column":30}},"loc":{"start":{"line":12,"column":54},"end":{"line":18,"column":1}}},"1":{"name":"triggerHandlers","decl":{"start":{"line":20,"column":16},"end":{"line":20,"column":31}},"loc":{"start":{"line":20,"column":70},"end":{"line":32,"column":1}}},"2":{"name":"(anonymous_2)","decl":{"start":{"line":22,"column":25},"end":{"line":22,"column":26}},"loc":{"start":{"line":22,"column":34},"end":{"line":31,"column":3}}},"3":{"name":"(anonymous_3)","decl":{"start":{"line":24,"column":6},"end":{"line":24,"column":null}},"loc":{"start":{"line":24,"column":6},"end":{"line":26,"column":7}}},"4":{"name":"(anonymous_4)","decl":{"start":{"line":27,"column":6},"end":{"line":27,"column":7}},"loc":{"start":{"line":27,"column":15},"end":{"line":29,"column":7}}}},"branchMap":{"0":{"loc":{"start":{"line":13,"column":2},"end":{"line":13,"column":null}},"type":"if","locations":[{"start":{"line":13,"column":2},"end":{"line":13,"column":null}},{"start":{"line":13,"column":2},"end":{"line":13,"column":null}}]},"1":{"loc":{"start":{"line":13,"column":6},"end":{"line":13,"column":14}},"type":"binary-expr","locations":[{"start":{"line":13,"column":6},"end":{"line":13,"column":14}},{"start":{"line":13,"column":18},"end":{"line":13,"column":39}}]},"2":{"loc":{"start":{"line":15,"column":27},"end":{"line":15,"column":49}},"type":"binary-expr","locations":[{"start":{"line":15,"column":27},"end":{"line":15,"column":49}},{"start":{"line":15,"column":53},"end":{"line":15,"column":55}}]},"3":{"loc":{"start":{"line":21,"column":2},"end":{"line":21,"column":38}},"type":"if","locations":[{"start":{"line":21,"column":2},"end":{"line":21,"column":38}},{"start":{"line":21,"column":2},"end":{"line":21,"column":38}}]},"4":{"loc":{"start":{"line":21,"column":6},"end":{"line":21,"column":11}},"type":"binary-expr","locations":[{"start":{"line":21,"column":6},"end":{"line":21,"column":11}},{"start":{"line":21,"column":15},"end":{"line":21,"column":30}}]}},"s":{"0":8,"1":8,"2":9,"3":1,"4":8,"5":8,"6":8,"7":8,"8":8,"9":1,"10":0,"11":1,"12":1,"13":1,"14":0,"15":8},"f":{"0":9,"1":1,"2":1,"3":1,"4":0},"b":{"0":[1,8],"1":[9,9],"2":[8,8],"3":[0,1],"4":[1,1]}}
,"/Users/ks/Desktop/tryCatch/mitojs/packages/core/src/transformData.ts": {"path":"/Users/ks/Desktop/tryCatch/mitojs/packages/core/src/transformData.ts","statementMap":{"0":{"start":{"line":1,"column":0},"end":{"line":1,"column":71}},"1":{"start":{"line":2,"column":0},"end":{"line":2,"column":99}},"2":{"start":{"line":4,"column":0},"end":{"line":4,"column":39}},"3":{"start":{"line":5,"column":0},"end":{"line":5,"column":41}},"4":{"start":{"line":8,"column":16},"end":{"line":8,"column":18}},"5":{"start":{"line":9,"column":63},"end":{"line":9,"column":null}},"6":{"start":{"line":10,"column":18},"end":{"line":10,"column":35}},"7":{"start":{"line":11,"column":2},"end":{"line":16,"column":null}},"8":{"start":{"line":12,"column":4},"end":{"line":13,"column":null}},"9":{"start":{"line":15,"column":4},"end":{"line":15,"column":null}},"10":{"start":{"line":17,"column":2},"end":{"line":17,"column":null}},"11":{"start":{"line":18,"column":2},"end":{"line":37,"column":null}},"12":{"start":{"line":7,"column":0},"end":{"line":7,"column":16}},"13":{"start":{"line":40,"column":20},"end":{"line":43,"column":null}},"14":{"start":{"line":46,"column":2},"end":{"line":53,"column":null}},"15":{"start":{"line":45,"column":0},"end":{"line":45,"column":16}},"16":{"start":{"line":57,"column":2},"end":{"line":64,"column":null}},"17":{"start":{"line":58,"column":4},"end":{"line":63,"column":null}},"18":{"start":{"line":56,"column":0},"end":{"line":56,"column":16}}},"fnMap":{"0":{"name":"httpTransform","decl":{"start":{"line":7,"column":16},"end":{"line":7,"column":29}},"loc":{"start":{"line":7,"column":44},"end":{"line":38,"column":1}}},"1":{"name":"resourceTransform","decl":{"start":{"line":45,"column":16},"end":{"line":45,"column":33}},"loc":{"start":{"line":45,"column":61},"end":{"line":54,"column":1}}},"2":{"name":"handleConsole","decl":{"start":{"line":56,"column":16},"end":{"line":56,"column":29}},"loc":{"start":{"line":56,"column":58},"end":{"line":65,"column":1}}}},"branchMap":{"0":{"loc":{"start":{"line":11,"column":2},"end":{"line":16,"column":null}},"type":"if","locations":[{"start":{"line":11,"column":2},"end":{"line":16,"column":null}},{"start":{"line":11,"column":2},"end":{"line":16,"column":null}}]},"1":{"loc":{"start":{"line":13,"column":54},"end":{"line":13,"column":80}},"type":"cond-expr","locations":[{"start":{"line":13,"column":54},"end":{"line":13,"column":80}},{"start":{"line":13,"column":83},"end":{"line":13,"column":101}}]},"2":{"loc":{"start":{"line":17,"column":40},"end":{"line":17,"column":47}},"type":"cond-expr","locations":[{"start":{"line":17,"column":40},"end":{"line":17,"column":47}},{"start":{"line":17,"column":53},"end":{"line":17,"column":87}}]},"3":{"loc":{"start":{"line":31,"column":12},"end":{"line":31,"column":24}},"type":"binary-expr","locations":[{"start":{"line":31,"column":12},"end":{"line":31,"column":24}},{"start":{"line":31,"column":28},"end":{"line":31,"column":30}}]},"4":{"loc":{"start":{"line":49,"column":25},"end":{"line":49,"column":49}},"type":"binary-expr","locations":[{"start":{"line":49,"column":25},"end":{"line":49,"column":49}},{"start":{"line":49,"column":53},"end":{"line":49,"column":78}}]},"5":{"loc":{"start":{"line":52,"column":13},"end":{"line":52,"column":42}},"type":"binary-expr","locations":[{"start":{"line":52,"column":13},"end":{"line":52,"column":42}},{"start":{"line":52,"column":46},"end":{"line":52,"column":62}}]},"6":{"loc":{"start":{"line":57,"column":2},"end":{"line":64,"column":null}},"type":"if","locations":[{"start":{"line":57,"column":2},"end":{"line":64,"column":null}},{"start":{"line":57,"column":2},"end":{"line":64,"column":null}}]}},"s":{"0":8,"1":8,"2":8,"3":8,"4":7,"5":42,"6":7,"7":7,"8":4,"9":3,"10":7,"11":7,"12":8,"13":8,"14":1,"15":8,"16":0,"17":0,"18":8},"f":{"0":7,"1":1,"2":0},"b":{"0":[4,3],"1":[3,1],"2":[2,5],"3":[7,0],"4":[1,0],"5":[1,0],"6":[0,0]}}
,"/Users/ks/Desktop/tryCatch/mitojs/packages/core/src/transportData.ts": {"path":"/Users/ks/Desktop/tryCatch/mitojs/packages/core/src/transportData.ts","statementMap":{"0":{"start":{"line":1,"column":0},"end":{"line":1,"column":121}},"1":{"start":{"line":2,"column":0},"end":{"line":2,"column":41}},"2":{"start":{"line":3,"column":0},"end":{"line":3,"column":66}},"3":{"start":{"line":4,"column":0},"end":{"line":4,"column":41}},"4":{"start":{"line":5,"column":0},"end":{"line":5,"column":98}},"5":{"start":{"line":14,"column":0},"end":{"line":14,"column":13}},"6":{"start":{"line":21,"column":21},"end":{"line":21,"column":32}},"7":{"start":{"line":17,"column":2},"end":{"line":17,"column":null}},"8":{"start":{"line":18,"column":2},"end":{"line":18,"column":null}},"9":{"start":{"line":19,"column":2},"end":{"line":19,"column":null}},"10":{"start":{"line":20,"column":2},"end":{"line":20,"column":null}},"11":{"start":{"line":22,"column":4},"end":{"line":22,"column":null}},"12":{"start":{"line":27,"column":2},"end":{"line":33,"column":null}},"13":{"start":{"line":28,"column":23},"end":{"line":28,"column":38}},"14":{"start":{"line":29,"column":4},"end":{"line":31,"column":null}},"15":{"start":{"line":30,"column":6},"end":{"line":30,"column":null}},"16":{"start":{"line":32,"column":4},"end":{"line":32,"column":null}},"17":{"start":{"line":34,"column":8},"end":{"line":44,"column":null}},"18":{"start":{"line":35,"column":10},"end":{"line":35,"column":null}},"19":{"start":{"line":36,"column":4},"end":{"line":36,"column":null}},"20":{"start":{"line":36,"column":18},"end":{"line":36,"column":null}},"21":{"start":{"line":37,"column":4},"end":{"line":37,"column":null}},"22":{"start":{"line":38,"column":8},"end":{"line":38,"column":null}},"23":{"start":{"line":39,"column":8},"end":{"line":39,"column":15}},"24":{"start":{"line":40,"column":22},"end":{"line":40,"column":null}},"25":{"start":{"line":40,"column":6},"end":{"line":40,"column":null}},"26":{"start":{"line":41,"column":6},"end":{"line":41,"column":null}},"27":{"start":{"line":41,"column":26},"end":{"line":41,"column":null}},"28":{"start":{"line":43,"column":4},"end":{"line":43,"column":null}},"29":{"start":{"line":45,"column":8},"end":{"line":59,"column":null}},"30":{"start":{"line":46,"column":19},"end":{"line":46,"column":null}},"31":{"start":{"line":46,"column":10},"end":{"line":46,"column":null}},"32":{"start":{"line":47,"column":4},"end":{"line":47,"column":23}},"33":{"start":{"line":47,"column":17},"end":{"line":47,"column":23}},"34":{"start":{"line":48,"column":10},"end":{"line":57,"column":null}},"35":{"start":{"line":49,"column":18},"end":{"line":49,"column":38}},"36":{"start":{"line":50,"column":6},"end":{"line":50,"column":null}},"37":{"start":{"line":51,"column":6},"end":{"line":51,"column":null}},"38":{"start":{"line":52,"column":6},"end":{"line":52,"column":null}},"39":{"start":{"line":53,"column":6},"end":{"line":55,"column":null}},"40":{"start":{"line":54,"column":8},"end":{"line":54,"column":null}},"41":{"start":{"line":56,"column":6},"end":{"line":56,"column":null}},"42":{"start":{"line":58,"column":4},"end":{"line":58,"column":null}},"43":{"start":{"line":60,"column":8},"end":{"line":74,"column":null}},"44":{"start":{"line":61,"column":19},"end":{"line":61,"column":null}},"45":{"start":{"line":61,"column":10},"end":{"line":61,"column":null}},"46":{"start":{"line":62,"column":4},"end":{"line":62,"column":23}},"47":{"start":{"line":62,"column":17},"end":{"line":62,"column":23}},"48":{"start":{"line":63,"column":10},"end":{"line":72,"column":null}},"49":{"start":{"line":64,"column":6},"end":{"line":71,"column":null}},"50":{"start":{"line":73,"column":4},"end":{"line":73,"column":null}},"51":{"start":{"line":75,"column":2},"end":{"line":83,"column":null}},"52":{"start":{"line":76,"column":22},"end":{"line":76,"column":41}},"53":{"start":{"line":77,"column":4},"end":{"line":82,"column":null}},"54":{"start":{"line":84,"column":2},"end":{"line":86,"column":null}},"55":{"s
[...]
,"column":12},"end":{"line":2,"column":22}},"type":"binary-expr","locations":[{"start":{"line":2,"column":12},"end":{"line":2,"column":22}},{"start":{"line":2,"column":12},"end":{"line":2,"column":null}}]},"1":{"loc":{"start":{"line":40,"column":2},"end":{"line":42,"column":null}},"type":"if","locations":[{"start":{"line":40,"column":2},"end":{"line":42,"column":null}},{"start":{"line":40,"column":2},"end":{"line":42,"column":null}}]},"2":{"loc":{"start":{"line":44,"column":2},"end":{"line":61,"column":null}},"type":"if","locations":[{"start":{"line":44,"column":2},"end":{"line":61,"column":null}},{"start":{"line":44,"column":2},"end":{"line":61,"column":null}}]},"3":{"loc":{"start":{"line":44,"column":6},"end":{"line":44,"column":23}},"type":"binary-expr","locations":[{"start":{"line":44,"column":6},"end":{"line":44,"column":23}},{"start":{"line":44,"column":27},"end":{"line":44,"column":43}}]},"4":{"loc":{"start":{"line":46,"column":6},"end":{"line":47,"column":null}},"type":"switch","locations":[{"start":{"line":46,"column":6},"end":{"line":47,"column":null}},{"start":{"line":48,"column":6},"end":{"line":49,"column":null}},{"start":{"line":50,"column":6},"end":{"line":51,"column":null}},{"start":{"line":52,"column":6},"end":{"line":53,"column":null}},{"start":{"line":54,"column":6},"end":{"line":55,"column":null}},{"start":{"line":56,"column":6},"end":{"line":57,"column":null}},{"start":{"line":58,"column":6},"end":{"line":59,"column":null}}]},"5":{"loc":{"start":{"line":63,"column":2},"end":{"line":74,"column":null}},"type":"if","locations":[{"start":{"line":63,"column":2},"end":{"line":74,"column":null}},{"start":{"line":63,"column":2},"end":{"line":74,"column":null}}]},"6":{"loc":{"start":{"line":63,"column":6},"end":{"line":63,"column":23}},"type":"binary-expr","locations":[{"start":{"line":63,"column":6},"end":{"line":63,"column":23}},{"start":{"line":63,"column":27},"end":{"line":63,"column":43}}]},"7":{"loc":{"start":{"line":65,"column":6},"end":{"line":66,"column":null}},"type":"switch","locations":[{"start":{"line":65,"column":6},"end":{"line":66,"column":null}},{"start":{"line":67,"column":6},"end":{"line":68,"column":null}},{"start":{"line":69,"column":6},"end":{"line":70,"column":null}},{"start":{"line":71,"column":6},"end":{"line":72,"column":null}}]}},"s":{"0":16,"1":16,"2":16,"3":16,"4":16,"5":16,"6":16,"7":16,"8":16,"9":16,"10":16,"11":16,"12":16,"13":16,"14":16,"15":16,"16":16,"17":16,"18":19,"19":4,"20":15,"21":10,"22":1,"23":1,"24":1,"25":1,"26":1,"27":3,"28":2,"29":5,"30":4,"31":1,"32":1,"33":1,"34":1,"35":1,"36":16},"f":{"0":16,"1":19},"b":{"0":[16,16],"1":[4,15],"2":[10,5],"3":[15,15],"4":[1,1,1,1,1,3,2],"5":[4,1],"6":[5,5],"7":[1,1,1,1]}}
,"/Users/ks/Desktop/tryCatch/mitojs/packages/utils/src/index.ts": {"path":"/Users/ks/Desktop/tryCatch/mitojs/packages/utils/src/index.ts","statementMap":{"0":{"start":{"line":1,"column":0},"end":{"line":1,"column":25}},"1":{"start":{"line":2,"column":0},"end":{"line":2,"column":27}},"2":{"start":{"line":3,"column":0},"end":{"line":3,"column":25}},"3":{"start":{"line":4,"column":0},"end":{"line":4,"column":20}},"4":{"start":{"line":5,"column":0},"end":{"line":5,"column":24}},"5":{"start":{"line":6,"column":0},"end":{"line":6,"column":24}},"6":{"start":{"line":7,"column":0},"end":{"line":7,"column":23}},"7":{"start":{"line":8,"column":0},"end":{"line":8,"column":26}},"8":{"start":{"line":9,"column":0},"end":{"line":9,"column":22}},"9":{"start":{"line":10,"column":0},"end":{"line":10,"column":28}}},"fnMap":{},"branchMap":{},"s":{"0":16,"1":16,"2":16,"3":16,"4":16,"5":16,"6":16,"7":16,"8":16,"9":16},"f":{},"b":{}}
,"/Users/ks/Desktop/tryCatch/mitojs/packages/utils/src/is.ts": {"path":"/Users/ks/Desktop/tryCatch/mitojs/packages/utils/src/is.ts","statementMap":{"0":{"start":{"line":1,"column":13},"end":{"line":1,"column":null}},"1":{"start":{"line":3,"column":2},"end":{"line":5,"column":null}},"2":{"start":{"line":4,"column":4},"end":{"line":4,"column":null}},"3":{"start":{"line":12,"column":13},"end":{"line":24,"column":null}},"4":{"start":{"line":34,"column":2},"end":{"line":43,"column":null}},"5":{"start":{"line":36,"column":6},"end":{"line":36,"column":null}},"6":{"start":{"line":38,"column":6},"end":{"line":38,"column":null}},"7":{"start":{"line":40,"column":6},"end":{"line":40,"column":null}},"8":{"start":{"line":42,"column":6},"end":{"line":42,"column":null}},"9":{"start":{"line":33,"column":0},"end":{"line":33,"column":16}},"10":{"start":{"line":51,"column":2},"end":{"line":51,"column":null}},"11":{"start":{"line":50,"column":0},"end":{"line":50,"column":16}},"12":{"start":{"line":55,"column":2},"end":{"line":55,"column":null}},"13":{"start":{"line":54,"column":0},"end":{"line":54,"column":16}},"14":{"start":{"line":77,"column":2},"end":{"line":82,"column":null}},"15":{"start":{"line":79,"column":4},"end":{"line":79,"column":null}},"16":{"start":{"line":81,"column":4},"end":{"line":81,"column":null}},"17":{"start":{"line":76,"column":0},"end":{"line":76,"column":16}},"18":{"start":{"line":86,"column":2},"end":{"line":86,"column":null}},"19":{"start":{"line":85,"column":0},"end":{"line":85,"column":16}}},"fnMap":{"0":{"name":"isType","decl":{"start":{"line":2,"column":9},"end":{"line":2,"column":15}},"loc":{"start":{"line":2,"column":28},"end":{"line":6,"column":1}}},"1":{"name":"(anonymous_1)","decl":{"start":{"line":3,"column":9},"end":{"line":3,"column":19}},"loc":{"start":{"line":3,"column":29},"end":{"line":5,"column":3}}},"2":{"name":"isError","decl":{"start":{"line":33,"column":16},"end":{"line":33,"column":23}},"loc":{"start":{"line":33,"column":32},"end":{"line":44,"column":1}}},"3":{"name":"isEmptyObject","decl":{"start":{"line":50,"column":16},"end":{"line":50,"column":29}},"loc":{"start":{"line":50,"column":41},"end":{"line":52,"column":1}}},"4":{"name":"isEmpty","decl":{"start":{"line":54,"column":16},"end":{"line":54,"column":23}},"loc":{"start":{"line":54,"column":32},"end":{"line":56,"column":1}}},"5":{"name":"isInstanceOf","decl":{"start":{"line":76,"column":16},"end":{"line":76,"column":28}},"loc":{"start":{"line":76,"column":48},"end":{"line":83,"column":1}}},"6":{"name":"isExistProperty","decl":{"start":{"line":85,"column":16},"end":{"line":85,"column":31}},"loc":{"start":{"line":85,"column":74},"end":{"line":87,"column":1}}}},"branchMap":{"0":{"loc":{"start":{"line":35,"column":4},"end":{"line":36,"column":null}},"type":"switch","locations":[{"start":{"line":35,"column":4},"end":{"line":36,"column":null}},{"start":{"line":37,"column":4},"end":{"line":38,"column":null}},{"start":{"line":39,"column":4},"end":{"line":40,"column":null}},{"start":{"line":41,"column":4},"end":{"line":42,"column":null}}]},"1":{"loc":{"start":{"line":51,"column":9},"end":{"line":51,"column":44}},"type":"binary-expr","locations":[{"start":{"line":51,"column":9},"end":{"line":51,"column":44}},{"start":{"line":51,"column":48},"end":{"line":51,"column":77}}]},"2":{"loc":{"start":{"line":55,"column":10},"end":{"line":55,"column":45}},"type":"binary-expr","locations":[{"start":{"line":55,"column":10},"end":{"line":55,"column":45}},{"start":{"line":55,"column":49},"end":{"line":55,"column":66}},{"start":{"line":55,"column":71},"end":{"line":55,"column":88}},{"start":{"line":55,"column":92},"end":{"line":55,"column":104}}]}},"s":{"0":16,"1":176,"2":64,"3":16,"4":1,"5":0,"6":0,"7":0,"8":1,"9":16,"10":0,"11":16,"12":5,"13":16,"14":1,"15":1,"16":0,"17":16,"18":1,"19":16},"f":{"0":176,"1":64,"2":1,"3":0,"4":5,"5":1,"6":1},"b":{"0":[0,0,0,1],"1":[0,0],"2":[5,1,4,3]}}
,"/Users/ks/Desktop/tryCatch/mitojs/packages/utils/src/logger.ts": {"path":"/Users/ks/Desktop/tryCatch/mitojs/packages/utils/src/logger.ts","statementMap":{"0":{"start":{"line":1,"column":0},"end":{"line":1,"column":44}},"1":{"start":{"line":2,"column":15},"end":{"line":2,"column":28}},"2":{"start":{"line":4,"column":0},"end":{"line":4,"column":13}},"3":{"start":{"line":7,"column":2},"end":{"line":7,"column":null}},"4":{"start":{"line":5,"column":10},"end":{"line":5,"column":null}},"5":{"start":{"line":6,"column":10},"end":{"line":6,"column":null}},"6":{"start":{"line":8,"column":4},"end":{"line":8,"column":null}},"7":{"start":{"line":9,"column":4},"end":{"line":15,"column":null}},"8":{"start":{"line":10,"column":22},"end":{"line":10,"column":73}},"9":{"start":{"line":11,"column":6},"end":{"line":14,"column":null}},"10":{"start":{"line":12,"column":8},"end":{"line":12,"column":47}},"11":{"start":{"line":12,"column":41},"end":{"line":12,"column":47}},"12":{"start":{"line":13,"column":8},"end":{"line":13,"column":null}},"13":{"start":{"line":17,"column":2},"end":{"line":19,"column":null}},"14":{"start":{"line":18,"column":4},"end":{"line":18,"column":null}},"15":{"start":{"line":21,"column":2},"end":{"line":23,"column":null}},"16":{"start":{"line":22,"column":4},"end":{"line":22,"column":null}},"17":{"start":{"line":25,"column":2},"end":{"line":27,"column":null}},"18":{"start":{"line":26,"column":4},"end":{"line":26,"column":null}},"19":{"start":{"line":29,"column":2},"end":{"line":31,"column":null}},"20":{"start":{"line":30,"column":4},"end":{"line":30,"column":null}},"21":{"start":{"line":33,"column":2},"end":{"line":38,"column":null}},"22":{"start":{"line":33,"column":6},"end":{"line":33,"column":20}},"23":{"start":{"line":34,"column":4},"end":{"line":36,"column":null}},"24":{"start":{"line":35,"column":6},"end":{"line":35,"column":12}},"25":{"start":{"line":37,"column":4},"end":{"line":37,"column":49}},"26":{"start":{"line":39,"column":2},"end":{"line":44,"column":null}},"27":{"start":{"line":39,"column":7},"end":{"line":39,"column":21}},"28":{"start":{"line":40,"column":4},"end":{"line":42,"column":null}},"29":{"start":{"line":41,"column":6},"end":{"line":41,"column":12}},"30":{"start":{"line":43,"column":4},"end":{"line":43,"column":51}},"31":{"start":{"line":45,"column":2},"end":{"line":50,"column":null}},"32":{"start":{"line":45,"column":8},"end":{"line":45,"column":22}},"33":{"start":{"line":46,"column":4},"end":{"line":48,"column":null}},"34":{"start":{"line":47,"column":6},"end":{"line":47,"column":12}},"35":{"start":{"line":49,"column":4},"end":{"line":49,"column":53}},"36":{"start":{"line":51,"column":0},"end":{"line":51,"column":null}},"37":{"start":{"line":4,"column":13},"end":{"line":4,"column":19}},"38":{"start":{"line":52,"column":15},"end":{"line":52,"column":66}},"39":{"start":{"line":53,"column":9},"end":{"line":53,"column":15}}},"fnMap":{"0":{"name":"(anonymous_1)","decl":{"start":{"line":4,"column":0},"end":{"line":4,"column":13}},"loc":{"start":{"line":4,"column":0},"end":{"line":51,"column":null}}},"1":{"name":"Logger","decl":{"start":{"line":7,"column":2},"end":{"line":7,"column":null}},"loc":{"start":{"line":7,"column":2},"end":{"line":16,"column":3}}},"2":{"name":"(anonymous_3)","decl":{"start":{"line":11,"column":22},"end":{"line":11,"column":23}},"loc":{"start":{"line":11,"column":28},"end":{"line":14,"column":7}}},"3":{"name":"(anonymous_4)","decl":{"start":{"line":17,"column":2},"end":{"line":17,"column":9}},"loc":{"start":{"line":17,"column":2},"end":{"line":19,"column":3}}},"4":{"name":"(anonymous_5)","decl":{"start":{"line":21,"column":2},"end":{"line":21,"column":13}},"loc":{"start":{"line":21,"column":28},"end":{"line":23,"column":3}}},"5":{"name":"(anonymous_6)","decl":{"start":{"line":25,"column":2},"end":{"line":25,"column":8}},"loc":{"start":{"line":25,"column":2},"end":{"line":27,"column":3}}},"6":{"name":"(anonymous_7)","decl":{"start":{"line":29,"column":2},"end":{"line":29,"column":17}},"loc":{"start":{"line":29,"column":2},"end":{"line":31,"column":3}}},"7":{"name":"(anonymous_8)","decl":{"start":{"line":33,"column":2},"end":{"line":33,"column":5}},"loc":{"start":{"line":33,"column":2},"end":{"line":38,"column":3}}},"8":{"name":"(anonymous_9)","decl":{"start":{"line":39,"column":2},"end":{"line":39,"column":6}},"loc":{"start":{"line":39,"column":2},"end":{"line":44,"column":3}}},"9":{"name":"(anonymous_10)","decl":{"start":{"line":45,"column":2},"end":{"line":45,"column":7}},"loc":{"start":{"line":45,"column":2},"end":{"line":50,"column":3}}}},"branchMap":{"0":{"loc":{"start":{"line":8,"column":22},"end":{"line":8,"column":29}},"type":"binary-expr","locations":[{"start":{"line":8,"column":22},"end":{"line":8,"column":29}},{"start":{"line":8,"column":33},"end":{"line":8,"column":48}}]},"1":{"loc":{"start":{"line":9,"column":4},"end":{"line":15,"column":null}},"type":"if","locations":[{"start":{"line":9,"column":4},"end":{"line":15,"column":null}},{"start":{"line":9,"column":4},"end":{"line":15,"column":null}}]},"2":{"loc":{"start":{"line":9,"column":8},"end":{"line":9,"column":15}},"type":"binary-expr","locations":[{"start":{"line":9,"column":8},"end":{"line":9,"column":15}},{"start":{"line":9,"column":19},"end":{"line":9,"column":34}}]},"3":{"loc":{"start":{"line":12,"column":8},"end":{"line":12,"column":47}},"type":"if","locations":[{"start":{"line":12,"column":8},"end":{"line":12,"column":47}},{"start":{"line":12,"column":8},"end":{"line":12,"column":47}}]},"4":{"loc":{"start":{"line":22,"column":27},"end":{"line":22,"column":31}},"type":"cond-expr","locations":[{"start":{"line":22,"column":27},"end":{"line":22,"column":31}},{"start":{"line":22,"column":34},"end":{"line":22,"column":39}}]},"5":{"loc":{"start":{"line":34,"column":4},"end":{"line":36,"column":null}},"type":"if","locations":[{"start":{"line":34,"column":4},"end":{"line":36,"column":null}},{"start":{"line":34,"column":4},"end":{"line":36,"column":null}}]},"6":{"loc":{"start":{"line":40,"column":4},"end":{"line":42,"column":null}},"type":"if","locations":[{"start":{"line":40,"column":4},"end":{"line":42,"column":null}},{"start":{"line":40,"column":4},"end":{"line":42,"column":null}}]},"7":{"loc":{"start":{"line":46,"column":4},"end":{"line":48,"column":null}},"type":"if","locations":[{"start":{"line":46,"column":4},"end":{"line":48,"column":null}},{"start":{"line":46,"column":4},"end":{"line":48,"column":null}}]},"8":{"loc":{"start":{"line":52,"column":15},"end":{"line":52,"column":30}},"type":"binary-expr","locations":[{"start":{"line":52,"column":15},"end":{"line":52,"column":30}},{"start":{"line":52,"column":35},"end":{"line":52,"column":65}}]}},"s":{"0":16,"1":16,"2":16,"3":16,"4":16,"5":16,"6":16,"7":16,"8":16,"9":16,"10":96,"11":0,"12":96,"13":16,"14":1,"15":16,"16":2,"17":16,"18":1,"19":16,"20":3,"21":16,"22":75,"23":25,"24":25,"25":0,"26":16,"27":0,"28":0,"29":0,"30":0,"31":16,"32":6,"33":2,"34":2,"35":0,"36":16,"37":16,"38":16,"39":16},"f":{"0":16,"1":16,"2":96,"3":1,"4":2,"5":1,"6":3,"7":25,"8":0,"9":2},"b":{"0":[16,0],"1":[16,0],"2":[16,0],"3":[0,96],"4":[1,1],"5":[25,0],"6":[0,0],"7":[2,0],"8":[16,16]}}
,"/Users/ks/Desktop/tryCatch/mitojs/packages/utils/src/mini.ts": {"path":"/Users/ks/Desktop/tryCatch/mitojs/packages/utils/src/mini.ts","statementMap":{"0":{"start":{"line":2,"column":2},"end":{"line":2,"column":null}},"1":{"start":{"line":1,"column":0},"end":{"line":1,"column":16}}},"fnMap":{"0":{"name":"getAppId","decl":{"start":{"line":1,"column":16},"end":{"line":1,"column":24}},"loc":{"start":{"line":1,"column":24},"end":{"line":3,"column":1}}}},"branchMap":{},"s":{"0":0,"1":16},"f":{"0":0},"b":{}}
,"/Users/ks/Desktop/tryCatch/mitojs/packages/utils/src/queue.ts": {"path":"/Users/ks/Desktop/tryCatch/mitojs/packages/utils/src/queue.ts","statementMap":{"0":{"start":{"line":2,"column":0},"end":{"line":2,"column":34}},"1":{"start":{"line":3,"column":0},"end":{"line":3,"column":13}},"2":{"start":{"line":5,"column":10},"end":{"line":5,"column":null}},"3":{"start":{"line":6,"column":10},"end":{"line":6,"column":null}},"4":{"start":{"line":8,"column":4},"end":{"line":8,"column":39}},"5":{"start":{"line":8,"column":33},"end":{"line":8,"column":39}},"6":{"start":{"line":9,"column":4},"end":{"line":9,"column":null}},"7":{"start":{"line":11,"column":2},"end":{"line":22,"column":null}},"8":{"start":{"line":11,"column":2},"end":{"line":11,"column":7}},"9":{"start":{"line":12,"column":4},"end":{"line":12,"column":40}},"10":{"start":{"line":12,"column":34},"end":{"line":12,"column":40}},"11":{"start":{"line":13,"column":4},"end":{"line":16,"column":null}},"12":{"start":{"line":14,"column":6},"end":{"line":14,"column":null}},"13":{"start":{"line":15,"column":6},"end":{"line":15,"column":12}},"14":{"start":{"line":17,"column":4},"end":{"line":17,"column":null}},"15":{"start":{"line":18,"column":4},"end":{"line":21,"column":null}},"16":{"start":{"line":19,"column":6},"end":{"line":19,"column":null}},"17":{"start":{"line":20,"column":6},"end":{"line":20,"column":null}},"18":{"start":{"line":20,"column":28},"end":{"line":20,"column":46}},"19":{"start":{"line":23,"column":2},"end":{"line":25,"column":null}},"20":{"start":{"line":24,"column":4},"end":{"line":24,"column":null}},"21":{"start":{"line":26,"column":2},"end":{"line":28,"column":null}},"22":{"start":{"line":27,"column":4},"end":{"line":27,"column":null}},"23":{"start":{"line":29,"column":2},"end":{"line":36,"column":null}},"24":{"start":{"line":30,"column":17},"end":{"line":30,"column":36}},"25":{"start":{"line":31,"column":4},"end":{"line":31,"column":null}},"26":{"start":{"line":32,"column":4},"end":{"line":32,"column":null}},"27":{"start":{"line":33,"column":4},"end":{"line":35,"column":null}},"28":{"start":{"line":33,"column":17},"end":{"line":33,"column":18}},"29":{"start":{"line":34,"column":6},"end":{"line":34,"column":null}},"30":{"start":{"line":37,"column":0},"end":{"line":37,"column":null}},"31":{"start":{"line":3,"column":13},"end":{"line":3,"column":18}}},"fnMap":{"0":{"name":"(anonymous_0)","decl":{"start":{"line":3,"column":0},"end":{"line":3,"column":13}},"loc":{"start":{"line":3,"column":0},"end":{"line":37,"column":null}}},"1":{"name":"Queue","decl":{"start":{"line":7,"column":2},"end":{"line":7,"column":null}},"loc":{"start":{"line":7,"column":2},"end":{"line":10,"column":3}}},"2":{"name":"(anonymous_2)","decl":{"start":{"line":11,"column":2},"end":{"line":11,"column":7}},"loc":{"start":{"line":11,"column":19},"end":{"line":22,"column":3}}},"3":{"name":"(anonymous_3)","decl":{"start":{"line":20,"column":22},"end":{"line":20,"column":28}},"loc":{"start":{"line":20,"column":22},"end":{"line":20,"column":32}}},"4":{"name":"(anonymous_4)","decl":{"start":{"line":23,"column":2},"end":{"line":23,"column":7}},"loc":{"start":{"line":23,"column":2},"end":{"line":25,"column":3}}},"5":{"name":"(anonymous_5)","decl":{"start":{"line":26,"column":2},"end":{"line":26,"column":10}},"loc":{"start":{"line":26,"column":2},"end":{"line":28,"column":3}}},"6":{"name":"(anonymous_6)","decl":{"start":{"line":29,"column":2},"end":{"line":29,"column":12}},"loc":{"start":{"line":29,"column":2},"end":{"line":36,"column":3}}}},"branchMap":{"0":{"loc":{"start":{"line":8,"column":4},"end":{"line":8,"column":39}},"type":"if","locations":[{"start":{"line":8,"column":4},"end":{"line":8,"column":39}},{"start":{"line":8,"column":4},"end":{"line":8,"column":39}}]},"1":{"loc":{"start":{"line":12,"column":4},"end":{"line":12,"column":40}},"type":"if","locations":[{"start":{"line":12,"column":4},"end":{"line":12,"column":40}},{"start":{"line":12,"column":4},"end":{"line":12,"column":40}}]},"2":{"loc":{"start":{"line":13,"column":4},"end":{"line":16,"column":null}},"type":"if","locations":[{"start":{"line":13,"column":4},"end":{"line":16,"column":null}},{"start":{"line":13,"column":4},"end":{"line":16,"column":null}}]},"3":{"loc":{"start":{"line":18,"column":4},"end":{"line":21,"column":null}},"type":"if","locations":[{"start":{"line":18,"column":4},"end":{"line":21,"column":null}},{"start":{"line":18,"column":4},"end":{"line":21,"column":null}}]}},"s":{"0":16,"1":16,"2":9,"3":9,"4":9,"5":0,"6":9,"7":16,"8":4,"9":4,"10":0,"11":4,"12":0,"13":0,"14":4,"15":4,"16":3,"17":3,"18":3,"19":16,"20":2,"21":16,"22":2,"23":16,"24":3,"25":3,"26":3,"27":3,"28":3,"29":4,"30":16,"31":16},"f":{"0":16,"1":9,"2":4,"3":3,"4":2,"5":2,"6":3},"b":{"0":[0,9],"1":[0,4],"2":[0,4],"3":[3,1]}}
}
