TN:
SF:packages/browser/src/handleEvents.ts
FN:11,(anonymous_2)
FN:33,(anonymous_3)
FN:63,(anonymous_4)
FN:88,(anonymous_5)
FN:102,(anonymous_6)
FN:116,(anonymous_7)
FNF:6
FNH:1
FNDA:2,(anonymous_2)
FNDA:0,(anonymous_3)
FNDA:0,(anonymous_4)
FNDA:0,(anonymous_5)
FNDA:0,(anonymous_6)
FNDA:0,(anonymous_7)
DA:1,2
DA:2,2
DA:3,2
DA:7,2
DA:12,2
DA:13,2
DA:14,2
DA:20,2
DA:21,1
DA:27,1
DA:34,0
DA:35,0
DA:37,0
DA:38,0
DA:44,0
DA:47,0
DA:49,0
DA:50,0
DA:53,0
DA:54,0
DA:55,0
DA:61,0
DA:64,0
DA:65,0
DA:66,0
DA:67,0
DA:68,0
DA:69,0
DA:70,0
DA:72,0
DA:79,0
DA:89,0
DA:90,0
DA:91,0
DA:92,0
DA:103,0
DA:104,0
DA:105,0
DA:106,0
DA:117,0
DA:125,0
DA:126,0
DA:131,0
DA:137,0
DA:141,2
LF:45
LH:11
BRDA:12,0,0,2
BRDA:12,0,1,1
BRDA:12,0,2,1
BRDA:20,1,0,1
BRDA:20,1,1,1
BRDA:35,2,0,0
BRDA:35,2,1,0
BRDA:49,3,0,0
BRDA:49,3,1,0
BRDA:49,4,0,0
BRDA:49,4,1,0
BRDA:53,5,0,0
BRDA:53,5,1,0
BRDA:65,6,0,0
BRDA:65,6,1,0
BRDA:68,7,0,0
BRDA:68,7,1,0
BRDA:96,8,0,0
BRDA:96,8,1,0
BRDA:97,9,0,0
BRDA:97,9,1,0
BRDA:125,10,0,0
BRDA:125,10,1,0
BRF:23
BRH:5
end_of_record
TN:
SF:packages/browser/src/index.ts
FN:19,(anonymous_4)
FN:19,(anonymous_5)
FN:19,(anonymous_6)
FN:9,webInit
FN:15,init
FNF:5
FNH:2
FNDA:0,(anonymous_4)
FNDA:0,(anonymous_5)
FNDA:0,(anonymous_6)
FNDA:1,webInit
FNDA:1,init
DA:1,2
DA:2,2
DA:3,2
DA:4,2
DA:5,2
DA:6,2
DA:7,2
DA:9,1
DA:10,1
DA:11,1
DA:12,1
DA:15,1
DA:16,1
DA:19,2
LF:14
LH:14
BRDA:9,0,0,0
BRDA:9,0,1,1
BRDA:10,1,0,0
BRDA:10,1,1,1
BRDA:10,2,0,1
BRDA:10,2,1,1
BRDA:15,3,0,0
BRDA:15,3,1,1
BRF:8
BRH:5
end_of_record
TN:
SF:packages/browser/src/load.ts
FN:6,setupReplace
FN:8,(anonymous_1)
FN:14,(anonymous_2)
FN:20,(anonymous_3)
FN:26,(anonymous_4)
FN:32,(anonymous_5)
FN:39,(anonymous_6)
FN:45,(anonymous_7)
FN:59,(anonymous_8)
FNF:9
FNH:1
FNDA:1,setupReplace
FNDA:0,(anonymous_1)
FNDA:0,(anonymous_2)
FNDA:0,(anonymous_3)
FNDA:0,(anonymous_4)
FNDA:0,(anonymous_5)
FNDA:0,(anonymous_6)
FNDA:0,(anonymous_7)
FNDA:0,(anonymous_8)
DA:1,2
DA:2,2
DA:3,2
DA:4,2
DA:5,2
DA:6,2
DA:7,1
DA:9,0
DA:13,1
DA:15,0
DA:19,1
DA:21,0
DA:25,1
DA:27,0
DA:31,1
DA:33,0
DA:38,1
DA:40,0
DA:44,1
DA:46,0
DA:47,0
DA:48,0
DA:58,1
DA:60,0
LF:24
LH:14
BRDA:47,0,0,0
BRDA:47,0,1,0
BRF:2
BRH:0
end_of_record
TN:
SF:packages/browser/src/replace.ts
FN:8,isFilterHttpUrl
FN:12,replace
FN:43,addReplaceHandler
FN:48,xhrReplace
FN:56,(anonymous_6)
FN:57,(anonymous_7)
FN:85,(anonymous_8)
FN:86,(anonymous_9)
FN:88,(anonymous_10)
FN:93,(anonymous_11)
FN:112,fetchReplace
FN:116,(anonymous_13)
FN:117,(anonymous_14)
FN:130,(anonymous_15)
FN:141,(anonymous_16)
FN:151,(anonymous_17)
FN:159,(anonymous_18)
FN:178,listenHashchange
FN:180,(anonymous_20)
FN:186,listenError
FN:190,(anonymous_22)
FN:197,consoleReplace
FN:202,(anonymous_24)
FN:204,(anonymous_25)
FN:205,(anonymous_26)
FN:217,historyReplace
FN:220,(anonymous_28)
FN:229,historyReplaceFn
FN:230,(anonymous_30)
FN:248,unhandledrejectionReplace
FN:249,(anonymous_32)
FN:255,domReplace
FN:260,(anonymous_34)
FNF:33
FNH:14
FNDA:0,isFilterHttpUrl
FNDA:7,replace
FNDA:8,addReplaceHandler
FNDA:1,xhrReplace
FNDA:1,(anonymous_6)
FNDA:0,(anonymous_7)
FNDA:1,(anonymous_8)
FNDA:0,(anonymous_9)
FNDA:0,(anonymous_10)
FNDA:0,(anonymous_11)
FNDA:1,fetchReplace
FNDA:0,(anonymous_13)
FNDA:0,(anonymous_14)
FNDA:0,(anonymous_15)
FNDA:0,(anonymous_16)
FNDA:0,(anonymous_17)
FNDA:0,(anonymous_18)
FNDA:1,listenHashchange
FNDA:0,(anonymous_20)
FNDA:1,listenError
FNDA:0,(anonymous_22)
FNDA:1,consoleReplace
FNDA:6,(anonymous_24)
FNDA:6,(anonymous_25)
FNDA:0,(anonymous_26)
FNDA:1,historyReplace
FNDA:0,(anonymous_28)
FNDA:2,historyReplaceFn
FNDA:0,(anonymous_30)
FNDA:1,unhandledrejectionReplace
FNDA:0,(anonymous_32)
FNDA:0,domReplace
FNDA:0,(anonymous_34)
DA:1,2
DA:2,2
DA:3,2
DA:4,2
DA:6,2
DA:9,0
DA:13,7
DA:15,1
DA:16,1
DA:18,1
DA:19,1
DA:21,1
DA:22,1
DA:24,1
DA:25,1
DA:27,1
DA:28,1
DA:30,1
DA:31,1
DA:33,0
DA:34,0
DA:36,1
DA:37,1
DA:39,0
DA:43,2
DA:44,8
DA:45,7
DA:49,1
DA:50,0
DA:52,1
DA:53,1
DA:57,1
DA:58,0
DA:78,0
DA:82,1
DA:86,1
DA:87,0
DA:88,0
DA:89,0
DA:90,0
DA:92,0
DA:93,0
DA:94,0
DA:95,0
DA:96,0
DA:97,0
DA:98,0
DA:99,0
DA:100,0
DA:101,0
DA:103,0
DA:104,0
DA:106,0
DA:113,1
DA:114,1
DA:116,0
DA:117,0
DA:118,0
DA:119,0
DA:120,0
DA:126,0
DA:127,0
DA:130,0
DA:131,0
DA:132,0
DA:134,0
DA:135,0
DA:140,0
DA:142,0
DA:143,0
DA:144,0
DA:151,0
DA:152,0
DA:153,0
DA:154,0
DA:155,0
DA:157,0
DA:160,0
DA:161,0
DA:162,0
DA:163,0
DA:170,0
DA:171,0
DA:179,1
DA:180,0
DA:181,0
DA:187,1
DA:191,0
DA:198,1
DA:199,0
DA:201,1
DA:202,1
DA:203,6
DA:204,6
DA:205,6
DA:206,0
DA:207,0
DA:208,0
DA:216,2
DA:218,1
DA:219,1
DA:220,1
DA:221,0
DA:222,0
DA:223,0
DA:227,0
DA:230,2
DA:231,0
DA:232,0
DA:233,0
DA:234,0
DA:235,0
DA:236,0
DA:241,0
DA:244,1
DA:245,1
DA:249,1
DA:251,0
DA:256,0
DA:257,0
DA:261,0
LF:121
LH:47
BRDA:9,0,0,0
BRDA:9,0,1,0
BRDA:14,1,0,1
BRDA:14,1,1,1
BRDA:14,1,2,1
BRDA:14,1,3,1
BRDA:14,1,4,1
BRDA:14,1,5,1
BRDA:14,1,6,0
BRDA:14,1,7,1
BRDA:14,1,8,0
BRDA:44,2,0,1
BRDA:44,2,1,7
BRDA:49,3,0,0
BRDA:49,3,1,1
BRDA:59,4,0,0
BRDA:59,4,1,0
BRDA:92,5,0,0
BRDA:92,5,1,0
BRDA:94,6,0,0
BRDA:94,6,1,0
BRDA:94,7,0,0
BRDA:94,7,1,0
BRDA:94,7,2,0
BRDA:100,8,0,0
BRDA:100,8,1,0
BRDA:101,9,0,0
BRDA:101,9,1,0
BRDA:113,10,0,1
BRDA:113,10,1,0
BRDA:117,11,0,0
BRDA:117,11,1,0
BRDA:119,12,0,0
BRDA:119,12,1,0
BRDA:119,12,2,0
BRDA:123,13,0,0
BRDA:123,13,1,0
BRDA:126,14,0,0
BRDA:126,14,1,0
BRDA:134,15,0,0
BRDA:134,15,1,0
BRDA:152,16,0,0
BRDA:152,16,1,0
BRDA:152,17,0,0
BRDA:152,17,1,0
BRDA:153,18,0,0
BRDA:153,18,1,0
BRDA:154,19,0,0
BRDA:154,19,1,0
BRDA:161,20,0,0
BRDA:161,20,1,0
BRDA:161,21,0,0
BRDA:161,21,1,0
BRDA:162,22,0,0
BRDA:162,22,1,0
BRDA:179,23,0,0
BRDA:179,23,1,1
BRDA:198,24,0,0
BRDA:198,24,1,1
BRDA:203,25,0,0
BRDA:203,25,1,6
BRDA:206,26,0,0
BRDA:206,26,1,0
BRDA:218,27,0,0
BRDA:218,27,1,1
BRDA:227,28,0,0
BRDA:227,28,1,0
BRDA:231,29,0,0
BRDA:231,29,1,0
BRDA:232,30,0,0
BRDA:232,30,1,0
BRDA:256,31,0,0
BRDA:256,31,1,0
BRF:73
BRH:15
end_of_record
TN:
SF:packages/core/src/breadcrumb.ts
FN:5,(anonymous_0)
FN:9,Breadcrumb
FN:16,(anonymous_2)
FN:22,(anonymous_3)
FN:31,(anonymous_4)
FN:39,(anonymous_5)
FN:42,(anonymous_6)
FN:45,(anonymous_7)
FN:48,(anonymous_8)
FN:79,(anonymous_9)
FNF:10
FNH:10
FNDA:8,(anonymous_0)
FNDA:8,Breadcrumb
FNDA:26,(anonymous_2)
FNDA:2,(anonymous_3)
FNDA:25,(anonymous_4)
FNDA:4,(anonymous_5)
FNDA:5,(anonymous_6)
FNDA:9,(anonymous_7)
FNDA:16,(anonymous_8)
FNDA:3,(anonymous_9)
DA:1,8
DA:2,8
DA:5,8
DA:6,8
DA:7,8
DA:8,8
DA:16,26
DA:17,26
DA:18,2
DA:21,2
DA:22,2
DA:23,2
DA:25,2
DA:26,1
DA:27,1
DA:29,24
DA:31,8
DA:32,25
DA:33,25
DA:34,4
DA:36,25
DA:37,25
DA:39,8
DA:40,4
DA:42,8
DA:43,5
DA:45,8
DA:46,9
DA:48,8
DA:49,16
DA:52,4
DA:57,2
DA:60,3
DA:69,0
DA:76,7
DA:79,8
DA:80,6
DA:81,3
DA:82,3
DA:84,8
DA:85,8
DA:86,8
LF:42
LH:41
BRDA:17,0,0,2
BRDA:17,0,1,24
BRDA:25,1,0,1
BRDA:25,1,1,1
BRDA:33,2,0,4
BRDA:33,2,1,21
BRDA:50,3,0,2
BRDA:50,3,1,4
BRDA:50,3,2,1
BRDA:50,3,3,2
BRDA:50,3,4,2
BRDA:50,3,5,2
BRDA:50,3,6,3
BRDA:50,3,7,3
BRDA:50,3,8,0
BRDA:50,3,9,0
BRDA:50,3,10,0
BRDA:50,3,11,0
BRDA:50,3,12,0
BRDA:50,3,13,0
BRDA:50,3,14,0
BRDA:50,3,15,0
BRDA:50,3,16,2
BRDA:50,3,17,4
BRDA:50,3,18,5
BRDA:50,3,19,6
BRDA:50,3,20,7
BRDA:50,3,21,7
BRDA:79,4,0,0
BRDA:79,4,1,3
BRDA:81,5,0,3
BRDA:81,5,1,2
BRDA:82,6,0,3
BRDA:82,6,1,1
BRDA:85,7,0,8
BRDA:85,7,1,8
BRF:36
BRH:27
end_of_record
TN:
SF:packages/core/src/errorId.ts
FN:9,createErrorId
FN:48,generatePromiseErrorId
FN:60,objectOrder
FN:61,(anonymous_3)
FN:64,(anonymous_4)
FN:90,getRealPath
FN:98,getFlutterRealOrigin
FN:107,getFlutterRealPath
FN:116,getRealPageOrigin
FN:127,removeHashPath
FN:131,hashCode
FNF:11
FNH:9
FNDA:13,createErrorId
FNDA:2,generatePromiseErrorId
FNDA:2,objectOrder
FNDA:0,(anonymous_3)
FNDA:0,(anonymous_4)
FNDA:18,getRealPath
FNDA:2,getFlutterRealOrigin
FNDA:3,getFlutterRealPath
FNDA:2,getRealPageOrigin
FNDA:3,removeHashPath
FNDA:13,hashCode
DA:1,8
DA:2,8
DA:4,8
DA:9,8
DA:11,13
DA:13,5
DA:14,5
DA:18,0
DA:19,0
DA:21,6
DA:22,6
DA:24,2
DA:25,2
DA:27,0
DA:28,0
DA:30,13
DA:31,13
DA:32,3
DA:34,10
DA:35,2
DA:37,8
DA:40,10
DA:49,2
DA:50,2
DA:51,1
DA:53,1
DA:61,2
DA:62,0
DA:65,0
DA:66,0
DA:68,0
DA:70,0
DA:73,2
DA:74,2
DA:75,0
DA:76,0
DA:77,0
DA:80,0
DA:90,8
DA:91,18
DA:98,8
DA:100,2
DA:107,8
DA:109,3
DA:116,8
DA:117,2
DA:118,2
DA:119,1
DA:121,1
DA:122,0
DA:124,1
DA:127,8
DA:128,3
DA:132,13
DA:133,13
DA:134,13
DA:135,510
DA:136,510
DA:137,510
DA:139,13
LF:60
LH:46
BRDA:12,0,0,5
BRDA:12,0,1,0
BRDA:12,0,2,0
BRDA:12,0,3,0
BRDA:12,0,4,6
BRDA:12,0,5,2
BRDA:12,0,6,0
BRDA:31,1,0,3
BRDA:31,1,1,10
BRDA:34,2,0,2
BRDA:34,2,1,8
BRDA:50,3,0,1
BRDA:50,3,1,1
BRDA:65,4,0,0
BRDA:65,4,1,0
BRDA:74,5,0,0
BRDA:74,5,1,2
BRDA:118,6,0,1
BRDA:118,6,1,1
BRDA:121,7,0,0
BRDA:121,7,1,1
BRDA:133,8,0,0
BRDA:133,8,1,13
BRF:23
BRH:14
end_of_record
TN:
SF:packages/core/src/external.ts
FN:20,log
FNF:1
FNH:1
FNDA:1,log
DA:1,8
DA:2,8
DA:3,8
DA:4,8
DA:20,8
DA:21,1
DA:22,1
DA:23,0
DA:25,1
DA:35,1
DA:41,1
LF:11
LH:10
BRDA:20,0,0,0
BRDA:20,0,1,1
BRDA:20,1,0,0
BRDA:20,1,1,1
BRDA:20,2,0,0
BRDA:20,2,1,1
BRDA:20,3,0,1
BRDA:20,3,1,0
BRDA:22,4,0,0
BRDA:22,4,1,1
BRDA:32,5,0,0
BRDA:32,5,1,1
BRF:12
BRH:6
end_of_record
TN:
SF:packages/core/src/index.ts
FNF:0
FNH:0
DA:1,8
DA:2,8
DA:3,8
DA:4,8
DA:5,8
DA:6,8
DA:7,8
DA:8,8
LF:8
LH:8
BRF:0
BRH:0
end_of_record
TN:
SF:packages/core/src/options.ts
FN:5,(anonymous_0)
FN:12,Options
FN:15,(anonymous_2)
FN:28,setTraceId
FN:36,initOptions
FNF:5
FNH:5
FNDA:8,(anonymous_0)
FNDA:8,Options
FNDA:2,(anonymous_2)
FNDA:2,setTraceId
FNDA:1,initOptions
DA:2,8
DA:3,8
DA:4,8
DA:5,8
DA:11,8
DA:13,8
DA:15,8
DA:16,10
DA:17,2
DA:18,2
DA:19,2
DA:20,2
DA:21,2
DA:24,8
DA:26,8
DA:28,8
DA:29,4
DA:30,2
DA:31,1
DA:32,1
DA:36,8
DA:37,1
DA:38,1
DA:39,1
DA:40,1
DA:41,1
DA:44,8
LF:27
LH:27
BRDA:15,0,0,0
BRDA:15,0,1,2
BRDA:17,1,0,2
BRDA:17,1,1,0
BRDA:18,2,0,2
BRDA:18,2,1,1
BRDA:19,3,0,2
BRDA:19,3,1,0
BRDA:20,4,0,2
BRDA:20,4,1,0
BRDA:21,5,0,2
BRDA:21,5,1,1
BRDA:26,6,0,8
BRDA:26,6,1,8
BRDA:30,7,0,1
BRDA:30,7,1,1
BRDA:30,8,0,2
BRDA:30,8,1,2
BRDA:30,8,2,2
BRDA:36,9,0,0
BRDA:36,9,1,1
BRF:21
BRH:16
end_of_record
TN:
SF:packages/core/src/subscribe.ts
FN:12,subscribeEvent
FN:20,triggerHandlers
FN:22,(anonymous_2)
FN:24,(anonymous_3)
FN:27,(anonymous_4)
FNF:5
FNH:4
FNDA:9,subscribeEvent
FNDA:1,triggerHandlers
FNDA:1,(anonymous_2)
FNDA:1,(anonymous_3)
FNDA:0,(anonymous_4)
DA:2,8
DA:10,8
DA:12,8
DA:13,9
DA:14,8
DA:15,8
DA:16,8
DA:17,8
DA:20,8
DA:21,1
DA:22,1
DA:23,1
DA:25,1
DA:28,0
LF:14
LH:13
BRDA:13,0,0,1
BRDA:13,0,1,8
BRDA:13,1,0,9
BRDA:13,1,1,9
BRDA:15,2,0,8
BRDA:15,2,1,8
BRDA:21,3,0,0
BRDA:21,3,1,1
BRDA:21,4,0,1
BRDA:21,4,1,1
BRF:10
BRH:9
end_of_record
TN:
SF:packages/core/src/transformData.ts
FN:7,httpTransform
FN:44,resourceTransform
FN:55,handleConsole
FNF:3
FNH:2
FNDA:7,httpTransform
FNDA:1,resourceTransform
FNDA:0,handleConsole
DA:1,8
DA:2,8
DA:4,8
DA:5,8
DA:7,8
DA:8,7
DA:9,42
DA:10,7
DA:11,7
DA:12,4
DA:14,3
DA:16,7
DA:17,7
DA:39,8
DA:44,8
DA:45,1
DA:55,8
DA:56,0
DA:57,0
LF:19
LH:17
BRDA:11,0,0,4
BRDA:11,0,1,3
BRDA:12,1,0,3
BRDA:12,1,1,1
BRDA:16,2,0,2
BRDA:16,2,1,5
BRDA:30,3,0,7
BRDA:30,3,1,0
BRDA:48,4,0,1
BRDA:48,4,1,0
BRDA:51,5,0,1
BRDA:51,5,1,0
BRDA:56,6,0,0
BRDA:56,6,1,0
BRF:14
BRH:9
end_of_record
TN:
SF:packages/core/src/transportData.ts
FN:14,(anonymous_13)
FN:21,TransportData
FN:27,(anonymous_15)
FN:34,(anonymous_16)
FN:45,(anonymous_19)
FN:48,(anonymous_22)
FN:60,(anonymous_23)
FN:63,(anonymous_26)
FN:75,(anonymous_27)
FN:84,(anonymous_28)
FN:87,(anonymous_29)
FN:98,(anonymous_30)
FN:106,(anonymous_31)
FN:109,(anonymous_32)
FN:117,(anonymous_33)
FNF:15
FNH:11
FNDA:8,(anonymous_13)
FNDA:8,TransportData
FNDA:2,(anonymous_15)
FNDA:2,(anonymous_16)
FNDA:2,(anonymous_19)
FNDA:2,(anonymous_22)
FNDA:0,(anonymous_23)
FNDA:0,(anonymous_26)
FNDA:2,(anonymous_27)
FNDA:0,(anonymous_28)
FNDA:2,(anonymous_29)
FNDA:2,(anonymous_30)
FNDA:0,(anonymous_31)
FNDA:1,(anonymous_32)
FNDA:2,(anonymous_33)
DA:1,8
DA:2,8
DA:3,8
DA:4,8
DA:5,8
DA:14,8
DA:17,8
DA:18,8
DA:19,8
DA:20,8
DA:21,8
DA:22,8
DA:27,8
DA:28,2
DA:29,2
DA:30,0
DA:32,2
DA:34,8
DA:35,2
DA:36,2
DA:37,2
DA:38,2
DA:39,4
DA:40,0
DA:41,0
DA:43,2
DA:45,8
DA:46,2
DA:47,2
DA:48,2
DA:49,2
DA:50,2
DA:51,2
DA:52,2
DA:53,2
DA:54,0
DA:56,2
DA:58,2
DA:60,8
DA:61,0
DA:62,0
DA:63,0
DA:64,0
DA:73,0
DA:75,8
DA:76,2
DA:77,2
DA:84,8
DA:85,0
DA:87,8
DA:88,2
DA:89,0
DA:90,0
DA:91,0
DA:93,0
DA:96,2
DA:98,8
DA:99,2
DA:106,8
DA:107,0
DA:109,8
DA:110,5
DA:111,1
DA:112,1
DA:113,1
DA:114,1
DA:115,1
DA:117,8
DA:118,2
DA:119,2
DA:121,0
DA:122,0
DA:125,8
DA:126,8
DA:127,8
LF:75
LH:58
BRDA:29,0,0,0
BRDA:29,0,1,2
BRDA:29,1,0,2
BRDA:29,1,1,0
BRDA:29,1,2,0
BRDA:43,2,0,2
BRDA:36,3,0,0
BRDA:36,3,1,2
BRDA:39,4,0,2
BRDA:39,4,1,0
BRDA:41,5,0,0
BRDA:41,5,1,0
BRDA:46,6,0,2
BRDA:47,7,0,0
BRDA:47,7,1,2
BRDA:53,8,0,0
BRDA:53,8,1,2
BRDA:61,9,0,0
BRDA:62,10,0,0
BRDA:62,10,1,0
BRDA:88,11,0,0
BRDA:88,11,1,2
BRDA:90,12,0,0
BRDA:90,12,1,0
BRDA:90,13,0,0
BRDA:90,13,1,0
BRDA:109,14,0,0
BRDA:109,14,1,1
BRDA:111,15,0,1
BRDA:111,15,1,0
BRDA:112,16,0,1
BRDA:112,16,1,0
BRDA:113,17,0,1
BRDA:113,17,1,0
BRDA:114,18,0,1
BRDA:114,18,1,0
BRDA:115,19,0,1
BRDA:115,19,1,0
BRDA:118,20,0,2
BRDA:118,20,1,0
BRDA:121,21,0,0
BRDA:121,21,1,0
BRDA:126,22,0,8
BRDA:126,22,1,8
BRF:44
BRH:18
end_of_record
TN:
SF:packages/shared/src/config.ts
FNF:0
FNH:0
DA:1,16
DA:2,16
DA:3,16
LF:3
LH:3
BRF:0
BRH:0
end_of_record
TN:
SF:packages/shared/src/constant.ts
FN:5,(anonymous_2)
FN:18,(anonymous_3)
FN:27,(anonymous_4)
FN:35,(anonymous_5)
FN:57,(anonymous_6)
FN:88,(anonymous_7)
FN:98,(anonymous_8)
FN:113,(anonymous_9)
FN:118,(anonymous_10)
FNF:9
FNH:9
FNDA:16,(anonymous_2)
FNDA:16,(anonymous_3)
FNDA:16,(anonymous_4)
FNDA:16,(anonymous_5)
FNDA:16,(anonymous_6)
FNDA:16,(anonymous_7)
FNDA:16,(anonymous_8)
FNDA:16,(anonymous_9)
FNDA:16,(anonymous_10)
DA:5,16
DA:6,16
DA:7,16
DA:8,16
DA:9,16
DA:10,16
DA:11,16
DA:12,16
DA:13,16
DA:14,16
DA:15,16
DA:18,16
DA:19,16
DA:20,16
DA:21,16
DA:22,16
DA:23,16
DA:24,16
DA:27,16
DA:28,16
DA:29,16
DA:30,16
DA:31,16
DA:32,16
DA:35,16
DA:36,16
DA:37,16
DA:38,16
DA:39,16
DA:40,16
DA:41,16
DA:46,16
DA:57,16
DA:58,16
DA:59,16
DA:60,16
DA:61,16
DA:62,16
DA:63,16
DA:64,16
DA:65,16
DA:66,16
DA:67,16
DA:69,16
DA:71,16
DA:72,16
DA:73,16
DA:74,16
DA:75,16
DA:76,16
DA:77,16
DA:78,16
DA:81,16
DA:82,16
DA:88,16
DA:89,16
DA:90,16
DA:91,16
DA:92,16
DA:93,16
DA:98,16
DA:99,16
DA:100,16
DA:101,16
DA:102,16
DA:103,16
DA:104,16
DA:105,16
DA:106,16
DA:107,16
DA:108,16
DA:110,16
DA:113,16
DA:114,16
DA:115,16
DA:118,16
DA:119,16
DA:120,16
DA:121,16
DA:124,16
DA:125,16
DA:129,16
LF:82
LH:82
BRDA:5,0,0,16
BRDA:5,0,1,16
BRDA:18,1,0,16
BRDA:18,1,1,16
BRDA:27,2,0,16
BRDA:27,2,1,16
BRDA:35,3,0,16
BRDA:35,3,1,16
BRDA:57,4,0,16
BRDA:57,4,1,16
BRDA:88,5,0,16
BRDA:88,5,1,16
BRDA:98,6,0,16
BRDA:98,6,1,16
BRDA:113,7,0,16
BRDA:113,7,1,16
BRDA:118,8,0,16
BRDA:118,8,1,16
BRF:18
BRH:18
end_of_record
TN:
SF:packages/shared/src/index.ts
FNF:0
FNH:0
DA:1,16
DA:2,16
LF:2
LH:2
BRF:0
BRH:0
end_of_record
TN:
SF:packages/types/src/index.ts
FNF:0
FNH:0
DA:1,8
DA:2,8
DA:3,8
DA:4,8
DA:5,8
LF:5
LH:5
BRF:0
BRH:0
end_of_record
TN:
SF:packages/types/src/options.ts
FN:8,(anonymous_0)
FNF:1
FNH:1
FNDA:8,(anonymous_0)
DA:8,8
DA:9,8
DA:10,8
DA:11,8
DA:12,8
LF:5
LH:5
BRDA:8,0,0,8
BRDA:8,0,1,8
BRF:2
BRH:2
end_of_record
TN:
SF:packages/utils/src/Severity.ts
FN:2,(anonymous_0)
FN:16,(anonymous_1)
FN:23,fromString
FNF:3
FNH:3
FNDA:16,(anonymous_0)
FNDA:16,(anonymous_1)
FNDA:13,fromString
DA:2,16
DA:3,16
DA:4,16
DA:5,16
DA:6,16
DA:7,16
DA:9,16
DA:10,16
DA:11,16
DA:12,16
DA:16,16
DA:23,16
DA:24,13
DA:26,1
DA:30,3
DA:33,2
DA:39,6
DA:41,1
LF:18
LH:18
BRDA:2,0,0,16
BRDA:2,0,1,16
BRDA:25,1,0,1
BRDA:25,1,1,1
BRDA:25,1,2,2
BRDA:25,1,3,3
BRDA:25,1,4,1
BRDA:25,1,5,2
BRDA:25,1,6,1
BRDA:25,1,7,2
BRDA:25,1,8,4
BRDA:25,1,9,5
BRDA:25,1,10,6
BRDA:25,1,11,1
BRDA:16,2,0,16
BRDA:16,2,1,0
BRF:16
BRH:15
end_of_record
TN:
SF:packages/utils/src/browser.ts
FN:11,htmlElementAsString
FN:27,parseUrlToObj
FN:55,setSilentFlag
FN:80,extractErrorStack
FNF:4
FNH:4
FNDA:2,htmlElementAsString
FNDA:2,parseUrlToObj
FNDA:1,setSilentFlag
FNDA:1,extractErrorStack
DA:1,16
DA:2,16
DA:3,16
DA:11,16
DA:12,2
DA:13,2
DA:14,1
DA:16,1
DA:17,1
DA:18,1
DA:19,1
DA:20,1
DA:27,16
DA:35,2
DA:36,1
DA:39,1
DA:41,1
DA:42,0
DA:45,1
DA:46,1
DA:47,1
DA:55,16
DA:56,1
DA:57,1
DA:58,1
DA:59,1
DA:60,1
DA:61,1
DA:62,1
DA:63,1
DA:64,1
DA:66,1
DA:67,1
DA:68,1
DA:70,1
DA:72,1
DA:80,16
DA:81,1
DA:88,1
DA:89,0
DA:92,1
DA:93,1
DA:94,1
DA:96,1
DA:97,1
DA:98,1
DA:99,1
DA:104,1
DA:105,8
DA:106,4
DA:107,4
DA:108,4
DA:110,0
DA:111,0
DA:112,0
DA:114,4
DA:121,4
DA:122,0
DA:129,4
DA:130,0
DA:131,0
DA:133,0
DA:134,0
DA:135,0
DA:136,0
DA:141,0
DA:143,0
DA:151,4
DA:154,4
DA:155,0
DA:158,4
DA:161,1
DA:162,0
DA:164,1
LF:74
LH:58
BRDA:13,0,0,1
BRDA:13,0,1,1
BRDA:17,1,0,1
BRDA:17,1,1,0
BRDA:18,2,0,1
BRDA:18,2,1,0
BRDA:20,3,0,1
BRDA:20,3,1,0
BRDA:35,4,0,1
BRDA:35,4,1,1
BRDA:41,5,0,0
BRDA:41,5,1,1
BRDA:45,6,0,1
BRDA:45,6,1,0
BRDA:46,7,0,1
BRDA:46,7,1,1
BRDA:55,8,0,0
BRDA:55,8,1,1
BRDA:88,9,0,0
BRDA:88,9,1,1
BRDA:88,10,0,1
BRDA:88,10,1,1
BRDA:105,11,0,4
BRDA:105,11,1,4
BRDA:106,12,0,4
BRDA:106,12,1,4
BRDA:107,13,0,4
BRDA:107,13,1,4
BRDA:108,14,0,0
BRDA:108,14,1,4
BRDA:108,15,0,4
BRDA:108,15,1,0
BRDA:115,16,0,4
BRDA:115,16,1,0
BRDA:116,17,0,4
BRDA:116,17,1,0
BRDA:117,18,0,0
BRDA:117,18,1,4
BRDA:118,19,0,3
BRDA:118,19,1,1
BRDA:119,20,0,3
BRDA:119,20,1,1
BRDA:121,21,0,0
BRDA:121,21,1,4
BRDA:124,22,0,0
BRDA:124,22,1,0
BRDA:127,23,0,0
BRDA:127,23,1,0
BRDA:129,24,0,0
BRDA:129,24,1,4
BRDA:130,25,0,0
BRDA:130,25,1,0
BRDA:131,26,0,0
BRDA:131,26,1,0
BRDA:131,27,0,0
BRDA:131,27,1,0
BRDA:136,28,0,0
BRDA:136,28,1,0
BRDA:136,29,0,0
BRDA:136,29,1,0
BRDA:136,29,2,0
BRDA:145,30,0,0
BRDA:145,30,1,0
BRDA:146,31,0,0
BRDA:146,31,1,0
BRDA:147,32,0,0
BRDA:147,32,1,0
BRDA:148,33,0,0
BRDA:148,33,1,0
BRDA:154,34,0,0
BRDA:154,34,1,4
BRDA:154,35,0,4
BRDA:154,35,1,0
BRDA:161,36,0,0
BRDA:161,36,1,1
BRF:75
BRH:35
end_of_record
TN:
SF:packages/utils/src/exception.ts
FN:8,nativeTryCatch
FNF:1
FNH:1
FNDA:3,nativeTryCatch
DA:8,16
DA:9,3
DA:10,3
DA:12,1
DA:13,1
DA:14,1
LF:6
LH:6
BRDA:13,0,0,1
BRDA:13,0,1,0
BRF:2
BRH:1
end_of_record
TN:
SF:packages/utils/src/global.ts
FN:32,getGlobal
FN:45,setFlag
FN:50,getFlag
FN:59,getGlobalMitoSupport
FN:64,supportsHistory
FNF:5
FNH:5
FNDA:17,getGlobal
FNDA:23,setFlag
FNDA:11,getFlag
FNDA:17,getGlobalMitoSupport
FNDA:1,supportsHistory
DA:4,16
DA:21,16
DA:23,16
DA:26,16
DA:32,16
DA:33,17
DA:34,0
DA:35,0
DA:38,16
DA:39,16
DA:41,16
DA:43,16
DA:44,16
DA:45,16
DA:46,23
DA:47,22
DA:50,16
DA:51,11
DA:59,16
DA:60,17
DA:61,17
DA:64,16
DA:68,1
DA:70,1
DA:71,1
DA:73,1
LF:26
LH:24
BRDA:21,0,0,16
BRDA:21,0,1,0
BRDA:24,1,0,16
BRDA:24,1,1,0
BRDA:24,2,0,0
BRDA:24,2,1,16
BRDA:24,3,0,0
BRDA:24,3,1,0
BRDA:26,4,0,16
BRDA:26,4,1,0
BRDA:33,5,0,17
BRDA:33,5,1,0
BRDA:34,6,0,0
BRDA:34,6,1,0
BRDA:35,7,0,0
BRDA:35,7,1,0
BRDA:43,8,0,16
BRDA:43,8,1,16
BRDA:46,9,0,1
BRDA:46,9,1,22
BRDA:51,10,0,2
BRDA:51,10,1,9
BRDA:60,11,0,17
BRDA:60,11,1,16
BRDA:70,12,0,1
BRDA:70,12,1,0
BRDA:70,12,2,0
BRDA:71,13,0,1
BRDA:71,13,1,1
BRDA:71,13,2,1
BRDA:73,14,0,1
BRDA:73,14,1,1
BRF:32
BRH:19
end_of_record
TN:
SF:packages/utils/src/helpers.ts
FN:6,getLocationHref
FN:24,on
FN:36,replaceOld
FN:66,getFunctionName
FN:103,(anonymous_4)
FN:105,(anonymous_5)
FN:109,(anonymous_6)
FN:119,getTimestamp
FN:123,typeofAny
FN:127,toStringAny
FN:131,validateOption
FN:137,toStringValidateOption
FN:143,slientConsoleScope
FN:149,generateUUID
FN:151,(anonymous_14)
FN:159,unknownToString
FN:169,getBigVersion
FN:173,isHttpFail
FN:182,setUrlQuery
FN:184,(anonymous_19)
FN:200,getCurrentRoute
FN:216,parseErrorString
FN:225,(anonymous_22)
FNF:23
FNH:19
FNDA:17,getLocationHref
FNDA:3,on
FNDA:11,replaceOld
FNDA:3,getFunctionName
FNDA:3,(anonymous_4)
FNDA:5,(anonymous_5)
FNDA:1,(anonymous_6)
FNDA:31,getTimestamp
FNDA:23,typeofAny
FNDA:10,toStringAny
FNDA:20,validateOption
FNDA:7,toStringValidateOption
FNDA:3,slientConsoleScope
FNDA:3,generateUUID
FNDA:93,(anonymous_14)
FNDA:7,unknownToString
FNDA:3,getBigVersion
FNDA:0,isHttpFail
FNDA:0,setUrlQuery
FNDA:0,(anonymous_19)
FNDA:0,getCurrentRoute
FNDA:1,parseErrorString
FNDA:3,(anonymous_22)
DA:2,16
DA:3,16
DA:4,16
DA:6,16
DA:7,17
DA:8,17
DA:24,16
DA:25,3
DA:36,22
DA:37,11
DA:38,11
DA:39,11
DA:40,11
DA:41,11
DA:60,16
DA:66,16
DA:67,3
DA:68,2
DA:70,1
DA:103,16
DA:104,3
DA:105,10
DA:106,5
DA:107,2
DA:108,2
DA:109,2
DA:110,1
DA:119,16
DA:120,31
DA:123,16
DA:124,23
DA:127,16
DA:128,10
DA:131,16
DA:132,20
DA:133,14
DA:134,14
DA:137,16
DA:138,7
DA:139,4
DA:140,4
DA:143,16
DA:144,3
DA:145,3
DA:146,3
DA:149,16
DA:150,3
DA:151,3
DA:152,93
DA:153,93
DA:154,93
DA:156,3
DA:159,16
DA:160,7
DA:161,3
DA:163,4
DA:164,1
DA:166,3
DA:169,16
DA:170,3
DA:173,16
DA:174,0
DA:182,16
DA:183,0
DA:184,0
DA:185,0
DA:187,0
DA:188,0
DA:190,0
DA:192,0
DA:200,16
DA:201,0
DA:202,0
DA:204,0
DA:205,0
DA:206,0
DA:208,0
DA:209,0
DA:216,16
DA:217,1
DA:218,1
DA:219,1
DA:220,1
DA:222,1
DA:223,1
DA:224,1
DA:225,1
DA:226,3
DA:227,3
DA:228,3
DA:230,3
DA:231,3
DA:232,3
DA:234,1
DA:237,3
DA:238,3
DA:239,3
DA:240,3
DA:248,1
LF:99
LH:84
BRDA:7,0,0,0
BRDA:7,0,1,17
BRDA:7,1,0,17
BRDA:7,1,1,17
BRDA:24,2,0,2
BRDA:24,2,1,1
BRDA:36,3,0,11
BRDA:36,3,1,0
BRDA:37,4,0,11
BRDA:37,4,1,0
BRDA:37,5,0,11
BRDA:37,5,1,0
BRDA:40,6,0,11
BRDA:40,6,1,0
BRDA:67,7,0,2
BRDA:67,7,1,1
BRDA:67,8,0,3
BRDA:67,8,1,2
BRDA:70,9,0,1
BRDA:70,9,1,0
BRDA:106,10,0,3
BRDA:106,10,1,2
BRDA:132,11,0,6
BRDA:132,11,1,14
BRDA:133,12,0,14
BRDA:133,12,1,1
BRDA:138,13,0,3
BRDA:138,13,1,4
BRDA:139,14,0,4
BRDA:139,14,1,1
BRDA:154,15,0,90
BRDA:154,15,1,3
BRDA:160,16,0,3
BRDA:160,16,1,4
BRDA:163,17,0,1
BRDA:163,17,1,3
BRDA:174,18,0,0
BRDA:174,18,1,0
BRDA:174,18,2,0
BRDA:187,19,0,0
BRDA:187,19,1,0
BRDA:201,20,0,0
BRDA:201,20,1,0
BRDA:205,21,0,0
BRDA:205,21,1,0
BRDA:218,22,0,0
BRDA:218,22,1,1
BRDA:219,23,0,1
BRDA:219,23,1,0
BRDA:232,24,0,1
BRDA:232,24,1,2
BRDA:237,25,0,2
BRDA:237,25,1,1
BRDA:237,26,0,3
BRDA:237,26,1,2
BRDA:238,27,0,3
BRDA:238,27,1,0
BRDA:238,28,0,3
BRDA:238,28,1,3
BRDA:242,29,0,3
BRDA:242,29,1,1
BRF:61
BRH:43
end_of_record
TN:
SF:packages/utils/src/httpStatus.ts
FN:2,(anonymous_0)
FN:39,fromHttpStatus
FNF:2
FNH:2
FNDA:16,(anonymous_0)
FNDA:19,fromHttpStatus
DA:2,16
DA:4,16
DA:6,16
DA:8,16
DA:10,16
DA:12,16
DA:14,16
DA:16,16
DA:18,16
DA:20,16
DA:22,16
DA:24,16
DA:26,16
DA:28,16
DA:30,16
DA:32,16
DA:34,16
DA:36,16
DA:39,16
DA:40,19
DA:41,4
DA:44,15
DA:45,10
DA:47,1
DA:49,1
DA:51,1
DA:53,1
DA:55,1
DA:57,3
DA:59,2
DA:63,5
DA:64,4
DA:66,1
DA:68,1
DA:70,1
DA:72,1
DA:76,1
LF:37
LH:37
BRDA:2,0,0,16
BRDA:2,0,1,16
BRDA:40,1,0,4
BRDA:40,1,1,15
BRDA:44,2,0,10
BRDA:44,2,1,5
BRDA:44,3,0,15
BRDA:44,3,1,15
BRDA:46,4,0,1
BRDA:46,4,1,1
BRDA:46,4,2,1
BRDA:46,4,3,1
BRDA:46,4,4,1
BRDA:46,4,5,3
BRDA:46,4,6,2
BRDA:63,5,0,4
BRDA:63,5,1,1
BRDA:63,6,0,5
BRDA:63,6,1,5
BRDA:65,7,0,1
BRDA:65,7,1,1
BRDA:65,7,2,1
BRDA:65,7,3,1
BRF:23
BRH:23
end_of_record
TN:
SF:packages/utils/src/index.ts
FNF:0
FNH:0
DA:1,16
DA:2,16
DA:3,16
DA:4,16
DA:5,16
DA:6,16
DA:7,16
DA:8,16
DA:9,16
DA:10,16
LF:10
LH:10
BRF:0
BRH:0
end_of_record
TN:
SF:packages/utils/src/is.ts
FN:2,isType
FN:3,(anonymous_1)
FN:33,isError
FN:50,isEmptyObject
FN:54,isEmpty
FN:76,isInstanceOf
FN:85,isExistProperty
FNF:7
FNH:6
FNDA:176,isType
FNDA:64,(anonymous_1)
FNDA:1,isError
FNDA:0,isEmptyObject
FNDA:5,isEmpty
FNDA:1,isInstanceOf
FNDA:1,isExistProperty
DA:1,16
DA:3,176
DA:4,64
DA:12,16
DA:33,16
DA:34,1
DA:36,0
DA:38,0
DA:40,0
DA:42,1
DA:50,16
DA:51,0
DA:54,16
DA:55,5
DA:76,16
DA:77,1
DA:79,1
DA:81,0
DA:85,16
DA:86,1
LF:20
LH:15
BRDA:35,0,0,0
BRDA:35,0,1,0
BRDA:35,0,2,0
BRDA:35,0,3,1
BRDA:51,1,0,0
BRDA:51,1,1,0
BRDA:55,2,0,5
BRDA:55,2,1,1
BRDA:55,2,2,4
BRDA:55,2,3,3
BRF:10
BRH:5
end_of_record
TN:
SF:packages/utils/src/logger.ts
FN:4,(anonymous_1)
FN:7,Logger
FN:11,(anonymous_3)
FN:17,(anonymous_4)
FN:21,(anonymous_5)
FN:25,(anonymous_6)
FN:29,(anonymous_7)
FN:33,(anonymous_8)
FN:39,(anonymous_9)
FN:45,(anonymous_10)
FNF:10
FNH:9
FNDA:16,(anonymous_1)
FNDA:16,Logger
FNDA:96,(anonymous_3)
FNDA:1,(anonymous_4)
FNDA:2,(anonymous_5)
FNDA:1,(anonymous_6)
FNDA:3,(anonymous_7)
FNDA:25,(anonymous_8)
FNDA:0,(anonymous_9)
FNDA:2,(anonymous_10)
DA:1,16
DA:2,16
DA:4,16
DA:5,16
DA:6,16
DA:7,16
DA:8,16
DA:9,16
DA:10,16
DA:11,16
DA:12,96
DA:13,96
DA:17,16
DA:18,1
DA:21,16
DA:22,2
DA:25,16
DA:26,1
DA:29,16
DA:30,3
DA:33,75
DA:34,25
DA:35,25
DA:37,0
DA:39,16
DA:40,0
DA:41,0
DA:43,0
DA:45,16
DA:46,2
DA:47,2
DA:49,0
DA:51,16
DA:52,16
DA:53,16
LF:35
LH:30
BRDA:8,0,0,16
BRDA:8,0,1,0
BRDA:9,1,0,16
BRDA:9,1,1,0
BRDA:9,2,0,16
BRDA:9,2,1,0
BRDA:12,3,0,0
BRDA:12,3,1,96
BRDA:22,4,0,1
BRDA:22,4,1,1
BRDA:34,5,0,25
BRDA:34,5,1,0
BRDA:40,6,0,0
BRDA:40,6,1,0
BRDA:46,7,0,2
BRDA:46,7,1,0
BRDA:52,8,0,16
BRDA:52,8,1,16
BRF:18
BRH:10
end_of_record
TN:
SF:packages/utils/src/mini.ts
FN:1,getAppId
FNF:1
FNH:0
FNDA:0,getAppId
DA:1,16
DA:2,0
LF:2
LH:1
BRF:0
BRH:0
end_of_record
TN:
SF:packages/utils/src/queue.ts
FN:3,(anonymous_0)
FN:7,Queue
FN:11,(anonymous_2)
FN:20,(anonymous_3)
FN:23,(anonymous_4)
FN:26,(anonymous_5)
FN:29,(anonymous_6)
FNF:7
FNH:7
FNDA:16,(anonymous_0)
FNDA:9,Queue
FNDA:4,(anonymous_2)
FNDA:3,(anonymous_3)
FNDA:2,(anonymous_4)
FNDA:2,(anonymous_5)
FNDA:3,(anonymous_6)
DA:2,16
DA:3,16
DA:5,9
DA:6,9
DA:8,9
DA:9,9
DA:11,16
DA:12,4
DA:13,4
DA:14,0
DA:15,0
DA:17,4
DA:18,4
DA:19,3
DA:20,3
DA:23,16
DA:24,2
DA:26,16
DA:27,2
DA:29,16
DA:30,3
DA:31,3
DA:32,3
DA:33,3
DA:34,4
DA:37,16
LF:26
LH:24
BRDA:8,0,0,0
BRDA:8,0,1,9
BRDA:12,1,0,0
BRDA:12,1,1,4
BRDA:13,2,0,0
BRDA:13,2,1,4
BRDA:18,3,0,3
BRDA:18,3,1,1
BRF:8
BRH:5
end_of_record
